#
# A fatal error has been detected by the Java Runtime Environment:
#
#  SIGBUS (0x7) at pc=0x00007f54612f5d3d, pid=16646, tid=140000440579840
#
# JRE version: OpenJDK Runtime Environment (7.0_95) (build 1.7.0_95-b00)
# Java VM: OpenJDK 64-Bit Server VM (24.95-b01 mixed mode linux-amd64 compressed oops)
# Derivative: IcedTea 2.6.4
# Distribution: Ubuntu Xenial Xerus (development branch), package 7u95-2.6.4-3
# Problematic frame:
# C  [libzip.so+0x4d3d]
#
# Failed to write core dump. Core dumps have been disabled. To enable core dumping, try "ulimit -c unlimited" before starting Java again
#
# If you would like to submit a bug report, please include
# instructions on how to reproduce the bug and visit:
#   http://icedtea.classpath.org/bugzilla
# The crash happened outside the Java Virtual Machine in native code.
# See problematic frame for where to report the bug.
#

---------------  T H R E A D  ---------------

Current thread (0x00007f545c00a000):  JavaThread "main" [_thread_in_native, id=16647, stack(0x00007f5464777000,0x00007f5464878000)]

siginfo:si_signo=SIGBUS: si_errno=0, si_code=2 (BUS_ADRERR), si_addr=0x00007f5450f4f944

Registers:
RAX=0x00007f545c2b2c40, RBX=0x00007f545c0ed7d0, RCX=0x00007f5450f4f924, RDX=0x00007f545c2b2c40
RSP=0x00007f54648742e0, RBP=0x00007f5464874350, RSI=0x000000004000800c, RDI=0x00000000000000a0
R8 =0x00007f545c000548, R9 =0x000000000000001d, R10=0x00007f5459012d6c, R11=0x00007f54634bc860
R12=0x00007f5458282068, R13=0x00007f54648743c0, R14=0x00007f545c0ed7d0, R15=0x00007f545c2b2c40
RIP=0x00007f54612f5d3d, EFLAGS=0x0000000000010206, CSGSFS=0x0000000000000033, ERR=0x0000000000000004
  TRAPNO=0x000000000000000e

Top of Stack: (sp=0x00007f54648742e0)
0x00007f54648742e0:   000000000000001d 00007f545c00a1d8
0x00007f54648742f0:   00007f5464874750 00007f54612f4a38
0x00007f5464874300:   0000000100000000 00007f545c0ecc60
0x00007f5464874310:   6874697200000000 00007f54633e9afa
0x00007f5464874320:   00007f54648743c0 00007f5458282060
0x00007f5464874330:   00007f545c2b3280 00007f54648743c0
0x00007f5464874340:   00007f545c0ed7d0 000000001d4e65a6
0x00007f5464874350:   00007f54648743a0 00007f54612f6a5c
0x00007f5464874360:   00007f5400000000 0000001d3e934700
0x00007f5464874370:   00007f5400000000 00007f54648743c0
0x00007f5464874380:   00007f5464874898 00007f54648743c0
0x00007f5464874390:   000000000000001d 00007f545c00a1d8
0x00007f54648743a0:   00007f5464874800 00007f54612f4a38
0x00007f54648743b0:   0000000100000008 00007f545c0ed7d0
0x00007f54648743c0:   687469726f676c41 726f7065722f736d
0x00007f54648743d0:   2e746c7573655274 0000007373616c63
0x00007f54648743e0:   00007f5464874750 8d4664a300000000
0x00007f54648743f0:   0000000000000008 0000000000000000
0x00007f5464874400:   00007f54648749e0 00007f546421f3d0
0x00007f5464874410:   0000000000000000 00007f54640f9ff0
0x00007f5464874420:   00007f5400000000 00007f54641066ce
0x00007f5464874430:   00007f54648749e0 00007f54648749d0
0x00007f5464874440:   00007f54635f3018 00007f5464874b60
0x00007f5464874450:   0000000000000000 00007f54640d892d
0x00007f5464874460:   0000000000000000 000000000000007a
0x00007f5464874470:   00007f5400000064 00007f5400000000
0x00007f5464874480:   00007f5464874538 00007f5400000000
0x00007f5464874490:   0000000000000000 00007f5464874550
0x00007f54648744a0:   0000000000000000 8d4664a33e934700
0x00007f54648744b0:   0000000000000000 0000000000000020
0x00007f54648744c0:   0000000000000000 0000000000000000
0x00007f54648744d0:   00007f5464874560 0000000000000000 

Instructions: (pc=0x00007f54612f5d3d)
0x00007f54612f5d1d:   40 30 00 00 00 00 48 c7 40 28 00 00 00 00 0f 84
0x00007f54612f5d2d:   b7 01 00 00 49 8b 0c 24 48 2b 4b 28 48 03 4b 18
0x00007f54612f5d3d:   0f b7 41 20 44 0f b7 69 1c 49 89 ce 44 0f b7 61
0x00007f54612f5d4d:   1e 89 45 c4 41 8b 46 0c 48 c7 45 c8 00 00 00 00 

Register to memory mapping:

RAX=0x00007f545c2b2c40 is an unknown value
RBX=0x00007f545c0ed7d0 is an unknown value
RCX=0x00007f5450f4f924 is an unknown value
RDX=0x00007f545c2b2c40 is an unknown value
RSP=0x00007f54648742e0 is pointing into the stack for thread: 0x00007f545c00a000
RBP=0x00007f5464874350 is pointing into the stack for thread: 0x00007f545c00a000
RSI=0x000000004000800c is an unknown value
RDI=0x00000000000000a0 is an unknown value
R8 =0x00007f545c000548 is an unknown value
R9 =0x000000000000001d is an unknown value
R10=0x00007f5459012d6c is at code_begin+620 in an Interpreter codelet
method entry point (kind = native)  [0x00007f5459012b00, 0x00007f5459013360]  2144 bytes
R11=0x00007f54634bc860: <offset 0x89a860> in /usr/lib/jvm/java-7-openjdk-amd64/jre/lib/amd64/server/libjvm.so at 0x00007f5462c22000
R12=0x00007f5458282068 is an unknown value
R13=0x00007f54648743c0 is pointing into the stack for thread: 0x00007f545c00a000
R14=0x00007f545c0ed7d0 is an unknown value
R15=0x00007f545c2b2c40 is an unknown value


Stack: [0x00007f5464777000,0x00007f5464878000],  sp=0x00007f54648742e0,  free space=1012k
Native frames: (J=compiled Java code, j=interpreted, Vv=VM code, C=native code)
C  [libzip.so+0x4d3d]
C  [libzip.so+0x5a5c]  ZIP_GetEntry+0xcc
C  [libzip.so+0x3a38]  Java_java_util_zip_ZipFile_getEntry+0xa8
j  java.util.zip.ZipFile.getEntry(J[BZ)J+0
j  java.util.zip.ZipFile.getEntry(Ljava/lang/String;)Ljava/util/zip/ZipEntry;+38
j  java.util.jar.JarFile.getEntry(Ljava/lang/String;)Ljava/util/zip/ZipEntry;+2
j  java.util.jar.JarFile.getJarEntry(Ljava/lang/String;)Ljava/util/jar/JarEntry;+2
j  sun.misc.URLClassPath$JarLoader.getResource(Ljava/lang/String;Z)Lsun/misc/Resource;+48
j  sun.misc.URLClassPath.getResource(Ljava/lang/String;Z)Lsun/misc/Resource;+53
j  java.net.URLClassLoader$1.run()Ljava/lang/Class;+26
j  java.net.URLClassLoader$1.run()Ljava/lang/Object;+1
v  ~StubRoutines::call_stub
V  [libjvm.so+0x6039ac]
V  [libjvm.so+0x603428]
V  [libjvm.so+0x64d314]  JVM_DoPrivileged+0x284
j  java.security.AccessController.doPrivileged(Ljava/security/PrivilegedExceptionAction;Ljava/security/AccessControlContext;)Ljava/lang/Object;+0
j  java.net.URLClassLoader.findClass(Ljava/lang/String;)Ljava/lang/Class;+13
j  java.lang.ClassLoader.loadClass(Ljava/lang/String;Z)Ljava/lang/Class;+70
j  sun.misc.Launcher$AppClassLoader.loadClass(Ljava/lang/String;Z)Ljava/lang/Class;+36
j  java.lang.ClassLoader.loadClass(Ljava/lang/String;)Ljava/lang/Class;+3
v  ~StubRoutines::call_stub
V  [libjvm.so+0x6039ac]
V  [libjvm.so+0x6028fa]
V  [libjvm.so+0x9109ea]
V  [libjvm.so+0x90ec54]
V  [libjvm.so+0x91190f]
V  [libjvm.so+0x47dac1]
V  [libjvm.so+0x47edb0]
V  [libjvm.so+0x71de47]
V  [libjvm.so+0x71fa60]
V  [libjvm.so+0x5f9770]
j  Algorithms.Algorithms.mainIRES(LLibraryIres/Move_Data;Ljava/lang/String;LLibraryIres/YarnValue;D[D)V+663
j  IRES.TPCHQuery.TPCH(DLjava/lang/String;Ljava/lang/String;Ljava/lang/String;Ljava/lang/String;)V+694
j  Irisa.Enssat.Rennes1.TestScript.TPCH(D[Ljava/lang/String;)V+21
j  Irisa.Enssat.Rennes1.TestScript.testall()V+499
j  Irisa.Enssat.Rennes1.TestScript.main([Ljava/lang/String;)V+3
v  ~StubRoutines::call_stub
V  [libjvm.so+0x6039ac]
V  [libjvm.so+0x603428]
V  [libjvm.so+0x61c49f]
V  [libjvm.so+0x623869]
C  [libjli.so+0x31c4]

Java frames: (J=compiled Java code, j=interpreted, Vv=VM code)
j  java.util.zip.ZipFile.getEntry(J[BZ)J+0
j  java.util.zip.ZipFile.getEntry(Ljava/lang/String;)Ljava/util/zip/ZipEntry;+38
j  java.util.jar.JarFile.getEntry(Ljava/lang/String;)Ljava/util/zip/ZipEntry;+2
j  java.util.jar.JarFile.getJarEntry(Ljava/lang/String;)Ljava/util/jar/JarEntry;+2
j  sun.misc.URLClassPath$JarLoader.getResource(Ljava/lang/String;Z)Lsun/misc/Resource;+48
j  sun.misc.URLClassPath.getResource(Ljava/lang/String;Z)Lsun/misc/Resource;+53
j  java.net.URLClassLoader$1.run()Ljava/lang/Class;+26
j  java.net.URLClassLoader$1.run()Ljava/lang/Object;+1
v  ~StubRoutines::call_stub
j  java.security.AccessController.doPrivileged(Ljava/security/PrivilegedExceptionAction;Ljava/security/AccessControlContext;)Ljava/lang/Object;+0
j  java.net.URLClassLoader.findClass(Ljava/lang/String;)Ljava/lang/Class;+13
j  java.lang.ClassLoader.loadClass(Ljava/lang/String;Z)Ljava/lang/Class;+70
j  sun.misc.Launcher$AppClassLoader.loadClass(Ljava/lang/String;Z)Ljava/lang/Class;+36
j  java.lang.ClassLoader.loadClass(Ljava/lang/String;)Ljava/lang/Class;+3
v  ~StubRoutines::call_stub
j  Algorithms.Algorithms.mainIRES(LLibraryIres/Move_Data;Ljava/lang/String;LLibraryIres/YarnValue;D[D)V+663
j  IRES.TPCHQuery.TPCH(DLjava/lang/String;Ljava/lang/String;Ljava/lang/String;Ljava/lang/String;)V+694
j  Irisa.Enssat.Rennes1.TestScript.TPCH(D[Ljava/lang/String;)V+21
j  Irisa.Enssat.Rennes1.TestScript.testall()V+499
j  Irisa.Enssat.Rennes1.TestScript.main([Ljava/lang/String;)V+3
v  ~StubRoutines::call_stub

---------------  P R O C E S S  ---------------

Java Threads: ( => current thread )
  0x00007f545c2aa800 JavaThread "Keep-Alive-Timer" daemon [_thread_blocked, id=16745, stack(0x00007f542f56b000,0x00007f542f66c000)]
  0x00007f545c0aa000 JavaThread "Service Thread" daemon [_thread_blocked, id=16656, stack(0x00007f545855f000,0x00007f5458660000)]
  0x00007f545c0a8000 JavaThread "C2 CompilerThread1" daemon [_thread_blocked, id=16655, stack(0x00007f5458660000,0x00007f5458761000)]
  0x00007f545c0a5000 JavaThread "C2 CompilerThread0" daemon [_thread_blocked, id=16654, stack(0x00007f5458761000,0x00007f5458862000)]
  0x00007f545c0a2800 JavaThread "Signal Dispatcher" daemon [_thread_blocked, id=16653, stack(0x00007f5458862000,0x00007f5458963000)]
  0x00007f545c077800 JavaThread "Finalizer" daemon [_thread_blocked, id=16652, stack(0x00007f5458afb000,0x00007f5458bfc000)]
  0x00007f545c075800 JavaThread "Reference Handler" daemon [_thread_blocked, id=16651, stack(0x00007f5458bfc000,0x00007f5458cfd000)]
=>0x00007f545c00a000 JavaThread "main" [_thread_in_native, id=16647, stack(0x00007f5464777000,0x00007f5464878000)]

Other Threads:
  0x00007f545c071000 VMThread [stack: 0x00007f5458cfd000,0x00007f5458dfe000] [id=16650]
  0x00007f545c0b4800 WatcherThread [stack: 0x00007f545845e000,0x00007f545855f000] [id=16657]

VM state:not at safepoint (normal execution)

VM Mutex/Monitor currently owned by a thread: None

Heap
 PSYoungGen      total 91648K, used 70081K [0x00000000eb680000, 0x00000000fa800000, 0x0000000100000000)
  eden space 90624K, 77% used [0x00000000eb680000,0x00000000efae8420,0x00000000f0f00000)
  from space 1024K, 3% used [0x00000000fa600000,0x00000000fa608000,0x00000000fa700000)
  to   space 1024K, 0% used [0x00000000fa700000,0x00000000fa700000,0x00000000fa800000)
 ParOldGen       total 41984K, used 18465K [0x00000000c2400000, 0x00000000c4d00000, 0x00000000eb680000)
  object space 41984K, 43% used [0x00000000c2400000,0x00000000c3608660,0x00000000c4d00000)
 PSPermGen       total 21504K, used 9258K [0x00000000b7e00000, 0x00000000b9300000, 0x00000000c2400000)
  object space 21504K, 43% used [0x00000000b7e00000,0x00000000b870ab40,0x00000000b9300000)

Card table byte_map: [0x00007f54610af000,0x00007f54612f1000] byte_map_base: 0x00007f5460af0000

Polling page: 0x00007f5464885000

Code Cache  [0x00007f5459000000, 0x00007f5459270000, 0x00007f545c000000)
 total_blobs=536 nmethods=253 adapters=236 free_code_cache=47935Kb largest_free_block=49005376

Compilation events (10 events):
Event: 343.334 Thread 0x00007f545c0a8000 nmethod 256 0x00007f545910a4d0 code [0x00007f545910a600, 0x00007f545910a678]
Event: 343.334 Thread 0x00007f545c0a8000  257             java.util.regex.Matcher::find (35 bytes)
Event: 343.345 Thread 0x00007f545c0a8000 nmethod 257 0x00007f5459096890 code [0x00007f5459096a20, 0x00007f5459096df8]
Event: 343.381 Thread 0x00007f545c0a5000 nmethod 250 0x00007f545911e1d0 code [0x00007f545911efc0, 0x00007f5459120fc0]
Event: 359.366 Thread 0x00007f545c0a8000  258             java.lang.String::toLowerCase (439 bytes)
Event: 359.385 Thread 0x00007f545c0a8000 nmethod 258 0x00007f545911ad90 code [0x00007f545911af40, 0x00007f545911b8b8]
Event: 369.934 Thread 0x00007f545c0a5000  259 % !         java.util.Formatter::format @ 20 (271 bytes)
Event: 370.034 Thread 0x00007f545c0a5000 nmethod 259% 0x00007f5459127bd0 code [0x00007f5459128d20, 0x00007f545912bc30]
Event: 370.436 Thread 0x00007f545c0a8000  260   !         java.util.Formatter::format (271 bytes)
Event: 370.622 Thread 0x00007f545c0a8000 nmethod 260 0x00007f5459136610 code [0x00007f54591378a0, 0x00007f545913c638]

GC Heap History (10 events):
Event: 272.259 GC heap before
{Heap before GC invocations=871 (full 0):
 PSYoungGen      total 36352K, used 35904K [0x00000000eb680000, 0x00000000fa900000, 0x0000000100000000)
  eden space 35840K, 100% used [0x00000000eb680000,0x00000000ed980000,0x00000000ed980000)
  from space 512K, 12% used [0x00000000fa880000,0x00000000fa890000,0x00000000fa900000)
  to   space 1536K, 0% used [0x00000000fa600000,0x00000000fa600000,0x00000000fa780000)
 ParOldGen       total 41984K, used 17990K [0x00000000c2400000, 0x00000000c4d00000, 0x00000000eb680000)
  object space 41984K, 42% used [0x00000000c2400000,0x00000000c3591a78,0x00000000c4d00000)
 PSPermGen       total 21504K, used 9112K [0x00000000b7e00000, 0x00000000b9300000, 0x00000000c2400000)
  object space 21504K, 42% used [0x00000000b7e00000,0x00000000b86e6240,0x00000000b9300000)
Event: 272.261 GC heap after
Heap after GC invocations=871 (full 0):
 PSYoungGen      total 44544K, used 96K [0x00000000eb680000, 0x00000000fa900000, 0x0000000100000000)
  eden space 43008K, 0% used [0x00000000eb680000,0x00000000eb680000,0x00000000ee080000)
  from space 1536K, 6% used [0x00000000fa600000,0x00000000fa618000,0x00000000fa780000)
  to   space 1024K, 0% used [0x00000000fa800000,0x00000000fa800000,0x00000000fa900000)
 ParOldGen       total 41984K, used 17990K [0x00000000c2400000, 0x00000000c4d00000, 0x00000000eb680000)
  object space 41984K, 42% used [0x00000000c2400000,0x00000000c3591a78,0x00000000c4d00000)
 PSPermGen       total 21504K, used 9112K [0x00000000b7e00000, 0x00000000b9300000, 0x00000000c2400000)
  object space 21504K, 42% used [0x00000000b7e00000,0x00000000b86e6240,0x00000000b9300000)
}
Event: 272.291 GC heap before
{Heap before GC invocations=872 (full 0):
 PSYoungGen      total 44544K, used 43104K [0x00000000eb680000, 0x00000000fa900000, 0x0000000100000000)
  eden space 43008K, 100% used [0x00000000eb680000,0x00000000ee080000,0x00000000ee080000)
  from space 1536K, 6% used [0x00000000fa600000,0x00000000fa618000,0x00000000fa780000)
  to   space 1024K, 0% used [0x00000000fa800000,0x00000000fa800000,0x00000000fa900000)
 ParOldGen       total 41984K, used 17990K [0x00000000c2400000, 0x00000000c4d00000, 0x00000000eb680000)
  object space 41984K, 42% used [0x00000000c2400000,0x00000000c3591a78,0x00000000c4d00000)
 PSPermGen       total 21504K, used 9112K [0x00000000b7e00000, 0x00000000b9300000, 0x00000000c2400000)
  object space 21504K, 42% used [0x00000000b7e00000,0x00000000b86e6240,0x00000000b9300000)
Event: 272.293 GC heap after
Heap after GC invocations=872 (full 0):
 PSYoungGen      total 52224K, used 96K [0x00000000eb680000, 0x00000000fa880000, 0x0000000100000000)
  eden space 51712K, 0% used [0x00000000eb680000,0x00000000eb680000,0x00000000ee900000)
  from space 512K, 18% used [0x00000000fa800000,0x00000000fa818000,0x00000000fa880000)
  to   space 1024K, 0% used [0x00000000fa680000,0x00000000fa680000,0x00000000fa780000)
 ParOldGen       total 41984K, used 17990K [0x00000000c2400000, 0x00000000c4d00000, 0x00000000eb680000)
  object space 41984K, 42% used [0x00000000c2400000,0x00000000c3591a78,0x00000000c4d00000)
 PSPermGen       total 21504K, used 9112K [0x00000000b7e00000, 0x00000000b9300000, 0x00000000c2400000)
  object space 21504K, 42% used [0x00000000b7e00000,0x00000000b86e6240,0x00000000b9300000)
}
Event: 273.007 GC heap before
{Heap before GC invocations=873 (full 0):
 PSYoungGen      total 52224K, used 51808K [0x00000000eb680000, 0x00000000fa880000, 0x0000000100000000)
  eden space 51712K, 100% used [0x00000000eb680000,0x00000000ee900000,0x00000000ee900000)
  from space 512K, 18% used [0x00000000fa800000,0x00000000fa818000,0x00000000fa880000)
  to   space 1024K, 0% used [0x00000000fa680000,0x00000000fa680000,0x00000000fa780000)
 ParOldGen       total 41984K, used 17990K [0x00000000c2400000, 0x00000000c4d00000, 0x00000000eb680000)
  object space 41984K, 42% used [0x00000000c2400000,0x00000000c3591a78,0x00000000c4d00000)
 PSPermGen       total 21504K, used 9173K [0x00000000b7e00000, 0x00000000b9300000, 0x00000000c2400000)
  object space 21504K, 42% used [0x00000000b7e00000,0x00000000b86f5638,0x00000000b9300000)
Event: 273.008 GC heap after
Heap after GC invocations=873 (full 0):
 PSYoungGen      total 63488K, used 480K [0x00000000eb680000, 0x00000000fa880000, 0x0000000100000000)
  eden space 62464K, 0% used [0x00000000eb680000,0x00000000eb680000,0x00000000ef380000)
  from space 1024K, 46% used [0x00000000fa680000,0x00000000fa6f8000,0x00000000fa780000)
  to   space 1024K, 0% used [0x00000000fa780000,0x00000000fa780000,0x00000000fa880000)
 ParOldGen       total 41984K, used 17990K [0x00000000c2400000, 0x00000000c4d00000, 0x00000000eb680000)
  object space 41984K, 42% used [0x00000000c2400000,0x00000000c3591a78,0x00000000c4d00000)
 PSPermGen       total 21504K, used 9173K [0x00000000b7e00000, 0x00000000b9300000, 0x00000000c2400000)
  object space 21504K, 42% used [0x00000000b7e00000,0x00000000b86f5638,0x00000000b9300000)
}
Event: 273.534 GC heap before
{Heap before GC invocations=874 (full 0):
 PSYoungGen      total 63488K, used 62944K [0x00000000eb680000, 0x00000000fa880000, 0x0000000100000000)
  eden space 62464K, 100% used [0x00000000eb680000,0x00000000ef380000,0x00000000ef380000)
  from space 1024K, 46% used [0x00000000fa680000,0x00000000fa6f8000,0x00000000fa780000)
  to   space 1024K, 0% used [0x00000000fa780000,0x00000000fa780000,0x00000000fa880000)
 ParOldGen       total 41984K, used 17990K [0x00000000c2400000, 0x00000000c4d00000, 0x00000000eb680000)
  object space 41984K, 42% used [0x00000000c2400000,0x00000000c3591a78,0x00000000c4d00000)
 PSPermGen       total 21504K, used 9180K [0x00000000b7e00000, 0x00000000b9300000, 0x00000000c2400000)
  object space 21504K, 42% used [0x00000000b7e00000,0x00000000b86f70e0,0x00000000b9300000)
Event: 273.536 GC heap after
Heap after GC invocations=874 (full 0):
 PSYoungGen      total 75776K, used 256K [0x00000000eb680000, 0x00000000fa800000, 0x0000000100000000)
  eden space 75264K, 0% used [0x00000000eb680000,0x00000000eb680000,0x00000000f0000000)
  from space 512K, 50% used [0x00000000fa780000,0x00000000fa7c0000,0x00000000fa800000)
  to   space 1024K, 0% used [0x00000000fa600000,0x00000000fa600000,0x00000000fa700000)
 ParOldGen       total 41984K, used 18336K [0x00000000c2400000, 0x00000000c4d00000, 0x00000000eb680000)
  object space 41984K, 43% used [0x00000000c2400000,0x00000000c35e8268,0x00000000c4d00000)
 PSPermGen       total 21504K, used 9180K [0x00000000b7e00000, 0x00000000b9300000, 0x00000000c2400000)
  object space 21504K, 42% used [0x00000000b7e00000,0x00000000b86f70e0,0x00000000b9300000)
}
Event: 273.598 GC heap before
{Heap before GC invocations=875 (full 0):
 PSYoungGen      total 75776K, used 75520K [0x00000000eb680000, 0x00000000fa800000, 0x0000000100000000)
  eden space 75264K, 100% used [0x00000000eb680000,0x00000000f0000000,0x00000000f0000000)
  from space 512K, 50% used [0x00000000fa780000,0x00000000fa7c0000,0x00000000fa800000)
  to   space 1024K, 0% used [0x00000000fa600000,0x00000000fa600000,0x00000000fa700000)
 ParOldGen       total 41984K, used 18336K [0x00000000c2400000, 0x00000000c4d00000, 0x00000000eb680000)
  object space 41984K, 43% used [0x00000000c2400000,0x00000000c35e8268,0x00000000c4d00000)
 PSPermGen       total 21504K, used 9180K [0x00000000b7e00000, 0x00000000b9300000, 0x00000000c2400000)
  object space 21504K, 42% used [0x00000000b7e00000,0x00000000b86f70e0,0x00000000b9300000)
Event: 273.599 GC heap after
Heap after GC invocations=875 (full 0):
 PSYoungGen      total 91648K, used 32K [0x00000000eb680000, 0x00000000fa800000, 0x0000000100000000)
  eden space 90624K, 0% used [0x00000000eb680000,0x00000000eb680000,0x00000000f0f00000)
  from space 1024K, 3% used [0x00000000fa600000,0x00000000fa608000,0x00000000fa700000)
  to   space 1024K, 0% used [0x00000000fa700000,0x00000000fa700000,0x00000000fa800000)
 ParOldGen       total 41984K, used 18465K [0x00000000c2400000, 0x00000000c4d00000, 0x00000000eb680000)
  object space 41984K, 43% used [0x00000000c2400000,0x00000000c3608660,0x00000000c4d00000)
 PSPermGen       total 21504K, used 9180K [0x00000000b7e00000, 0x00000000b9300000, 0x00000000c2400000)
  object space 21504K, 42% used [0x00000000b7e00000,0x00000000b86f70e0,0x00000000b9300000)
}

Deoptimization events (10 events):
Event: 273.680 Thread 0x00007f545c00a000 Uncommon trap: reason=class_check action=maybe_recompile pc=0x00007f54590c632c method=java.io.BufferedOutputStream.flush()V @ 8
Event: 273.693 Thread 0x00007f545c00a000 Uncommon trap: reason=class_check action=maybe_recompile pc=0x00007f54590cc7fc method=java.io.Writer.write(Ljava/lang/String;)V @ 7
Event: 273.694 Thread 0x00007f545c00a000 Uncommon trap: reason=class_check action=maybe_recompile pc=0x00007f54590c4d9c method=java.io.BufferedOutputStream.flushBuffer()V @ 20
Event: 275.346 Thread 0x00007f545c00a000 Uncommon trap: reason=class_check action=maybe_recompile pc=0x00007f54590cc7fc method=java.io.Writer.write(Ljava/lang/String;)V @ 7
Event: 275.347 Thread 0x00007f545c00a000 Uncommon trap: reason=class_check action=maybe_recompile pc=0x00007f54590c4d9c method=java.io.BufferedOutputStream.flushBuffer()V @ 20
Event: 275.349 Thread 0x00007f545c00a000 Uncommon trap: reason=class_check action=maybe_recompile pc=0x00007f54590cc7fc method=java.io.Writer.write(Ljava/lang/String;)V @ 7
Event: 275.349 Thread 0x00007f545c00a000 Uncommon trap: reason=unstable_if action=reinterpret pc=0x00007f54590d37b0 method=java.io.BufferedWriter.flushBuffer()V @ 15
Event: 275.349 Thread 0x00007f545c00a000 Uncommon trap: reason=unstable_if action=reinterpret pc=0x00007f54590d60f8 method=sun.nio.cs.StreamEncoder.implFlushBuffer()V @ 7
Event: 371.441 Thread 0x00007f545c00a000 Uncommon trap: reason=unstable_if action=reinterpret pc=0x00007f545907ef90 method=sun.net.www.ParseUtil.match(CJJ)Z @ 13
Event: 371.443 Thread 0x00007f545c00a000 Uncommon trap: reason=unstable_if action=reinterpret pc=0x00007f5459139c04 method=java.util.ArrayList.grow(I)V @ 15

Internal exceptions (10 events):
Event: 75.922 Thread 0x00007f545c00a000 Threw 0x00000000ebeef2b8 at /build/openjdk-7-hGnxiC/openjdk-7-7u95-2.6.4/build/openjdk/hotspot/src/share/vm/prims/jvm.cpp:1322
Event: 75.926 Thread 0x00007f545c00a000 Threw 0x00000000ebf07958 at /build/openjdk-7-hGnxiC/openjdk-7-7u95-2.6.4/build/openjdk/hotspot/src/share/vm/prims/jvm.cpp:1322
Event: 273.644 Thread 0x00007f545c00a000 Threw 0x00000000eeab6230 at /build/openjdk-7-hGnxiC/openjdk-7-7u95-2.6.4/build/openjdk/hotspot/src/share/vm/prims/jvm.cpp:1322
Event: 273.645 Thread 0x00007f545c00a000 Threw 0x00000000eeac8de8 at /build/openjdk-7-hGnxiC/openjdk-7-7u95-2.6.4/build/openjdk/hotspot/src/share/vm/prims/jvm.cpp:1322
Event: 273.645 Thread 0x00007f545c00a000 Threw 0x00000000eeacc358 at /build/openjdk-7-hGnxiC/openjdk-7-7u95-2.6.4/build/openjdk/hotspot/src/share/vm/prims/jvm.cpp:1322
Event: 273.646 Thread 0x00007f545c00a000 Threw 0x00000000eead0618 at /build/openjdk-7-hGnxiC/openjdk-7-7u95-2.6.4/build/openjdk/hotspot/src/share/vm/prims/jvm.cpp:1322
Event: 273.646 Thread 0x00007f545c00a000 Threw 0x00000000eead41b0 at /build/openjdk-7-hGnxiC/openjdk-7-7u95-2.6.4/build/openjdk/hotspot/src/share/vm/prims/jvm.cpp:1322
Event: 273.646 Thread 0x00007f545c00a000 Threw 0x00000000eead81c8 at /build/openjdk-7-hGnxiC/openjdk-7-7u95-2.6.4/build/openjdk/hotspot/src/share/vm/prims/jvm.cpp:1322
Event: 273.660 Thread 0x00007f545c00a000 Implicit null exception at 0x00007f54590a4c7a to 0x00007f54590a5313
Event: 371.444 Thread 0x00007f545c00a000 Threw 0x00000000ef9a9ed0 at /build/openjdk-7-hGnxiC/openjdk-7-7u95-2.6.4/build/openjdk/hotspot/src/share/vm/prims/jvm.cpp:1322

Events (10 events):
Event: 297.497 Thread 0x00007f545c0a8000 flushing nmethod 0x00007f5459094650
Event: 343.318 Thread 0x00007f545c0a8000 flushing nmethod 0x00007f5459096310
Event: 371.441 Thread 0x00007f545c00a000 Uncommon trap: trap_request=0xffffff75 fr.pc=0x00007f545907ef90
Event: 371.441 Thread 0x00007f545c00a000 DEOPT PACKING pc=0x00007f545907ef90 sp=0x00007f5464875ec0
Event: 371.442 Thread 0x00007f545c00a000 DEOPT UNPACKING pc=0x00007f5459039445 sp=0x00007f5464875e08 mode 2
Event: 371.443 Thread 0x00007f545c00a000 Uncommon trap: trap_request=0xffffff75 fr.pc=0x00007f5459139c04
Event: 371.443 Thread 0x00007f545c00a000 DEOPT PACKING pc=0x00007f5459139c04 sp=0x00007f5464875f20
Event: 371.443 Thread 0x00007f545c00a000 DEOPT UNPACKING pc=0x00007f5459039445 sp=0x00007f5464875d20 mode 2
Event: 371.444 loading class 0x00007f545c1d7c80
Event: 371.444 loading class 0x00007f545c1d7c80 done


Dynamic libraries:
00400000-00401000 r-xp 00000000 fd:01 1029604                            /usr/lib/jvm/java-7-openjdk-amd64/jre/bin/java
00600000-00601000 r--p 00000000 fd:01 1029604                            /usr/lib/jvm/java-7-openjdk-amd64/jre/bin/java
00601000-00602000 rw-p 00001000 fd:01 1029604                            /usr/lib/jvm/java-7-openjdk-amd64/jre/bin/java
02214000-02235000 rw-p 00000000 00:00 0                                  [heap]
b7e00000-b9300000 rw-p 00000000 00:00 0 
b9300000-c2400000 rw-p 00000000 00:00 0 
c2400000-c4d00000 rw-p 00000000 00:00 0 
c4d00000-eb680000 rw-p 00000000 00:00 0 
eb680000-fa800000 rw-p 00000000 00:00 0 
fa800000-fce80000 ---p 00000000 00:00 0 
fce80000-100000000 rw-p 00000000 00:00 0 
7f5424000000-7f5424021000 rw-p 00000000 00:00 0 
7f5424021000-7f5428000000 ---p 00000000 00:00 0 
7f5428000000-7f5428021000 rw-p 00000000 00:00 0 
7f5428021000-7f542c000000 ---p 00000000 00:00 0 
7f542f56b000-7f542f56e000 ---p 00000000 00:00 0 
7f542f56e000-7f542f96d000 rw-p 00000000 00:00 0 
7f542f96d000-7f542f9db000 r-xp 00000000 fd:01 2141                       /lib/x86_64-linux-gnu/libpcre.so.3.13.2
7f542f9db000-7f542fbdb000 ---p 0006e000 fd:01 2141                       /lib/x86_64-linux-gnu/libpcre.so.3.13.2
7f542fbdb000-7f542fbdc000 r--p 0006e000 fd:01 2141                       /lib/x86_64-linux-gnu/libpcre.so.3.13.2
7f542fbdc000-7f542fbdd000 rw-p 0006f000 fd:01 2141                       /lib/x86_64-linux-gnu/libpcre.so.3.13.2
7f542fbdd000-7f542fbe4000 r-xp 00000000 fd:01 25752                      /usr/lib/x86_64-linux-gnu/libffi.so.6.0.4
7f542fbe4000-7f542fde3000 ---p 00007000 fd:01 25752                      /usr/lib/x86_64-linux-gnu/libffi.so.6.0.4
7f542fde3000-7f542fde4000 r--p 00006000 fd:01 25752                      /usr/lib/x86_64-linux-gnu/libffi.so.6.0.4
7f542fde4000-7f542fde5000 rw-p 00007000 fd:01 25752                      /usr/lib/x86_64-linux-gnu/libffi.so.6.0.4
7f542fde5000-7f542fdfc000 r-xp 00000000 fd:01 3284                       /lib/x86_64-linux-gnu/libresolv-2.23.so
7f542fdfc000-7f542fffc000 ---p 00017000 fd:01 3284                       /lib/x86_64-linux-gnu/libresolv-2.23.so
7f542fffc000-7f542fffd000 r--p 00017000 fd:01 3284                       /lib/x86_64-linux-gnu/libresolv-2.23.so
7f542fffd000-7f542fffe000 rw-p 00018000 fd:01 3284                       /lib/x86_64-linux-gnu/libresolv-2.23.so
7f542fffe000-7f5430000000 rw-p 00000000 00:00 0 
7f5430000000-7f5430a25000 rw-p 00000000 00:00 0 
7f5430a25000-7f5434000000 ---p 00000000 00:00 0 
7f5434000000-7f5434021000 rw-p 00000000 00:00 0 
7f5434021000-7f5438000000 ---p 00000000 00:00 0 
7f5438000000-7f5438021000 rw-p 00000000 00:00 0 
7f5438021000-7f543c000000 ---p 00000000 00:00 0 
7f543c000000-7f543c836000 rw-p 00000000 00:00 0 
7f543c836000-7f5440000000 ---p 00000000 00:00 0 
7f5440000000-7f5440021000 rw-p 00000000 00:00 0 
7f5440021000-7f5444000000 ---p 00000000 00:00 0 
7f5444000000-7f5444021000 rw-p 00000000 00:00 0 
7f5444021000-7f5448000000 ---p 00000000 00:00 0 
7f5448000000-7f5448021000 rw-p 00000000 00:00 0 
7f5448021000-7f544c000000 ---p 00000000 00:00 0 
7f544c000000-7f544c021000 rw-p 00000000 00:00 0 
7f544c021000-7f5450000000 ---p 00000000 00:00 0 
7f5450024000-7f5450043000 r-xp 00000000 fd:01 2151                       /lib/x86_64-linux-gnu/libselinux.so.1
7f5450043000-7f5450242000 ---p 0001f000 fd:01 2151                       /lib/x86_64-linux-gnu/libselinux.so.1
7f5450242000-7f5450243000 r--p 0001e000 fd:01 2151                       /lib/x86_64-linux-gnu/libselinux.so.1
7f5450243000-7f5450244000 rw-p 0001f000 fd:01 2151                       /lib/x86_64-linux-gnu/libselinux.so.1
7f5450244000-7f5450246000 rw-p 00000000 00:00 0 
7f5450246000-7f5450249000 r-xp 00000000 fd:01 25774                      /usr/lib/x86_64-linux-gnu/libgmodule-2.0.so.0.4800.2
7f5450249000-7f5450448000 ---p 00003000 fd:01 25774                      /usr/lib/x86_64-linux-gnu/libgmodule-2.0.so.0.4800.2
7f5450448000-7f5450449000 r--p 00002000 fd:01 25774                      /usr/lib/x86_64-linux-gnu/libgmodule-2.0.so.0.4800.2
7f5450449000-7f545044a000 rw-p 00003000 fd:01 25774                      /usr/lib/x86_64-linux-gnu/libgmodule-2.0.so.0.4800.2
7f545044a000-7f5450559000 r-xp 00000000 fd:01 2210                       /lib/x86_64-linux-gnu/libglib-2.0.so.0.4800.2
7f5450559000-7f5450758000 ---p 0010f000 fd:01 2210                       /lib/x86_64-linux-gnu/libglib-2.0.so.0.4800.2
7f5450758000-7f5450759000 r--p 0010e000 fd:01 2210                       /lib/x86_64-linux-gnu/libglib-2.0.so.0.4800.2
7f5450759000-7f545075a000 rw-p 0010f000 fd:01 2210                       /lib/x86_64-linux-gnu/libglib-2.0.so.0.4800.2
7f545075a000-7f545075b000 rw-p 00000000 00:00 0 
7f545075b000-7f54507ad000 r-xp 00000000 fd:01 25779                      /usr/lib/x86_64-linux-gnu/libgobject-2.0.so.0.4800.2
7f54507ad000-7f54509ac000 ---p 00052000 fd:01 25779                      /usr/lib/x86_64-linux-gnu/libgobject-2.0.so.0.4800.2
7f54509ac000-7f54509ad000 r--p 00051000 fd:01 25779                      /usr/lib/x86_64-linux-gnu/libgobject-2.0.so.0.4800.2
7f54509ad000-7f54509ae000 rw-p 00052000 fd:01 25779                      /usr/lib/x86_64-linux-gnu/libgobject-2.0.so.0.4800.2
7f54509ae000-7f5450b2e000 r-xp 00000000 fd:01 25780                      /usr/lib/x86_64-linux-gnu/libgio-2.0.so.0.4800.2
7f5450b2e000-7f5450d2e000 ---p 00180000 fd:01 25780                      /usr/lib/x86_64-linux-gnu/libgio-2.0.so.0.4800.2
7f5450d2e000-7f5450d32000 r--p 00180000 fd:01 25780                      /usr/lib/x86_64-linux-gnu/libgio-2.0.so.0.4800.2
7f5450d32000-7f5450d34000 rw-p 00184000 fd:01 25780                      /usr/lib/x86_64-linux-gnu/libgio-2.0.so.0.4800.2
7f5450d34000-7f5450d36000 rw-p 00000000 00:00 0 
7f5450d36000-7f5450d4d000 r-xp 00000000 fd:01 1030041                    /usr/lib/jvm/java-7-openjdk-amd64/jre/lib/amd64/libnet.so
7f5450d4d000-7f5450f4d000 ---p 00017000 fd:01 1030041                    /usr/lib/jvm/java-7-openjdk-amd64/jre/lib/amd64/libnet.so
7f5450f4d000-7f5450f4e000 r--p 00017000 fd:01 1030041                    /usr/lib/jvm/java-7-openjdk-amd64/jre/lib/amd64/libnet.so
7f5450f4e000-7f5450f4f000 rw-p 00018000 fd:01 1030041                    /usr/lib/jvm/java-7-openjdk-amd64/jre/lib/amd64/libnet.so
7f5450f4f000-7f5451bf0000 r--s 0b5cb000 fd:01 777253                     /home/ubuntu/TestStochasticModel_V9/target/original-TestPostgre_V9-1.0-SNAPSHOT.jar
7f5451bf0000-7f5454000000 rw-p 00000000 00:00 0 
7f5454000000-7f5454021000 rw-p 00000000 00:00 0 
7f5454021000-7f5458000000 ---p 00000000 00:00 0 
7f5458070000-7f5458081000 r-xp 00000000 fd:01 1030065                    /usr/lib/jvm/java-7-openjdk-amd64/jre/lib/amd64/libnio.so
7f5458081000-7f5458280000 ---p 00011000 fd:01 1030065                    /usr/lib/jvm/java-7-openjdk-amd64/jre/lib/amd64/libnio.so
7f5458280000-7f5458281000 r--p 00010000 fd:01 1030065                    /usr/lib/jvm/java-7-openjdk-amd64/jre/lib/amd64/libnio.so
7f5458281000-7f5458282000 rw-p 00011000 fd:01 1030065                    /usr/lib/jvm/java-7-openjdk-amd64/jre/lib/amd64/libnio.so
7f5458282000-7f545845e000 rw-p 00000000 00:00 0 
7f545845e000-7f545845f000 ---p 00000000 00:00 0 
7f545845f000-7f545855f000 rw-p 00000000 00:00 0 
7f545855f000-7f5458562000 ---p 00000000 00:00 0 
7f5458562000-7f5458660000 rw-p 00000000 00:00 0 
7f5458660000-7f5458663000 ---p 00000000 00:00 0 
7f5458663000-7f5458761000 rw-p 00000000 00:00 0 
7f5458761000-7f5458764000 ---p 00000000 00:00 0 
7f5458764000-7f5458862000 rw-p 00000000 00:00 0 
7f5458862000-7f5458865000 ---p 00000000 00:00 0 
7f5458865000-7f5458963000 rw-p 00000000 00:00 0 
7f5458963000-7f5458afb000 r--p 00000000 fd:01 2039                       /usr/lib/locale/locale-archive
7f5458afb000-7f5458afe000 ---p 00000000 00:00 0 
7f5458afe000-7f5458bfc000 rw-p 00000000 00:00 0 
7f5458bfc000-7f5458bff000 ---p 00000000 00:00 0 
7f5458bff000-7f5458cfd000 rw-p 00000000 00:00 0 
7f5458cfd000-7f5458cfe000 ---p 00000000 00:00 0 
7f5458cfe000-7f5459000000 rw-p 00000000 00:00 0 
7f5459000000-7f5459270000 rwxp 00000000 00:00 0 
7f5459270000-7f545c2d2000 rw-p 00000000 00:00 0 
7f545c2d2000-7f5460000000 ---p 00000000 00:00 0 
7f546002c000-7f5460036000 r--s 000ae000 fd:01 1030068                    /usr/lib/jvm/java-7-openjdk-amd64/jre/lib/resources.jar
7f5460036000-7f5460825000 rw-p 00000000 00:00 0 
7f5460825000-7f54609d6000 r--s 01d30000 fd:01 1030080                    /usr/lib/jvm/java-7-openjdk-amd64/jre/lib/rt.jar
7f54609d6000-7f5460d10000 rw-p 00000000 00:00 0 
7f5460d10000-7f5460d11000 ---p 00000000 00:00 0 
7f5460d11000-7f5460e11000 rw-p 00000000 00:00 0 
7f5460e11000-7f5460e12000 ---p 00000000 00:00 0 
7f5460e12000-7f5460f1d000 rw-p 00000000 00:00 0 
7f5460f1d000-7f5460f65000 rw-p 00000000 00:00 0 
7f5460f65000-7f5460f7a000 rw-p 00000000 00:00 0 
7f5460f7a000-7f54610af000 rw-p 00000000 00:00 0 
7f54610af000-7f54610ba000 rw-p 00000000 00:00 0 
7f54610ba000-7f5461102000 rw-p 00000000 00:00 0 
7f5461102000-7f5461117000 rw-p 00000000 00:00 0 
7f5461117000-7f546124b000 rw-p 00000000 00:00 0 
7f546124b000-7f54612c4000 rw-p 00000000 00:00 0 
7f54612c4000-7f54612d8000 ---p 00000000 00:00 0 
7f54612d8000-7f54612f0000 rw-p 00000000 00:00 0 
7f54612f0000-7f54612f1000 rw-p 00000000 00:00 0 
7f54612f1000-7f54612f9000 r-xp 00000000 fd:01 1030047                    /usr/lib/jvm/java-7-openjdk-amd64/jre/lib/amd64/libzip.so
7f54612f9000-7f54614f8000 ---p 00008000 fd:01 1030047                    /usr/lib/jvm/java-7-openjdk-amd64/jre/lib/amd64/libzip.so
7f54614f8000-7f54614f9000 r--p 00007000 fd:01 1030047                    /usr/lib/jvm/java-7-openjdk-amd64/jre/lib/amd64/libzip.so
7f54614f9000-7f54614fa000 rw-p 00008000 fd:01 1030047                    /usr/lib/jvm/java-7-openjdk-amd64/jre/lib/amd64/libzip.so
7f54614fa000-7f5461505000 r-xp 00000000 fd:01 3154                       /lib/x86_64-linux-gnu/libnss_files-2.23.so
7f5461505000-7f5461704000 ---p 0000b000 fd:01 3154                       /lib/x86_64-linux-gnu/libnss_files-2.23.so
7f5461704000-7f5461705000 r--p 0000a000 fd:01 3154                       /lib/x86_64-linux-gnu/libnss_files-2.23.so
7f5461705000-7f5461706000 rw-p 0000b000 fd:01 3154                       /lib/x86_64-linux-gnu/libnss_files-2.23.so
7f5461706000-7f546170c000 rw-p 00000000 00:00 0 
7f546170c000-7f5461717000 r-xp 00000000 fd:01 3275                       /lib/x86_64-linux-gnu/libnss_nis-2.23.so
7f5461717000-7f5461916000 ---p 0000b000 fd:01 3275                       /lib/x86_64-linux-gnu/libnss_nis-2.23.so
7f5461916000-7f5461917000 r--p 0000a000 fd:01 3275                       /lib/x86_64-linux-gnu/libnss_nis-2.23.so
7f5461917000-7f5461918000 rw-p 0000b000 fd:01 3275                       /lib/x86_64-linux-gnu/libnss_nis-2.23.so
7f5461918000-7f546192e000 r-xp 00000000 fd:01 3110                       /lib/x86_64-linux-gnu/libnsl-2.23.so
7f546192e000-7f5461b2d000 ---p 00016000 fd:01 3110                       /lib/x86_64-linux-gnu/libnsl-2.23.so
7f5461b2d000-7f5461b2e000 r--p 00015000 fd:01 3110                       /lib/x86_64-linux-gnu/libnsl-2.23.so
7f5461b2e000-7f5461b2f000 rw-p 00016000 fd:01 3110                       /lib/x86_64-linux-gnu/libnsl-2.23.so
7f5461b2f000-7f5461b31000 rw-p 00000000 00:00 0 
7f5461b31000-7f5461b39000 r-xp 00000000 fd:01 3282                       /lib/x86_64-linux-gnu/libnss_compat-2.23.so
7f5461b39000-7f5461d38000 ---p 00008000 fd:01 3282                       /lib/x86_64-linux-gnu/libnss_compat-2.23.so
7f5461d38000-7f5461d39000 r--p 00007000 fd:01 3282                       /lib/x86_64-linux-gnu/libnss_compat-2.23.so
7f5461d39000-7f5461d3a000 rw-p 00008000 fd:01 3282                       /lib/x86_64-linux-gnu/libnss_compat-2.23.so
7f5461d3a000-7f5461d66000 r-xp 00000000 fd:01 1030032                    /usr/lib/jvm/java-7-openjdk-amd64/jre/lib/amd64/libjava.so
7f5461d66000-7f5461f65000 ---p 0002c000 fd:01 1030032                    /usr/lib/jvm/java-7-openjdk-amd64/jre/lib/amd64/libjava.so
7f5461f65000-7f5461f66000 r--p 0002b000 fd:01 1030032                    /usr/lib/jvm/java-7-openjdk-amd64/jre/lib/amd64/libjava.so
7f5461f66000-7f5461f68000 rw-p 0002c000 fd:01 1030032                    /usr/lib/jvm/java-7-openjdk-amd64/jre/lib/amd64/libjava.so
7f5461f68000-7f5461f77000 r-xp 00000000 fd:01 1030033                    /usr/lib/jvm/java-7-openjdk-amd64/jre/lib/amd64/libverify.so
7f5461f77000-7f5462176000 ---p 0000f000 fd:01 1030033                    /usr/lib/jvm/java-7-openjdk-amd64/jre/lib/amd64/libverify.so
7f5462176000-7f5462178000 r--p 0000e000 fd:01 1030033                    /usr/lib/jvm/java-7-openjdk-amd64/jre/lib/amd64/libverify.so
7f5462178000-7f5462179000 rw-p 00010000 fd:01 1030033                    /usr/lib/jvm/java-7-openjdk-amd64/jre/lib/amd64/libverify.so
7f5462179000-7f5462180000 r-xp 00000000 fd:01 3278                       /lib/x86_64-linux-gnu/librt-2.23.so
7f5462180000-7f546237f000 ---p 00007000 fd:01 3278                       /lib/x86_64-linux-gnu/librt-2.23.so
7f546237f000-7f5462380000 r--p 00006000 fd:01 3278                       /lib/x86_64-linux-gnu/librt-2.23.so
7f5462380000-7f5462381000 rw-p 00007000 fd:01 3278                       /lib/x86_64-linux-gnu/librt-2.23.so
7f5462381000-7f5462397000 r-xp 00000000 fd:01 2035                       /lib/x86_64-linux-gnu/libgcc_s.so.1
7f5462397000-7f5462596000 ---p 00016000 fd:01 2035                       /lib/x86_64-linux-gnu/libgcc_s.so.1
7f5462596000-7f5462597000 rw-p 00015000 fd:01 2035                       /lib/x86_64-linux-gnu/libgcc_s.so.1
7f5462597000-7f546269f000 r-xp 00000000 fd:01 3287                       /lib/x86_64-linux-gnu/libm-2.23.so
7f546269f000-7f546289e000 ---p 00108000 fd:01 3287                       /lib/x86_64-linux-gnu/libm-2.23.so
7f546289e000-7f546289f000 r--p 00107000 fd:01 3287                       /lib/x86_64-linux-gnu/libm-2.23.so
7f546289f000-7f54628a0000 rw-p 00108000 fd:01 3287                       /lib/x86_64-linux-gnu/libm-2.23.so
7f54628a0000-7f5462a12000 r-xp 00000000 fd:01 25730                      /usr/lib/x86_64-linux-gnu/libstdc++.so.6.0.21
7f5462a12000-7f5462c12000 ---p 00172000 fd:01 25730                      /usr/lib/x86_64-linux-gnu/libstdc++.so.6.0.21
7f5462c12000-7f5462c1c000 r--p 00172000 fd:01 25730                      /usr/lib/x86_64-linux-gnu/libstdc++.so.6.0.21
7f5462c1c000-7f5462c1e000 rw-p 0017c000 fd:01 25730                      /usr/lib/x86_64-linux-gnu/libstdc++.so.6.0.21
7f5462c1e000-7f5462c22000 rw-p 00000000 00:00 0 
7f5462c22000-7f5463772000 r-xp 00000000 fd:01 1030045                    /usr/lib/jvm/java-7-openjdk-amd64/jre/lib/amd64/server/libjvm.so
7f5463772000-7f5463971000 ---p 00b50000 fd:01 1030045                    /usr/lib/jvm/java-7-openjdk-amd64/jre/lib/amd64/server/libjvm.so
7f5463971000-7f5463a02000 r--p 00b4f000 fd:01 1030045                    /usr/lib/jvm/java-7-openjdk-amd64/jre/lib/amd64/server/libjvm.so
7f5463a02000-7f5463a25000 rw-p 00be0000 fd:01 1030045                    /usr/lib/jvm/java-7-openjdk-amd64/jre/lib/amd64/server/libjvm.so
7f5463a25000-7f5463a50000 rw-p 00000000 00:00 0 
7f5463a50000-7f5463a69000 r-xp 00000000 fd:01 2184                       /lib/x86_64-linux-gnu/libz.so.1.2.8
7f5463a69000-7f5463c68000 ---p 00019000 fd:01 2184                       /lib/x86_64-linux-gnu/libz.so.1.2.8
7f5463c68000-7f5463c69000 r--p 00018000 fd:01 2184                       /lib/x86_64-linux-gnu/libz.so.1.2.8
7f5463c69000-7f5463c6a000 rw-p 00019000 fd:01 2184                       /lib/x86_64-linux-gnu/libz.so.1.2.8
7f5463c6a000-7f5463c82000 r-xp 00000000 fd:01 3259                       /lib/x86_64-linux-gnu/libpthread-2.23.so
7f5463c82000-7f5463e81000 ---p 00018000 fd:01 3259                       /lib/x86_64-linux-gnu/libpthread-2.23.so
7f5463e81000-7f5463e82000 r--p 00017000 fd:01 3259                       /lib/x86_64-linux-gnu/libpthread-2.23.so
7f5463e82000-7f5463e83000 rw-p 00018000 fd:01 3259                       /lib/x86_64-linux-gnu/libpthread-2.23.so
7f5463e83000-7f5463e87000 rw-p 00000000 00:00 0 
7f5463e87000-7f5463e8a000 r-xp 00000000 fd:01 3281                       /lib/x86_64-linux-gnu/libdl-2.23.so
7f5463e8a000-7f5464089000 ---p 00003000 fd:01 3281                       /lib/x86_64-linux-gnu/libdl-2.23.so
7f5464089000-7f546408a000 r--p 00002000 fd:01 3281                       /lib/x86_64-linux-gnu/libdl-2.23.so
7f546408a000-7f546408b000 rw-p 00003000 fd:01 3281                       /lib/x86_64-linux-gnu/libdl-2.23.so
7f546408b000-7f546424b000 r-xp 00000000 fd:01 3292                       /lib/x86_64-linux-gnu/libc-2.23.so
7f546424b000-7f546444b000 ---p 001c0000 fd:01 3292                       /lib/x86_64-linux-gnu/libc-2.23.so
7f546444b000-7f546444f000 r--p 001c0000 fd:01 3292                       /lib/x86_64-linux-gnu/libc-2.23.so
7f546444f000-7f5464451000 rw-p 001c4000 fd:01 3292                       /lib/x86_64-linux-gnu/libc-2.23.so
7f5464451000-7f5464455000 rw-p 00000000 00:00 0 
7f5464455000-7f5464462000 r-xp 00000000 fd:01 1030062                    /usr/lib/jvm/java-7-openjdk-amd64/jre/lib/amd64/jli/libjli.so
7f5464462000-7f5464661000 ---p 0000d000 fd:01 1030062                    /usr/lib/jvm/java-7-openjdk-amd64/jre/lib/amd64/jli/libjli.so
7f5464661000-7f5464662000 r--p 0000c000 fd:01 1030062                    /usr/lib/jvm/java-7-openjdk-amd64/jre/lib/amd64/jli/libjli.so
7f5464662000-7f5464663000 rw-p 0000d000 fd:01 1030062                    /usr/lib/jvm/java-7-openjdk-amd64/jre/lib/amd64/jli/libjli.so
7f5464663000-7f5464689000 r-xp 00000000 fd:01 3116                       /lib/x86_64-linux-gnu/ld-2.23.so
7f5464689000-7f546468d000 r--s 00085000 fd:01 1030097                    /usr/lib/jvm/java-7-openjdk-amd64/jre/lib/ext/localedata.jar
7f546468d000-7f5464691000 r--s 0003c000 fd:01 1030098                    /usr/lib/jvm/java-7-openjdk-amd64/jre/lib/ext/sunpkcs11.jar
7f5464691000-7f5464694000 r--s 0000f000 fd:01 1030096                    /usr/lib/jvm/java-7-openjdk-amd64/jre/lib/ext/icedtea-sound.jar
7f5464694000-7f5464698000 r--s 00034000 fd:01 1030095                    /usr/lib/jvm/java-7-openjdk-amd64/jre/lib/ext/sunjce_provider.jar
7f5464698000-7f54646b9000 rw-p 00000000 00:00 0 
7f54646b9000-7f546476f000 rw-p 00000000 00:00 0 
7f546476f000-7f5464777000 rw-s 00000000 fd:01 526012                     /tmp/hsperfdata_ubuntu/16646
7f5464777000-7f546477a000 ---p 00000000 00:00 0 
7f546477a000-7f546487d000 rw-p 00000000 00:00 0 
7f546487f000-7f5464880000 r--s 00002000 fd:01 1030093                    /usr/lib/jvm/java-7-openjdk-amd64/jre/lib/ext/dnsns.jar
7f5464880000-7f5464882000 r--s 00007000 fd:01 22986                      /usr/share/java/java-atk-wrapper.jar
7f5464882000-7f5464884000 r--s 00012000 fd:01 1030094                    /usr/lib/jvm/java-7-openjdk-amd64/jre/lib/ext/zipfs.jar
7f5464884000-7f5464885000 rw-p 00000000 00:00 0 
7f5464885000-7f5464886000 r--p 00000000 00:00 0 
7f5464886000-7f5464888000 rw-p 00000000 00:00 0 
7f5464888000-7f5464889000 r--p 00025000 fd:01 3116                       /lib/x86_64-linux-gnu/ld-2.23.so
7f5464889000-7f546488a000 rw-p 00026000 fd:01 3116                       /lib/x86_64-linux-gnu/ld-2.23.so
7f546488a000-7f546488b000 rw-p 00000000 00:00 0 
7fffb15c8000-7fffb15e9000 rw-p 00000000 00:00 0                          [stack]
7fffb15f7000-7fffb15f9000 r--p 00000000 00:00 0                          [vvar]
7fffb15f9000-7fffb15fb000 r-xp 00000000 00:00 0                          [vdso]
ffffffffff600000-ffffffffff601000 r-xp 00000000 00:00 0                  [vsyscall]

VM Arguments:
java_command: Irisa.Enssat.Rennes1.TestScript
Launcher Type: SUN_STANDARD

Environment Variables:
JAVA_HOME=/usr/lib/jvm/java-1.7.0-openjdk-amd64
PATH=/home/ubuntu/bin:/home/ubuntu/.local/bin:/usr/local/share/hive/bin:/usr/local/share/maven/bin:/usr/local/sbin:/usr/local/bin:/usr/sbin:/usr/bin:/sbin:/bin:/usr/games:/usr/local/games:/snap/bin:/usr/local/share/hadoop/bin:/usr/local/share/hadoop/bin:/usr/local/share/hadoop/sbin:/usr/local/share/maven/bin:/usr/local/share/hive/bin
SHELL=/bin/bash

Signal Handlers:
SIGSEGV: [libjvm.so+0x994310], sa_mask[0]=0x7ffbfeff, sa_flags=0x10000004
SIGBUS: [libjvm.so+0x994310], sa_mask[0]=0x7ffbfeff, sa_flags=0x10000004
SIGFPE: [libjvm.so+0x7fb870], sa_mask[0]=0x7ffbfeff, sa_flags=0x10000004
SIGPIPE: [libjvm.so+0x7fb870], sa_mask[0]=0x7ffbfeff, sa_flags=0x10000004
SIGXFSZ: [libjvm.so+0x7fb870], sa_mask[0]=0x7ffbfeff, sa_flags=0x10000004
SIGILL: [libjvm.so+0x7fb870], sa_mask[0]=0x7ffbfeff, sa_flags=0x10000004
SIGUSR1: SIG_DFL, sa_mask[0]=0x00000000, sa_flags=0x00000000
SIGUSR2: [libjvm.so+0x7fb6f0], sa_mask[0]=0x00000000, sa_flags=0x10000004
SIGHUP: [libjvm.so+0x7fb880], sa_mask[0]=0x7ffbfeff, sa_flags=0x10000004
SIGINT: [libjvm.so+0x7fb880], sa_mask[0]=0x7ffbfeff, sa_flags=0x10000004
SIGTERM: [libjvm.so+0x7fb880], sa_mask[0]=0x7ffbfeff, sa_flags=0x10000004
SIGQUIT: [libjvm.so+0x7fb880], sa_mask[0]=0x7ffbfeff, sa_flags=0x10000004
SIGTRAP: SIG_DFL, sa_mask[0]=0x00000000, sa_flags=0x00000000


---------------  S Y S T E M  ---------------

OS:Ubuntu 16.04 (xenial)
uname:Linux 4.4.0-91-generic #114-Ubuntu SMP Tue Aug 8 11:56:56 UTC 2017 x86_64
libc:glibc 2.23 NPTL 2.23 
rlimit: STACK 8192k, CORE 0k, NPROC 15736, NOFILE 65536, AS infinity
load average:0.88 0.63 0.34

/proc/meminfo:
MemTotal:        4046536 kB
MemFree:         1597460 kB
MemAvailable:    2430176 kB
Buffers:           38504 kB
Cached:          1135392 kB
SwapCached:            0 kB
Active:          2127272 kB
Inactive:         214584 kB
Active(anon):    1310160 kB
Inactive(anon):    13248 kB
Active(file):     817112 kB
Inactive(file):   201336 kB
Unevictable:        3660 kB
Mlocked:            3660 kB
SwapTotal:             0 kB
SwapFree:              0 kB
Dirty:             41232 kB
Writeback:             0 kB
AnonPages:       1171552 kB
Mapped:           179708 kB
Shmem:            153024 kB
Slab:              58200 kB
SReclaimable:      38880 kB
SUnreclaim:        19320 kB
KernelStack:       17424 kB
PageTables:        10736 kB
NFS_Unstable:          0 kB
Bounce:                0 kB
WritebackTmp:          0 kB
CommitLimit:     2023268 kB
Committed_AS:    2438960 kB
VmallocTotal:   34359738367 kB
VmallocUsed:           0 kB
VmallocChunk:          0 kB
HardwareCorrupted:     0 kB
AnonHugePages:    960512 kB
CmaTotal:              0 kB
CmaFree:               0 kB
HugePages_Total:       0
HugePages_Free:        0
HugePages_Rsvd:        0
HugePages_Surp:        0
Hugepagesize:       2048 kB
DirectMap4k:       55288 kB
DirectMap2M:     3090432 kB
DirectMap1G:     3145728 kB


CPU:total 2 (1 cores per cpu, 1 threads per core) family 6 model 60 stepping 1, cmov, cx8, fxsr, mmx, sse, sse2, sse3, ssse3, sse4.1, sse4.2, popcnt, avx, avx2, aes, erms, tsc

/proc/cpuinfo:
processor	: 0
vendor_id	: GenuineIntel
cpu family	: 6
model		: 60
model name	: Intel Core Processor (Haswell)
stepping	: 1
microcode	: 0x1
cpu MHz		: 2399.998
cache size	: 4096 KB
physical id	: 0
siblings	: 1
core id		: 0
cpu cores	: 1
apicid		: 0
initial apicid	: 0
fpu		: yes
fpu_exception	: yes
cpuid level	: 13
wp		: yes
flags		: fpu vme de pse tsc msr pae mce cx8 apic sep mtrr pge mca cmov pat pse36 clflush mmx fxsr sse sse2 ss syscall nx pdpe1gb rdtscp lm constant_tsc rep_good nopl eagerfpu pni pclmulqdq ssse3 fma cx16 pcid sse4_1 sse4_2 x2apic movbe popcnt tsc_deadline_timer aes xsave avx f16c rdrand hypervisor lahf_lm abm fsgsbase bmi1 avx2 smep bmi2 erms invpcid xsaveopt
bugs		:
bogomips	: 4799.99
clflush size	: 64
cache_alignment	: 64
address sizes	: 46 bits physical, 48 bits virtual
power management:

processor	: 1
vendor_id	: GenuineIntel
cpu family	: 6
model		: 60
model name	: Intel Core Processor (Haswell)
stepping	: 1
microcode	: 0x1
cpu MHz		: 2399.998
cache size	: 4096 KB
physical id	: 1
siblings	: 1
core id		: 0
cpu cores	: 1
apicid		: 1
initial apicid	: 1
fpu		: yes
fpu_exception	: yes
cpuid level	: 13
wp		: yes
flags		: fpu vme de pse tsc msr pae mce cx8 apic sep mtrr pge mca cmov pat pse36 clflush mmx fxsr sse sse2 ss syscall nx pdpe1gb rdtscp lm constant_tsc rep_good nopl eagerfpu pni pclmulqdq ssse3 fma cx16 pcid sse4_1 sse4_2 x2apic movbe popcnt tsc_deadline_timer aes xsave avx f16c rdrand hypervisor lahf_lm abm fsgsbase bmi1 avx2 smep bmi2 erms invpcid xsaveopt
bugs		:
bogomips	: 4799.99
clflush size	: 64
cache_alignment	: 64
address sizes	: 46 bits physical, 48 bits virtual
power management:



Memory: 4k page, physical 4046536k(1597460k free), swap 0k(0k free)

vm_info: OpenJDK 64-Bit Server VM (24.95-b01) for linux-amd64 JRE (1.7.0_95-b00), built on Mar 27 2016 12:52:52 by "buildd" with gcc 5.3.1 20160323

time: Tue Aug 15 23:27:03 2017
elapsed time: 371 seconds

