#
# There is insufficient memory for the Java Runtime Environment to continue.
# Native memory allocation (malloc) failed to allocate 524288 bytes for committing reserved memory.
# Possible reasons:
#   The system is out of physical RAM or swap space
#   In 32 bit mode, the process size limit was hit
# Possible solutions:
#   Reduce memory load on the system
#   Increase physical memory or swap space
#   Check if swap backing store is full
#   Use 64 bit Java on a 64 bit OS
#   Decrease Java heap size (-Xmx/-Xms)
#   Decrease number of Java threads
#   Decrease Java thread stack sizes (-Xss)
#   Set larger code cache with -XX:ReservedCodeCacheSize=
# This output file may be truncated or incomplete.
#
#  Out of Memory Error (os_linux.cpp:2827), pid=29536, tid=139636489082624
#
# JRE version: OpenJDK Runtime Environment (7.0_95) (build 1.7.0_95-b00)
# Java VM: OpenJDK 64-Bit Server VM (24.95-b01 mixed mode linux-amd64 compressed oops)
# Derivative: IcedTea 2.6.4
# Distribution: Ubuntu Xenial Xerus (development branch), package 7u95-2.6.4-3
# Failed to write core dump. Core dumps have been disabled. To enable core dumping, try "ulimit -c unlimited" before starting Java again
#

---------------  T H R E A D  ---------------

Current thread (0x00007effb0071000):  VMThread [stack: 0x00007effa7445000,0x00007effa7546000] [id=29548]

Stack: [0x00007effa7445000,0x00007effa7546000],  sp=0x00007effa75444f0,  free space=1021k
Native frames: (J=compiled Java code, j=interpreted, Vv=VM code, C=native code)
V  [libjvm.so+0x9937b3]
V  [libjvm.so+0x48a37f]
V  [libjvm.so+0x80060b]
V  [libjvm.so+0x7fa9fe]
V  [libjvm.so+0x870e66]
V  [libjvm.so+0x8727c3]
V  [libjvm.so+0x86ea28]
V  [libjvm.so+0x86ed0c]
V  [libjvm.so+0x823fa3]
V  [libjvm.so+0x995252]
V  [libjvm.so+0x999f97]
V  [libjvm.so+0x997828]
V  [libjvm.so+0x998b9f]
V  [libjvm.so+0x999091]
V  [libjvm.so+0x7fd532]

VM_Operation (0x00007effb6fe5580): ParallelGCFailedAllocation, mode: safepoint, requested by thread 0x00007effb000a000


---------------  P R O C E S S  ---------------

Java Threads: ( => current thread )
  0x00007effb167b800 JavaThread "process reaper" daemon [_thread_blocked, id=29565, stack(0x00007effa4a7c000,0x00007effa4ab5000)]
  0x00007effb08c9000 JavaThread "resolver-4" daemon [_thread_blocked, id=29562, stack(0x00007effa4bb6000,0x00007effa4cb7000)]
  0x00007effb0f23800 JavaThread "resolver-3" daemon [_thread_blocked, id=29561, stack(0x00007effa4cb7000,0x00007effa4db8000)]
  0x00007effb08da800 JavaThread "resolver-2" daemon [_thread_blocked, id=29560, stack(0x00007effa4e2b000,0x00007effa4f2c000)]
  0x00007effb08d7800 JavaThread "resolver-1" daemon [_thread_blocked, id=29559, stack(0x00007effa4f2c000,0x00007effa502d000)]
  0x00007effb00aa800 JavaThread "Service Thread" daemon [_thread_blocked, id=29554, stack(0x00007effa6ca7000,0x00007effa6da8000)]
  0x00007effb00a8000 JavaThread "C2 CompilerThread1" daemon [_thread_blocked, id=29553, stack(0x00007effa6da8000,0x00007effa6ea9000)]
  0x00007effb00a5000 JavaThread "C2 CompilerThread0" daemon [_thread_blocked, id=29552, stack(0x00007effa6ea9000,0x00007effa6faa000)]
  0x00007effb00a3000 JavaThread "Signal Dispatcher" daemon [_thread_blocked, id=29551, stack(0x00007effa6faa000,0x00007effa70ab000)]
  0x00007effb0077800 JavaThread "Finalizer" daemon [_thread_blocked, id=29550, stack(0x00007effa7243000,0x00007effa7344000)]
  0x00007effb0075800 JavaThread "Reference Handler" daemon [_thread_blocked, id=29549, stack(0x00007effa7344000,0x00007effa7445000)]
  0x00007effb000a000 JavaThread "main" [_thread_blocked, id=29545, stack(0x00007effb6ee7000,0x00007effb6fe8000)]

Other Threads:
=>0x00007effb0071000 VMThread [stack: 0x00007effa7445000,0x00007effa7546000] [id=29548]
  0x00007effb00b5000 WatcherThread [stack: 0x00007effa6ba6000,0x00007effa6ca7000] [id=29555]

VM state:at safepoint (normal execution)

VM Mutex/Monitor currently owned by a thread:  ([mutex/lock_event])
[0x00007effb0006640] Threads_lock - owner thread: 0x00007effb0071000
[0x00007effb0006b40] Heap_lock - owner thread: 0x00007effb000a000

Heap
 PSYoungGen      total 249856K, used 57676K [0x00000000eb680000, 0x00000000fff80000, 0x0000000100000000)
  eden space 163328K, 0% used [0x00000000eb680000,0x00000000eb680000,0x00000000f5600000)
  from space 86528K, 66% used [0x00000000fab00000,0x00000000fe353228,0x00000000fff80000)
  to   space 87040K, 0% used [0x00000000f5600000,0x00000000f5600000,0x00000000fab00000)
 ParOldGen       total 162816K, used 131781K [0x00000000c2400000, 0x00000000cc300000, 0x00000000eb680000)
  object space 162816K, 80% used [0x00000000c2400000,0x00000000ca4b1698,0x00000000cc300000)
 PSPermGen       total 49664K, used 25137K [0x00000000b7e00000, 0x00000000bae80000, 0x00000000c2400000)
  object space 49664K, 50% used [0x00000000b7e00000,0x00000000b968c598,0x00000000bae80000)

Card table byte_map: [0x00007effac797000,0x00007effac9d9000] byte_map_base: 0x00007effac1d8000

Polling page: 0x00007effb6ff5000

Code Cache  [0x00007effac9d9000, 0x00007efface39000, 0x00007effaf9d9000)
 total_blobs=1733 nmethods=1403 adapters=282 free_code_cache=44803Kb largest_free_block=45780480

Compilation events (10 events):
Event: 63.220 Thread 0x00007effb00a8000 1690             sun.util.calendar.AbstractCalendar::getCalendarDate (217 bytes)
Event: 63.237 Thread 0x00007effb00a8000 nmethod 1690 0x00007effacb3b350 code [0x00007effacb3b4a0, 0x00007effacb3b7c8]
Event: 66.095 Thread 0x00007effb00a5000 1691             sun.util.calendar.BaseCalendar::getCalendarDateFromFixedDate (305 bytes)
Event: 66.095 Thread 0x00007effb00a8000 1692             sun.util.calendar.BaseCalendar$Date::hit (24 bytes)
Event: 66.105 Thread 0x00007effb00a8000 nmethod 1692 0x00007effacd54810 code [0x00007effacd54940, 0x00007effacd54998]
Event: 66.113 Thread 0x00007effb00a5000 nmethod 1691 0x00007effacb3ff90 code [0x00007effacb40100, 0x00007effacb40678]
Event: 68.210 Thread 0x00007effb00a8000 1693   !         java.io.FileOutputStream::write (51 bytes)
Event: 68.221 Thread 0x00007effb00a8000 nmethod 1693 0x00007effacb3bb50 code [0x00007effacb3bca0, 0x00007effacb3bd28]
Event: 70.972 Thread 0x00007effb00a5000 1695             java.util.jar.JarFile::maybeInstantiateVerifier (96 bytes)
Event: 71.012 Thread 0x00007effb00a5000 nmethod 1695 0x00007effacbd9910 code [0x00007effacbd9ac0, 0x00007effacbd9f88]

GC Heap History (10 events):
Event: 66.748 GC heap after
Heap after GC invocations=23 (full 2):
 PSYoungGen      total 240640K, used 57817K [0x00000000eb680000, 0x0000000100000000, 0x0000000100000000)
  eden space 182784K, 0% used [0x00000000eb680000,0x00000000eb680000,0x00000000f6900000)
  from space 57856K, 99% used [0x00000000f6900000,0x00000000fa176430,0x00000000fa180000)
  to   space 81920K, 0% used [0x00000000fb000000,0x00000000fb000000,0x0000000100000000)
 ParOldGen       total 162816K, used 116419K [0x00000000c2400000, 0x00000000cc300000, 0x00000000eb680000)
  object space 162816K, 71% used [0x00000000c2400000,0x00000000c95b0d38,0x00000000cc300000)
 PSPermGen       total 49664K, used 25135K [0x00000000b7e00000, 0x00000000bae80000, 0x00000000c2400000)
  object space 49664K, 50% used [0x00000000b7e00000,0x00000000b968bf60,0x00000000bae80000)
}
Event: 68.974 GC heap before
{Heap before GC invocations=24 (full 2):
 PSYoungGen      total 240640K, used 240601K [0x00000000eb680000, 0x0000000100000000, 0x0000000100000000)
  eden space 182784K, 100% used [0x00000000eb680000,0x00000000f6900000,0x00000000f6900000)
  from space 57856K, 99% used [0x00000000f6900000,0x00000000fa176430,0x00000000fa180000)
  to   space 81920K, 0% used [0x00000000fb000000,0x00000000fb000000,0x0000000100000000)
 ParOldGen       total 162816K, used 116419K [0x00000000c2400000, 0x00000000cc300000, 0x00000000eb680000)
  object space 162816K, 71% used [0x00000000c2400000,0x00000000c95b0d38,0x00000000cc300000)
 PSPermGen       total 49664K, used 25136K [0x00000000b7e00000, 0x00000000bae80000, 0x00000000c2400000)
  object space 49664K, 50% used [0x00000000b7e00000,0x00000000b968c220,0x00000000bae80000)
Event: 69.033 GC heap after
Heap after GC invocations=24 (full 2):
 PSYoungGen      total 249344K, used 56036K [0x00000000eb680000, 0x0000000100000000, 0x0000000100000000)
  eden space 167424K, 0% used [0x00000000eb680000,0x00000000eb680000,0x00000000f5a00000)
  from space 81920K, 68% used [0x00000000fb000000,0x00000000fe6b9148,0x0000000100000000)
  to   space 84992K, 0% used [0x00000000f5a00000,0x00000000f5a00000,0x00000000fad00000)
 ParOldGen       total 162816K, used 116419K [0x00000000c2400000, 0x00000000cc300000, 0x00000000eb680000)
  object space 162816K, 71% used [0x00000000c2400000,0x00000000c95b0d38,0x00000000cc300000)
 PSPermGen       total 49664K, used 25136K [0x00000000b7e00000, 0x00000000bae80000, 0x00000000c2400000)
  object space 49664K, 50% used [0x00000000b7e00000,0x00000000b968c220,0x00000000bae80000)
}
Event: 70.738 GC heap before
{Heap before GC invocations=25 (full 2):
 PSYoungGen      total 249344K, used 223460K [0x00000000eb680000, 0x0000000100000000, 0x0000000100000000)
  eden space 167424K, 100% used [0x00000000eb680000,0x00000000f5a00000,0x00000000f5a00000)
  from space 81920K, 68% used [0x00000000fb000000,0x00000000fe6b9148,0x0000000100000000)
  to   space 84992K, 0% used [0x00000000f5a00000,0x00000000f5a00000,0x00000000fad00000)
 ParOldGen       total 162816K, used 116419K [0x00000000c2400000, 0x00000000cc300000, 0x00000000eb680000)
  object space 162816K, 71% used [0x00000000c2400000,0x00000000c95b0d38,0x00000000cc300000)
 PSPermGen       total 49664K, used 25136K [0x00000000b7e00000, 0x00000000bae80000, 0x00000000c2400000)
  object space 49664K, 50% used [0x00000000b7e00000,0x00000000b968c220,0x00000000bae80000)
Event: 70.820 GC heap after
Heap after GC invocations=25 (full 2):
 PSYoungGen      total 221696K, used 53837K [0x00000000eb680000, 0x0000000100000000, 0x0000000100000000)
  eden space 167424K, 0% used [0x00000000eb680000,0x00000000eb680000,0x00000000f5a00000)
  from space 54272K, 99% used [0x00000000f5a00000,0x00000000f8e93530,0x00000000f8f00000)
  to   space 86528K, 0% used [0x00000000fab80000,0x00000000fab80000,0x0000000100000000)
 ParOldGen       total 162816K, used 116419K [0x00000000c2400000, 0x00000000cc300000, 0x00000000eb680000)
  object space 162816K, 71% used [0x00000000c2400000,0x00000000c95b0d38,0x00000000cc300000)
 PSPermGen       total 49664K, used 25136K [0x00000000b7e00000, 0x00000000bae80000, 0x00000000c2400000)
  object space 49664K, 50% used [0x00000000b7e00000,0x00000000b968c220,0x00000000bae80000)
}
Event: 73.223 GC heap before
{Heap before GC invocations=26 (full 2):
 PSYoungGen      total 221696K, used 221261K [0x00000000eb680000, 0x0000000100000000, 0x0000000100000000)
  eden space 167424K, 100% used [0x00000000eb680000,0x00000000f5a00000,0x00000000f5a00000)
  from space 54272K, 99% used [0x00000000f5a00000,0x00000000f8e93530,0x00000000f8f00000)
  to   space 86528K, 0% used [0x00000000fab80000,0x00000000fab80000,0x0000000100000000)
 ParOldGen       total 162816K, used 116419K [0x00000000c2400000, 0x00000000cc300000, 0x00000000eb680000)
  object space 162816K, 71% used [0x00000000c2400000,0x00000000c95b0d38,0x00000000cc300000)
 PSPermGen       total 49664K, used 25136K [0x00000000b7e00000, 0x00000000bae80000, 0x00000000c2400000)
  object space 49664K, 50% used [0x00000000b7e00000,0x00000000b968c3e8,0x00000000bae80000)
Event: 73.295 GC heap after
Heap after GC invocations=26 (full 2):
 PSYoungGen      total 249856K, used 53520K [0x00000000eb680000, 0x0000000100000000, 0x0000000100000000)
  eden space 163328K, 0% used [0x00000000eb680000,0x00000000eb680000,0x00000000f5600000)
  from space 86528K, 61% used [0x00000000fab80000,0x00000000fdfc4238,0x0000000100000000)
  to   space 87040K, 0% used [0x00000000f5600000,0x00000000f5600000,0x00000000fab00000)
 ParOldGen       total 162816K, used 121069K [0x00000000c2400000, 0x00000000cc300000, 0x00000000eb680000)
  object space 162816K, 74% used [0x00000000c2400000,0x00000000c9a3b688,0x00000000cc300000)
 PSPermGen       total 49664K, used 25136K [0x00000000b7e00000, 0x00000000bae80000, 0x00000000c2400000)
  object space 49664K, 50% used [0x00000000b7e00000,0x00000000b968c3e8,0x00000000bae80000)
}
Event: 75.177 GC heap before
{Heap before GC invocations=27 (full 2):
 PSYoungGen      total 249856K, used 216848K [0x00000000eb680000, 0x0000000100000000, 0x0000000100000000)
  eden space 163328K, 100% used [0x00000000eb680000,0x00000000f5600000,0x00000000f5600000)
  from space 86528K, 61% used [0x00000000fab80000,0x00000000fdfc4238,0x0000000100000000)
  to   space 87040K, 0% used [0x00000000f5600000,0x00000000f5600000,0x00000000fab00000)
 ParOldGen       total 162816K, used 121069K [0x00000000c2400000, 0x00000000cc300000, 0x00000000eb680000)
  object space 162816K, 74% used [0x00000000c2400000,0x00000000c9a3b688,0x00000000cc300000)
 PSPermGen       total 49664K, used 25137K [0x00000000b7e00000, 0x00000000bae80000, 0x00000000c2400000)
  object space 49664K, 50% used [0x00000000b7e00000,0x00000000b968c598,0x00000000bae80000)
Event: 75.265 GC heap after
Heap after GC invocations=27 (full 2):
 PSYoungGen      total 250368K, used 52040K [0x00000000eb680000, 0x00000000fff80000, 0x0000000100000000)
  eden space 163328K, 0% used [0x00000000eb680000,0x00000000eb680000,0x00000000f5600000)
  from space 87040K, 59% used [0x00000000f5600000,0x00000000f88d2078,0x00000000fab00000)
  to   space 86528K, 0% used [0x00000000fab00000,0x00000000fab00000,0x00000000fff80000)
 ParOldGen       total 162816K, used 124861K [0x00000000c2400000, 0x00000000cc300000, 0x00000000eb680000)
  object space 162816K, 76% used [0x00000000c2400000,0x00000000c9def698,0x00000000cc300000)
 PSPermGen       total 49664K, used 25137K [0x00000000b7e00000, 0x00000000bae80000, 0x00000000c2400000)
  object space 49664K, 50% used [0x00000000b7e00000,0x00000000b968c598,0x00000000bae80000)
}
Event: 77.561 GC heap before
{Heap before GC invocations=28 (full 2):
 PSYoungGen      total 250368K, used 215368K [0x00000000eb680000, 0x00000000fff80000, 0x0000000100000000)
  eden space 163328K, 100% used [0x00000000eb680000,0x00000000f5600000,0x00000000f5600000)
  from space 87040K, 59% used [0x00000000f5600000,0x00000000f88d2078,0x00000000fab00000)
  to   space 86528K, 0% used [0x00000000fab00000,0x00000000fab00000,0x00000000fff80000)
 ParOldGen       total 162816K, used 124861K [0x00000000c2400000, 0x00000000cc300000, 0x00000000eb680000)
  object space 162816K, 76% used [0x00000000c2400000,0x00000000c9def698,0x00000000cc300000)
 PSPermGen       total 49664K, used 25137K [0x00000000b7e00000, 0x00000000bae80000, 0x00000000c2400000)
  object space 49664K, 50% used [0x00000000b7e00000,0x00000000b968c598,0x00000000bae80000)

Deoptimization events (10 events):
Event: 46.522 Thread 0x00007effb000a000 Uncommon trap: reason=class_check action=maybe_recompile pc=0x00007effacc13dbc method=org.codehaus.plexus.util.IOUtil.copy(Ljava/io/InputStream;Ljava/io/OutputStream;I)V @ 10
Event: 46.596 Thread 0x00007effb000a000 Uncommon trap: reason=class_check action=maybe_recompile pc=0x00007effacc13dbc method=org.codehaus.plexus.util.IOUtil.copy(Ljava/io/InputStream;Ljava/io/OutputStream;I)V @ 10
Event: 46.663 Thread 0x00007effb000a000 Uncommon trap: reason=class_check action=maybe_recompile pc=0x00007effacc13dbc method=org.codehaus.plexus.util.IOUtil.copy(Ljava/io/InputStream;Ljava/io/OutputStream;I)V @ 10
Event: 46.744 Thread 0x00007effb000a000 Uncommon trap: reason=class_check action=maybe_recompile pc=0x00007effaca732b4 method=org.codehaus.plexus.util.IOUtil.copy(Ljava/io/InputStream;Ljava/io/OutputStream;I)V @ 10
Event: 46.794 Thread 0x00007effb000a000 Uncommon trap: reason=class_check action=maybe_recompile pc=0x00007effacbf93d4 method=org.codehaus.plexus.util.IOUtil.copy(Ljava/io/InputStream;Ljava/io/OutputStream;I)V @ 10
Event: 54.167 Thread 0x00007effb000a000 Uncommon trap: reason=class_check action=maybe_recompile pc=0x00007effacd6fce0 method=org.codehaus.plexus.util.IOUtil.close(Ljava/io/InputStream;)V @ 6
Event: 58.996 Thread 0x00007effb000a000 Uncommon trap: reason=unstable_if action=reinterpret pc=0x00007effacc16da0 method=sun.util.calendar.AbstractCalendar.getCalendarDate(JLsun/util/calendar/CalendarDate;)Lsun/util/calendar/CalendarDate; @ 20
Event: 63.275 Thread 0x00007effb000a000 Uncommon trap: reason=unstable_if action=reinterpret pc=0x00007effacc17824 method=sun.util.calendar.BaseCalendar$Date.hit(J)Z @ 6
Event: 63.276 Thread 0x00007effb000a000 Uncommon trap: reason=unstable_if action=reinterpret pc=0x00007effacdf9568 method=sun.util.calendar.BaseCalendar$Date.hit(J)Z @ 6
Event: 68.302 Thread 0x00007effb000a000 Uncommon trap: reason=unstable_if action=reinterpret pc=0x00007effacc121d4 method=java.util.jar.JarFile.maybeInstantiateVerifier()V @ 21

Internal exceptions (10 events):
Event: 25.497 Thread 0x00007effb000a000 Threw 0x00000000f0feac88 at /build/openjdk-7-hGnxiC/openjdk-7-7u95-2.6.4/build/openjdk/hotspot/src/share/vm/prims/jvm.cpp:1322
Event: 25.500 Thread 0x00007effb000a000 Threw 0x00000000f0ff0060 at /build/openjdk-7-hGnxiC/openjdk-7-7u95-2.6.4/build/openjdk/hotspot/src/share/vm/prims/jvm.cpp:1322
Event: 25.500 Thread 0x00007effb000a000 Threw 0x00000000f0ff56e8 at /build/openjdk-7-hGnxiC/openjdk-7-7u95-2.6.4/build/openjdk/hotspot/src/share/vm/prims/jvm.cpp:1322
Event: 25.501 Thread 0x00007effb000a000 Threw 0x00000000f0ffaad0 at /build/openjdk-7-hGnxiC/openjdk-7-7u95-2.6.4/build/openjdk/hotspot/src/share/vm/prims/jvm.cpp:1322
Event: 25.501 Thread 0x00007effb000a000 Threw 0x00000000f0fffcb0 at /build/openjdk-7-hGnxiC/openjdk-7-7u95-2.6.4/build/openjdk/hotspot/src/share/vm/prims/jvm.cpp:1322
Event: 25.502 Thread 0x00007effb000a000 Threw 0x00000000f100b788 at /build/openjdk-7-hGnxiC/openjdk-7-7u95-2.6.4/build/openjdk/hotspot/src/share/vm/prims/jvm.cpp:1322
Event: 25.502 Thread 0x00007effb000a000 Threw 0x00000000f1013738 at /build/openjdk-7-hGnxiC/openjdk-7-7u95-2.6.4/build/openjdk/hotspot/src/share/vm/prims/jvm.cpp:1322
Event: 25.503 Thread 0x00007effb000a000 Threw 0x00000000f101aa10 at /build/openjdk-7-hGnxiC/openjdk-7-7u95-2.6.4/build/openjdk/hotspot/src/share/vm/prims/jvm.cpp:1322
Event: 31.238 Thread 0x00007effb000a000 Implicit null exception at 0x00007effacc60268 to 0x00007effacc62b05
Event: 68.302 Thread 0x00007effb000a000 Implicit null exception at 0x00007effacc11dc3 to 0x00007effacc121c4

Events (10 events):
Event: 68.302 Thread 0x00007effb000a000 DEOPT UNPACKING pc=0x00007effaca12445 sp=0x00007effb6fe5638 mode 2
Event: 68.972 Executing VM operation: ParallelGCFailedAllocation
Event: 69.034 Executing VM operation: ParallelGCFailedAllocation done
Event: 70.736 Executing VM operation: ParallelGCFailedAllocation
Event: 70.820 Executing VM operation: ParallelGCFailedAllocation done
Event: 73.221 Executing VM operation: ParallelGCFailedAllocation
Event: 73.296 Executing VM operation: ParallelGCFailedAllocation done
Event: 75.175 Executing VM operation: ParallelGCFailedAllocation
Event: 75.265 Executing VM operation: ParallelGCFailedAllocation done
Event: 77.553 Executing VM operation: ParallelGCFailedAllocation


Dynamic libraries:
00400000-00401000 r-xp 00000000 fd:01 1029604                            /usr/lib/jvm/java-7-openjdk-amd64/jre/bin/java
00600000-00601000 r--p 00000000 fd:01 1029604                            /usr/lib/jvm/java-7-openjdk-amd64/jre/bin/java
00601000-00602000 rw-p 00001000 fd:01 1029604                            /usr/lib/jvm/java-7-openjdk-amd64/jre/bin/java
01829000-0186b000 rw-p 00000000 00:00 0                                  [heap]
b7e00000-bae80000 rw-p 00000000 00:00 0 
bae80000-c2400000 rw-p 00000000 00:00 0 
c2400000-cc300000 rw-p 00000000 00:00 0 
cc300000-eb680000 rw-p 00000000 00:00 0 
eb680000-fff80000 rw-p 00000000 00:00 0 
7eff68000000-7eff68021000 rw-p 00000000 00:00 0 
7eff68021000-7eff6c000000 ---p 00000000 00:00 0 
7eff70000000-7eff70021000 rw-p 00000000 00:00 0 
7eff70021000-7eff74000000 ---p 00000000 00:00 0 
7eff74000000-7eff74021000 rw-p 00000000 00:00 0 
7eff74021000-7eff78000000 ---p 00000000 00:00 0 
7eff78000000-7eff78021000 rw-p 00000000 00:00 0 
7eff78021000-7eff7c000000 ---p 00000000 00:00 0 
7eff7c000000-7eff7c021000 rw-p 00000000 00:00 0 
7eff7c021000-7eff80000000 ---p 00000000 00:00 0 
7eff80000000-7eff817c4000 rw-p 00000000 00:00 0 
7eff817c4000-7eff84000000 ---p 00000000 00:00 0 
7eff84000000-7eff84021000 rw-p 00000000 00:00 0 
7eff84021000-7eff88000000 ---p 00000000 00:00 0 
7eff88000000-7eff88021000 rw-p 00000000 00:00 0 
7eff88021000-7eff8c000000 ---p 00000000 00:00 0 
7eff8c000000-7eff8df28000 rw-p 00000000 00:00 0 
7eff8df28000-7eff90000000 ---p 00000000 00:00 0 
7eff90000000-7eff90021000 rw-p 00000000 00:00 0 
7eff90021000-7eff94000000 ---p 00000000 00:00 0 
7eff94000000-7eff94021000 rw-p 00000000 00:00 0 
7eff94021000-7eff98000000 ---p 00000000 00:00 0 
7eff98000000-7eff98032000 rw-p 00000000 00:00 0 
7eff98032000-7eff9c000000 ---p 00000000 00:00 0 
7eff9dbf0000-7effa0000000 rw-p 00000000 00:00 0 
7effa0000000-7effa002f000 rw-p 00000000 00:00 0 
7effa002f000-7effa4000000 ---p 00000000 00:00 0 
7effa477d000-7effa47ba000 r--s 00600000 fd:01 1540178                    /home/ubuntu/.m2/repository/nz/ac/waikato/cms/weka/weka-stable/3.6.11/weka-stable-3.6.11.jar
7effa47ba000-7effa47bd000 ---p 00000000 00:00 0 
7effa47bd000-7effa48bb000 rw-p 00000000 00:00 0 
7effa48bb000-7effa48d0000 r--s 000dd000 fd:01 527037                     /home/ubuntu/.m2/repository/org/apache/logging/log4j/log4j-core/2.4.1/log4j-core-2.4.1.jar
7effa48f3000-7effa48f5000 r--s 00018000 fd:01 1030025                    /usr/lib/jvm/java-7-openjdk-amd64/jre/lib/jce.jar
7effa48f8000-7effa4924000 r--s 00208000 fd:01 1544387                    /home/ubuntu/.m2/repository/com/google/guava/guava/19.0/guava-19.0.jar
7effa4924000-7effa4925000 r--s 0000a000 fd:01 527221                     /home/ubuntu/.m2/repository/org/ow2/asm/asm-util/5.0.4/asm-util-5.0.4.jar
7effa4925000-7effa4926000 r--s 00004000 fd:01 527217                     /home/ubuntu/.m2/repository/org/ow2/asm/asm-analysis/5.0.4/asm-analysis-5.0.4.jar
7effa4926000-7effa4928000 r--s 00004000 fd:01 527208                     /home/ubuntu/.m2/repository/org/vafer/jdependency/1.1/jdependency-1.1.jar
7effa4928000-7effa492c000 r--s 0002f000 fd:01 1544384                    /home/ubuntu/.m2/repository/commons-io/commons-io/2.5/commons-io-2.5.jar
7effa492c000-7effa4930000 r--s 0001d000 fd:01 1290025                    /home/ubuntu/.m2/repository/org/eclipse/aether/aether-util/0.9.0.M2/aether-util-0.9.0.M2.jar
7effa4930000-7effa4933000 r--s 0000d000 fd:01 1544369                    /home/ubuntu/.m2/repository/org/apache/maven/shared/maven-dependency-tree/2.2/maven-dependency-tree-2.2.jar
7effa4933000-7effa4935000 r--s 00023000 fd:01 527213                     /home/ubuntu/.m2/repository/org/jdom/jdom/1.1.3/jdom-1.1.3.jar
7effa4935000-7effa4937000 r--s 00006000 fd:01 527211                     /home/ubuntu/.m2/repository/org/ow2/asm/asm-tree/5.1/asm-tree-5.1.jar
7effa4937000-7effa4939000 r--s 0000a000 fd:01 527209                     /home/ubuntu/.m2/repository/org/ow2/asm/asm-commons/5.1/asm-commons-5.1.jar
7effa4939000-7effa493b000 r--s 0000c000 fd:01 527207                     /home/ubuntu/.m2/repository/org/ow2/asm/asm/5.1/asm-5.1.jar
7effa493b000-7effa4941000 r--s 00033000 fd:01 1544378                    /home/ubuntu/.m2/repository/commons-codec/commons-codec/1.6/commons-codec-1.6.jar
7effa4941000-7effa4944000 r--s 00023000 fd:01 1544377                    /home/ubuntu/.m2/repository/org/apache/maven/shared/maven-shared-utils/3.0.0/maven-shared-utils-3.0.0.jar
7effa4944000-7effa4946000 r--s 0000c000 fd:01 1544367                    /home/ubuntu/.m2/repository/org/apache/maven/shared/maven-common-artifact-filters/3.0.0/maven-common-artifact-filters-3.0.0.jar
7effa4946000-7effa494b000 r--s 0001a000 fd:01 1544374                    /home/ubuntu/.m2/repository/org/apache/maven/shared/maven-artifact-transfer/0.9.0/maven-artifact-transfer-0.9.0.jar
7effa494b000-7effa494f000 r--s 00039000 fd:01 1290393                    /home/ubuntu/.m2/repository/org/codehaus/plexus/plexus-utils/3.0.24/plexus-utils-3.0.24.jar
7effa494f000-7effa4951000 r--s 00002000 fd:01 1543128                    /home/ubuntu/.m2/repository/org/sonatype/plexus/plexus-cipher/1.4/plexus-cipher-1.4.jar
7effa4951000-7effa4952000 r--s 00006000 fd:01 1543125                    /home/ubuntu/.m2/repository/org/sonatype/plexus/plexus-sec-dispatcher/1.3/plexus-sec-dispatcher-1.3.jar
7effa4952000-7effa4954000 r--s 00000000 fd:01 1544368                    /home/ubuntu/.m2/repository/org/codehaus/plexus/plexus-component-annotations/1.6/plexus-component-annotations-1.6.jar
7effa4954000-7effa4958000 r--s 00017000 fd:01 1290397                    /home/ubuntu/.m2/repository/org/sonatype/aether/aether-util/1.7/aether-util-1.7.jar
7effa4958000-7effa4963000 r--s 00069000 fd:01 1290388                    /home/ubuntu/.m2/repository/org/sonatype/sisu/sisu-guice/2.1.7/sisu-guice-2.1.7-noaop.jar
7effa4963000-7effa4968000 r--s 00021000 fd:01 1290386                    /home/ubuntu/.m2/repository/org/sonatype/sisu/sisu-inject-bean/1.4.2/sisu-inject-bean-1.4.2.jar
7effa4968000-7effa496b000 r--s 00019000 fd:01 526382                     /home/ubuntu/.m2/repository/org/apache/maven/plugins/maven-shade-plugin/3.0.0/maven-shade-plugin-3.0.0.jar
7effa496b000-7effa496f000 r--s 00034000 fd:01 1290003                    /home/ubuntu/.m2/repository/org/codehaus/plexus/plexus-utils/3.0/plexus-utils-3.0.jar
7effa496f000-7effa4973000 r--s 0002f000 fd:01 1541322                    /home/ubuntu/.m2/repository/commons-lang/commons-lang/2.1/commons-lang-2.1.jar
7effa4973000-7effa4976000 r--s 0000c000 fd:01 1541320                    /home/ubuntu/.m2/repository/org/codehaus/plexus/plexus-io/2.0.2/plexus-io-2.0.2.jar
7effa4976000-7effa497b000 r--s 00029000 fd:01 1541316                    /home/ubuntu/.m2/repository/org/codehaus/plexus/plexus-archiver/2.1/plexus-archiver-2.1.jar
7effa497b000-7effa497e000 ---p 00000000 00:00 0 
7effa497e000-7effa4a7c000 rw-p 00000000 00:00 0 
7effa4a7c000-7effa4a7f000 ---p 00000000 00:00 0 
7effa4a7f000-7effa4ab5000 rw-p 00000000 00:00 0 
7effa4ab5000-7effa4ab8000 ---p 00000000 00:00 0 
7effa4ab8000-7effa4bb6000 rw-p 00000000 00:00 0 
7effa4bb6000-7effa4bb9000 ---p 00000000 00:00 0 
7effa4bb9000-7effa4cb7000 rw-p 00000000 00:00 0 
7effa4cb7000-7effa4cba000 ---p 00000000 00:00 0 
7effa4cba000-7effa4db8000 rw-p 00000000 00:00 0 
7effa4db8000-7effa4e23000 r--s 0069d000 fd:01 1536696                    /usr/lib/jvm/java-7-openjdk-amd64/lib/tools.jar
7effa4e23000-7effa4e25000 r--s 0000d000 fd:01 1544357                    /home/ubuntu/.m2/repository/org/codehaus/plexus/plexus-interpolation/1.14/plexus-interpolation-1.14.jar
7effa4e25000-7effa4e27000 r--s 0000d000 fd:01 1541318                    /home/ubuntu/.m2/repository/org/codehaus/plexus/plexus-interpolation/1.15/plexus-interpolation-1.15.jar
7effa4e27000-7effa4e29000 r--s 00004000 fd:01 1541314                    /home/ubuntu/.m2/repository/org/apache/maven/maven-archiver/2.5/maven-archiver-2.5.jar
7effa4e29000-7effa4e2b000 r--s 00007000 fd:01 1540081                    /home/ubuntu/.m2/repository/org/apache/maven/plugins/maven-jar-plugin/2.4/maven-jar-plugin-2.4.jar
7effa4e2b000-7effa4e2e000 ---p 00000000 00:00 0 
7effa4e2e000-7effa4f2c000 rw-p 00000000 00:00 0 
7effa4f2c000-7effa4f2f000 ---p 00000000 00:00 0 
7effa4f2f000-7effa502d000 rw-p 00000000 00:00 0 
7effa502d000-7effa502f000 r--s 00002000 fd:01 1541288                    /home/ubuntu/.m2/repository/org/apache/maven/plugin-tools/maven-plugin-annotations/3.1/maven-plugin-annotations-3.1.jar
7effa502f000-7effa5030000 r--s 00002000 fd:01 1541283                    /home/ubuntu/.m2/repository/org/apache/maven/reporting/maven-reporting-api/2.0.9/maven-reporting-api-2.0.9.jar
7effa5030000-7effa5034000 r--s 00035000 fd:01 1541282                    /home/ubuntu/.m2/repository/org/codehaus/plexus/plexus-utils/3.0.8/plexus-utils-3.0.8.jar
7effa5034000-7effa5036000 r--s 00006000 fd:01 1541279                    /home/ubuntu/.m2/repository/org/apache/maven/shared/maven-common-artifact-filters/1.3/maven-common-artifact-filters-1.3.jar
7effa5036000-7effa503c000 r--s 00048000 fd:01 1030697                    /home/ubuntu/.m2/repository/org/apache/commons/commons-lang3/3.1/commons-lang3-3.1.jar
7effa503c000-7effa5041000 r--s 0003c000 fd:01 1541275                    /home/ubuntu/.m2/repository/org/apache/maven/surefire/maven-surefire-common/2.12.4/maven-surefire-common-2.12.4.jar
7effa5041000-7effa5045000 r--s 00019000 fd:01 1541277                    /home/ubuntu/.m2/repository/org/apache/maven/surefire/surefire-api/2.12.4/surefire-api-2.12.4.jar
7effa5045000-7effa5047000 r--s 00007000 fd:01 1541273                    /home/ubuntu/.m2/repository/org/apache/maven/surefire/surefire-booter/2.12.4/surefire-booter-2.12.4.jar
7effa5047000-7effa5048000 r--s 00007000 fd:01 1540074                    /home/ubuntu/.m2/repository/org/apache/maven/plugins/maven-surefire-plugin/2.12.4/maven-surefire-plugin-2.12.4.jar
7effa5048000-7effa504b000 r--s 0001b000 fd:01 776012                     /home/ubuntu/.m2/repository/junit/junit/3.8.2/junit-3.8.2.jar
7effa504b000-7effa5059000 r--s 0008f000 fd:01 1541216                    /home/ubuntu/.m2/repository/com/google/collections/google-collections/1.0/google-collections-1.0.jar
7effa5059000-7effa505a000 r--s 0000a000 fd:01 1541213                    /home/ubuntu/.m2/repository/commons-logging/commons-logging-api/1.1/commons-logging-api-1.1.jar
7effa505a000-7effa5061000 r--s 00051000 fd:01 1541192                    /home/ubuntu/.m2/repository/log4j/log4j/1.2.12/log4j-1.2.12.jar
7effa5061000-7effa5065000 r--s 0001d000 fd:01 776009                     /home/ubuntu/.m2/repository/org/apache/xbean/xbean-reflect/3.4/xbean-reflect-3.4.jar
7effa5065000-7effa5066000 r--s 00004000 fd:01 1541205                    /home/ubuntu/.m2/repository/org/codehaus/plexus/plexus-compiler-javac/2.2/plexus-compiler-javac-2.2.jar
7effa5066000-7effa5068000 r--s 00000000 fd:01 1541203                    /home/ubuntu/.m2/repository/org/codehaus/plexus/plexus-compiler-manager/2.2/plexus-compiler-manager-2.2.jar
7effa5068000-7effa506a000 r--s 00005000 fd:01 1541204                    /home/ubuntu/.m2/repository/org/codehaus/plexus/plexus-compiler-api/2.2/plexus-compiler-api-2.2.jar
7effa506a000-7effa506c000 r--s 00000000 fd:01 1540969                    /home/ubuntu/.m2/repository/org/codehaus/plexus/plexus-component-annotations/1.5.5/plexus-component-annotations-1.5.5.jar
7effa506c000-7effa506e000 r--s 00002000 fd:01 1541199                    /home/ubuntu/.m2/repository/org/apache/maven/shared/maven-shared-incremental/1.1/maven-shared-incremental-1.1.jar
7effa506e000-7effa5070000 r--s 00006000 fd:01 1541195                    /home/ubuntu/.m2/repository/com/google/code/findbugs/jsr305/2.0.1/jsr305-2.0.1.jar
7effa5070000-7effa5073000 r--s 00023000 fd:01 1541197                    /home/ubuntu/.m2/repository/org/apache/maven/shared/maven-shared-utils/0.1/maven-shared-utils-0.1.jar
7effa5073000-7effa5077000 r--s 00030000 fd:01 1541191                    /home/ubuntu/.m2/repository/org/codehaus/plexus/plexus-utils/1.5.1/plexus-utils-1.5.1.jar
7effa5077000-7effa5079000 r--s 00009000 fd:01 1540061                    /home/ubuntu/.m2/repository/org/apache/maven/plugins/maven-compiler-plugin/3.1/maven-compiler-plugin-3.1.jar
7effa5079000-7effa507b000 r--s 0000d000 fd:01 1541061                    /home/ubuntu/.m2/repository/org/codehaus/plexus/plexus-interpolation/1.13/plexus-interpolation-1.13.jar
7effa507b000-7effa507d000 r--s 00009000 fd:01 1541055                    /home/ubuntu/.m2/repository/org/apache/maven/shared/maven-filtering/1.1/maven-filtering-1.1.jar
7effa507d000-7effa5081000 r--s 00033000 fd:01 1541046                    /home/ubuntu/.m2/repository/org/codehaus/plexus/plexus-utils/2.0.5/plexus-utils-2.0.5.jar
7effa5081000-7effa5084000 r--s 0001b000 fd:01 775968                     /home/ubuntu/.m2/repository/junit/junit/3.8.1/junit-3.8.1.jar
7effa5084000-7effa5086000 r--s 00002000 fd:01 1540908                    /home/ubuntu/.m2/repository/org/codehaus/plexus/plexus-interactivity-api/1.0-alpha-4/plexus-interactivity-api-1.0-alpha-4.jar
7effa5086000-7effa5088000 r--s 00006000 fd:01 1540905                    /home/ubuntu/.m2/repository/commons-cli/commons-cli/1.0/commons-cli-1.0.jar
7effa5088000-7effa5389000 rw-p 00000000 00:00 0 
7effa5389000-7effa53f7000 r-xp 00000000 fd:01 2141                       /lib/x86_64-linux-gnu/libpcre.so.3.13.2
7effa53f7000-7effa55f7000 ---p 0006e000 fd:01 2141                       /lib/x86_64-linux-gnu/libpcre.so.3.13.2
7effa55f7000-7effa55f8000 r--p 0006e000 fd:01 2141                       /lib/x86_64-linux-gnu/libpcre.so.3.13.2
7effa55f8000-7effa55f9000 rw-p 0006f000 fd:01 2141                       /lib/x86_64-linux-gnu/libpcre.so.3.13.2
7effa55f9000-7effa5600000 r-xp 00000000 fd:01 25752                      /usr/lib/x86_64-linux-gnu/libffi.so.6.0.4
7effa5600000-7effa57ff000 ---p 00007000 fd:01 25752                      /usr/lib/x86_64-linux-gnu/libffi.so.6.0.4
7effa57ff000-7effa5800000 r--p 00006000 fd:01 25752                      /usr/lib/x86_64-linux-gnu/libffi.so.6.0.4
7effa5800000-7effa5801000 rw-p 00007000 fd:01 25752                      /usr/lib/x86_64-linux-gnu/libffi.so.6.0.4
7effa5801000-7effa5818000 r-xp 00000000 fd:01 3284                       /lib/x86_64-linux-gnu/libresolv-2.23.so
7effa5818000-7effa5a18000 ---p 00017000 fd:01 3284                       /lib/x86_64-linux-gnu/libresolv-2.23.so
7effa5a18000-7effa5a19000 r--p 00017000 fd:01 3284                       /lib/x86_64-linux-gnu/libresolv-2.23.so
7effa5a19000-7effa5a1a000 rw-p 00018000 fd:01 3284                       /lib/x86_64-linux-gnu/libresolv-2.23.so
7effa5a1a000-7effa5a1c000 rw-p 00000000 00:00 0 
7effa5a1c000-7effa5a3b000 r-xp 00000000 fd:01 2151                       /lib/x86_64-linux-gnu/libselinux.so.1
7effa5a3b000-7effa5c3a000 ---p 0001f000 fd:01 2151                       /lib/x86_64-linux-gnu/libselinux.so.1
7effa5c3a000-7effa5c3b000 r--p 0001e000 fd:01 2151                       /lib/x86_64-linux-gnu/libselinux.so.1
7effa5c3b000-7effa5c3c000 rw-p 0001f000 fd:01 2151                       /lib/x86_64-linux-gnu/libselinux.so.1
7effa5c3c000-7effa5c3e000 rw-p 00000000 00:00 0 
7effa5c3e000-7effa5c41000 r-xp 00000000 fd:01 25774                      /usr/lib/x86_64-linux-gnu/libgmodule-2.0.so.0.4800.2
7effa5c41000-7effa5e40000 ---p 00003000 fd:01 25774                      /usr/lib/x86_64-linux-gnu/libgmodule-2.0.so.0.4800.2
7effa5e40000-7effa5e41000 r--p 00002000 fd:01 25774                      /usr/lib/x86_64-linux-gnu/libgmodule-2.0.so.0.4800.2
7effa5e41000-7effa5e42000 rw-p 00003000 fd:01 25774                      /usr/lib/x86_64-linux-gnu/libgmodule-2.0.so.0.4800.2
7effa5e42000-7effa5f51000 r-xp 00000000 fd:01 2210                       /lib/x86_64-linux-gnu/libglib-2.0.so.0.4800.2
7effa5f51000-7effa6150000 ---p 0010f000 fd:01 2210                       /lib/x86_64-linux-gnu/libglib-2.0.so.0.4800.2
7effa6150000-7effa6151000 r--p 0010e000 fd:01 2210                       /lib/x86_64-linux-gnu/libglib-2.0.so.0.4800.2
7effa6151000-7effa6152000 rw-p 0010f000 fd:01 2210                       /lib/x86_64-linux-gnu/libglib-2.0.so.0.4800.2
7effa6152000-7effa6153000 rw-p 00000000 00:00 0 
7effa6153000-7effa61a5000 r-xp 00000000 fd:01 25779                      /usr/lib/x86_64-linux-gnu/libgobject-2.0.so.0.4800.2
7effa61a5000-7effa63a4000 ---p 00052000 fd:01 25779                      /usr/lib/x86_64-linux-gnu/libgobject-2.0.so.0.4800.2
7effa63a4000-7effa63a5000 r--p 00051000 fd:01 25779                      /usr/lib/x86_64-linux-gnu/libgobject-2.0.so.0.4800.2
7effa63a5000-7effa63a6000 rw-p 00052000 fd:01 25779                      /usr/lib/x86_64-linux-gnu/libgobject-2.0.so.0.4800.2
7effa63a6000-7effa6526000 r-xp 00000000 fd:01 25780                      /usr/lib/x86_64-linux-gnu/libgio-2.0.so.0.4800.2
7effa6526000-7effa6726000 ---p 00180000 fd:01 25780                      /usr/lib/x86_64-linux-gnu/libgio-2.0.so.0.4800.2
7effa6726000-7effa672a000 r--p 00180000 fd:01 25780                      /usr/lib/x86_64-linux-gnu/libgio-2.0.so.0.4800.2
7effa672a000-7effa672c000 rw-p 00184000 fd:01 25780                      /usr/lib/x86_64-linux-gnu/libgio-2.0.so.0.4800.2
7effa672c000-7effa672e000 rw-p 00000000 00:00 0 
7effa672e000-7effa672f000 r--s 00001000 fd:01 1541060                    /home/ubuntu/.m2/repository/org/sonatype/plexus/plexus-build-api/0.0.4/plexus-build-api-0.0.4.jar
7effa672f000-7effa6730000 r--s 00001000 fd:01 1541045                    /home/ubuntu/.m2/repository/org/apache/maven/doxia/doxia-sink-api/1.0-alpha-7/doxia-sink-api-1.0-alpha-7.jar
7effa6730000-7effa6731000 r--s 00002000 fd:01 1541043                    /home/ubuntu/.m2/repository/org/apache/maven/reporting/maven-reporting-api/2.0.6/maven-reporting-api-2.0.6.jar
7effa6731000-7effa6733000 r--s 00006000 fd:01 1540054                    /home/ubuntu/.m2/repository/org/apache/maven/plugins/maven-resources-plugin/2.6/maven-resources-plugin-2.6.jar
7effa6733000-7effa6737000 r--s 0004f000 fd:01 1030100                    /usr/lib/jvm/java-7-openjdk-amd64/jre/lib/jsse.jar
7effa6737000-7effa674e000 r-xp 00000000 fd:01 1030041                    /usr/lib/jvm/java-7-openjdk-amd64/jre/lib/amd64/libnet.so
7effa674e000-7effa694e000 ---p 00017000 fd:01 1030041                    /usr/lib/jvm/java-7-openjdk-amd64/jre/lib/amd64/libnet.so
7effa694e000-7effa694f000 r--p 00017000 fd:01 1030041                    /usr/lib/jvm/java-7-openjdk-amd64/jre/lib/amd64/libnet.so
7effa694f000-7effa6950000 rw-p 00018000 fd:01 1030041                    /usr/lib/jvm/java-7-openjdk-amd64/jre/lib/amd64/libnet.so
7effa6950000-7effa6961000 r-xp 00000000 fd:01 1030065                    /usr/lib/jvm/java-7-openjdk-amd64/jre/lib/amd64/libnio.so
7effa6961000-7effa6b60000 ---p 00011000 fd:01 1030065                    /usr/lib/jvm/java-7-openjdk-amd64/jre/lib/amd64/libnio.so
7effa6b60000-7effa6b61000 r--p 00010000 fd:01 1030065                    /usr/lib/jvm/java-7-openjdk-amd64/jre/lib/amd64/libnio.so
7effa6b61000-7effa6b62000 rw-p 00011000 fd:01 1030065                    /usr/lib/jvm/java-7-openjdk-amd64/jre/lib/amd64/libnio.so
7effa6b62000-7effa6b63000 r--s 0000a000 fd:01 775793                     /usr/local/share/maven/lib/maven-settings-3.3.9.jar
7effa6b63000-7effa6b67000 r--s 00020000 fd:01 775817                     /usr/local/share/maven/lib/aether-util-1.0.2.v20150114.jar
7effa6b67000-7effa6b69000 r--s 0000f000 fd:01 775814                     /usr/local/share/maven/lib/maven-aether-provider-3.3.9.jar
7effa6b69000-7effa6b6f000 r--s 00041000 fd:01 775821                     /usr/local/share/maven/lib/maven-compat-3.3.9.jar
7effa6b6f000-7effa6b72000 r--s 0000d000 fd:01 775800                     /usr/local/share/maven/lib/plexus-interpolation-1.21.jar
7effa6b72000-7effa6b75000 r--s 0000b000 fd:01 775822                     /usr/local/share/maven/lib/wagon-provider-api-2.10.jar
7effa6b75000-7effa6b7b000 r--s 00042000 fd:01 775827                     /usr/local/share/maven/lib/jsoup-1.7.2.jar
7effa6b7b000-7effa6ba6000 r--s 001fc000 fd:01 775813                     /usr/local/share/maven/lib/guava-18.0.jar
7effa6ba6000-7effa6ba7000 ---p 00000000 00:00 0 
7effa6ba7000-7effa6ca7000 rw-p 00000000 00:00 0 
7effa6ca7000-7effa6caa000 ---p 00000000 00:00 0 
7effa6caa000-7effa6da8000 rw-p 00000000 00:00 0 
7effa6da8000-7effa6dab000 ---p 00000000 00:00 0 
7effa6dab000-7effa6ea9000 rw-p 00000000 00:00 0 
7effa6ea9000-7effa6eac000 ---p 00000000 00:00 0 
7effa6eac000-7effa6faa000 rw-p 00000000 00:00 0 
7effa6faa000-7effa6fad000 ---p 00000000 00:00 0 
7effa6fad000-7effa70ab000 rw-p 00000000 00:00 0 
7effa70ab000-7effa7243000 r--p 00000000 fd:01 2039                       /usr/lib/locale/locale-archive
7effa7243000-7effa7246000 ---p 00000000 00:00 0 
7effa7246000-7effa7344000 rw-p 00000000 00:00 0 
7effa7344000-7effa7347000 ---p 00000000 00:00 0 
7effa7347000-7effa7445000 rw-p 00000000 00:00 0 
7effa7445000-7effa7446000 ---p 00000000 00:00 0 
7effa7446000-7effa7e4f000 rw-p 00000000 00:00 0 
7effa7e4f000-7effa8000000 r--s 01d30000 fd:01 1030080                    /usr/lib/jvm/java-7-openjdk-amd64/jre/lib/rt.jar
7effa8000000-7effa802d000 rw-p 00000000 00:00 0 
7effa802d000-7effac000000 ---p 00000000 00:00 0 
7effac000000-7effac001000 r--s 00003000 fd:01 775799                     /usr/local/share/maven/lib/maven-builder-support-3.3.9.jar
7effac001000-7effac002000 r--s 00002000 fd:01 775826                     /usr/local/share/maven/lib/wagon-http-shared-2.10.jar
7effac002000-7effac003000 r--s 00002000 fd:01 775830                     /usr/local/share/maven/lib/wagon-file-2.10.jar
7effac003000-7effac005000 r--s 00005000 fd:01 775823                     /usr/local/share/maven/lib/slf4j-api-1.7.5.jar
7effac005000-7effac009000 r--s 00038000 fd:01 775794                     /usr/local/share/maven/lib/plexus-utils-3.0.22.jar
7effac009000-7effac00b000 r--s 00002000 fd:01 775803                     /usr/local/share/maven/lib/plexus-cipher-1.7.jar
7effac00b000-7effac00d000 r--s 00006000 fd:01 775816                     /usr/local/share/maven/lib/aether-spi-1.0.2.v20150114.jar
7effac00d000-7effac00e000 r--s 00002000 fd:01 775833                     /usr/local/share/maven/lib/slf4j-simple-1.7.5.jar
7effac00e000-7effac011000 r--s 00008000 fd:01 775808                     /usr/local/share/maven/lib/cdi-api-1.0.jar
7effac011000-7effac012000 r--s 00006000 fd:01 775802                     /usr/local/share/maven/lib/plexus-sec-dispatcher-1.3.jar
7effac012000-7effac014000 r--s 0000c000 fd:01 775805                     /usr/local/share/maven/lib/maven-artifact-3.3.9.jar
7effac014000-7effac016000 r--s 00005000 fd:01 775832                     /usr/local/share/maven/lib/aether-transport-wagon-1.0.2.v20150114.jar
7effac016000-7effac017000 r--s 00006000 fd:01 775804                     /usr/local/share/maven/lib/maven-repository-metadata-3.3.9.jar
7effac017000-7effac018000 r--s 00001000 fd:01 775809                     /usr/local/share/maven/lib/jsr250-api-1.0.jar
7effac018000-7effac01e000 r--s 0002d000 fd:01 775807                     /usr/local/share/maven/lib/org.eclipse.sisu.plexus-0.3.2.jar
7effac01e000-7effac026000 r--s 00055000 fd:01 775811                     /usr/local/share/maven/lib/org.eclipse.sisu.inject-0.3.2.jar
7effac026000-7effac02d000 r--s 00064000 fd:01 775797                     /usr/local/share/maven/lib/commons-lang3-3.4.jar
7effac02d000-7effac036000 r--s 0005f000 fd:01 775819                     /usr/local/share/maven/lib/guice-4.0-no_aop.jar
7effac036000-7effac037000 r--s 00008000 fd:01 775831                     /usr/local/share/maven/lib/aether-connector-basic-1.0.2.v20150114.jar
7effac037000-7effac03b000 r--s 00027000 fd:01 775829                     /usr/local/share/maven/lib/commons-io-2.2.jar
7effac03b000-7effac03e000 r--s 00026000 fd:01 775796                     /usr/local/share/maven/lib/maven-model-3.3.9.jar
7effac03e000-7effac041000 r--s 00013000 fd:01 775792                     /usr/local/share/maven/lib/maven-embedder-3.3.9.jar
7effac041000-7effac046000 r--s 0001d000 fd:01 775815                     /usr/local/share/maven/lib/aether-api-1.0.2.v20150114.jar
7effac046000-7effac048000 r--s 00009000 fd:01 775824                     /usr/local/share/maven/lib/commons-cli-1.2.jar
7effac048000-7effac049000 r--s 00000000 fd:01 775810                     /usr/local/share/maven/lib/javax.inject-1.jar
7effac049000-7effac04e000 r--s 00027000 fd:01 775812                     /usr/local/share/maven/lib/maven-model-builder-3.3.9.jar
7effac04e000-7effac07c000 r--s 001fa000 fd:01 775825                     /usr/local/share/maven/lib/wagon-http-2.10-shaded.jar
7effac07c000-7effac07e000 r--s 00009000 fd:01 775798                     /usr/local/share/maven/lib/maven-settings-builder-3.3.9.jar
7effac07e000-7effac08b000 r--s 0008f000 fd:01 775795                     /usr/local/share/maven/lib/maven-core-3.3.9.jar
7effac08b000-7effac08d000 r--s 0000a000 fd:01 775806                     /usr/local/share/maven/lib/maven-plugin-api-3.3.9.jar
7effac08d000-7effac44b000 rw-p 00000000 00:00 0 
7effac44b000-7effac44c000 ---p 00000000 00:00 0 
7effac44c000-7effac54c000 rw-p 00000000 00:00 0 
7effac54c000-7effac54d000 ---p 00000000 00:00 0 
7effac54d000-7effac69d000 rw-p 00000000 00:00 0 
7effac69d000-7effac797000 rw-p 00000000 00:00 0 
7effac797000-7effac7b0000 rw-p 00000000 00:00 0 
7effac7b0000-7effac7ea000 rw-p 00000000 00:00 0 
7effac7ea000-7effac83a000 rw-p 00000000 00:00 0 
7effac83a000-7effac933000 rw-p 00000000 00:00 0 
7effac933000-7effac9d8000 rw-p 00000000 00:00 0 
7effac9d8000-7effac9d9000 rw-p 00000000 00:00 0 
7effac9d9000-7efface39000 rwxp 00000000 00:00 0 
7efface39000-7effaf9d9000 rw-p 00000000 00:00 0 
7effaf9d9000-7effaf9e1000 r-xp 00000000 fd:01 1030047                    /usr/lib/jvm/java-7-openjdk-amd64/jre/lib/amd64/libzip.so
7effaf9e1000-7effafbe0000 ---p 00008000 fd:01 1030047                    /usr/lib/jvm/java-7-openjdk-amd64/jre/lib/amd64/libzip.so
7effafbe0000-7effafbe1000 r--p 00007000 fd:01 1030047                    /usr/lib/jvm/java-7-openjdk-amd64/jre/lib/amd64/libzip.so
7effafbe1000-7effafbe2000 rw-p 00008000 fd:01 1030047                    /usr/lib/jvm/java-7-openjdk-amd64/jre/lib/amd64/libzip.so
7effafbe2000-7effafbed000 r-xp 00000000 fd:01 3154                       /lib/x86_64-linux-gnu/libnss_files-2.23.so
7effafbed000-7effafdec000 ---p 0000b000 fd:01 3154                       /lib/x86_64-linux-gnu/libnss_files-2.23.so
7effafdec000-7effafded000 r--p 0000a000 fd:01 3154                       /lib/x86_64-linux-gnu/libnss_files-2.23.so
7effafded000-7effafdee000 rw-p 0000b000 fd:01 3154                       /lib/x86_64-linux-gnu/libnss_files-2.23.so
7effafdee000-7effafdf4000 rw-p 00000000 00:00 0 
7effafdf4000-7effafdff000 r-xp 00000000 fd:01 3275                       /lib/x86_64-linux-gnu/libnss_nis-2.23.so
7effafdff000-7effafffe000 ---p 0000b000 fd:01 3275                       /lib/x86_64-linux-gnu/libnss_nis-2.23.so
7effafffe000-7effaffff000 r--p 0000a000 fd:01 3275                       /lib/x86_64-linux-gnu/libnss_nis-2.23.so
7effaffff000-7effb0000000 rw-p 0000b000 fd:01 3275                       /lib/x86_64-linux-gnu/libnss_nis-2.23.so
7effb0000000-7effb1694000 rw-p 00000000 00:00 0 
7effb1694000-7effb4000000 ---p 00000000 00:00 0 
7effb4000000-7effb4005000 r--s 00041000 fd:01 775828                     /usr/local/share/maven/lib/commons-lang-2.6.jar
7effb4005000-7effb4007000 r--s 00000000 fd:01 775801                     /usr/local/share/maven/lib/plexus-component-annotations-1.6.jar
7effb4007000-7effb4009000 r--s 00000000 fd:01 775820                     /usr/local/share/maven/lib/aopalliance-1.0.jar
7effb4009000-7effb400d000 r--s 00027000 fd:01 775818                     /usr/local/share/maven/lib/aether-impl-1.0.2.v20150114.jar
7effb400d000-7effb404e000 rw-p 00000000 00:00 0 
7effb404e000-7effb4088000 rw-p 00000000 00:00 0 
7effb4088000-7effb409e000 r-xp 00000000 fd:01 3110                       /lib/x86_64-linux-gnu/libnsl-2.23.so
7effb409e000-7effb429d000 ---p 00016000 fd:01 3110                       /lib/x86_64-linux-gnu/libnsl-2.23.so
7effb429d000-7effb429e000 r--p 00015000 fd:01 3110                       /lib/x86_64-linux-gnu/libnsl-2.23.so
7effb429e000-7effb429f000 rw-p 00016000 fd:01 3110                       /lib/x86_64-linux-gnu/libnsl-2.23.so
7effb429f000-7effb42a1000 rw-p 00000000 00:00 0 
7effb42a1000-7effb42a9000 r-xp 00000000 fd:01 3282                       /lib/x86_64-linux-gnu/libnss_compat-2.23.so
7effb42a9000-7effb44a8000 ---p 00008000 fd:01 3282                       /lib/x86_64-linux-gnu/libnss_compat-2.23.so
7effb44a8000-7effb44a9000 r--p 00007000 fd:01 3282                       /lib/x86_64-linux-gnu/libnss_compat-2.23.so
7effb44a9000-7effb44aa000 rw-p 00008000 fd:01 3282                       /lib/x86_64-linux-gnu/libnss_compat-2.23.so
7effb44aa000-7effb44d6000 r-xp 00000000 fd:01 1030032                    /usr/lib/jvm/java-7-openjdk-amd64/jre/lib/amd64/libjava.so
7effb44d6000-7effb46d5000 ---p 0002c000 fd:01 1030032                    /usr/lib/jvm/java-7-openjdk-amd64/jre/lib/amd64/libjava.so
7effb46d5000-7effb46d6000 r--p 0002b000 fd:01 1030032                    /usr/lib/jvm/java-7-openjdk-amd64/jre/lib/amd64/libjava.so
7effb46d6000-7effb46d8000 rw-p 0002c000 fd:01 1030032                    /usr/lib/jvm/java-7-openjdk-amd64/jre/lib/amd64/libjava.so
7effb46d8000-7effb46e7000 r-xp 00000000 fd:01 1030033                    /usr/lib/jvm/java-7-openjdk-amd64/jre/lib/amd64/libverify.so
7effb46e7000-7effb48e6000 ---p 0000f000 fd:01 1030033                    /usr/lib/jvm/java-7-openjdk-amd64/jre/lib/amd64/libverify.so
7effb48e6000-7effb48e8000 r--p 0000e000 fd:01 1030033                    /usr/lib/jvm/java-7-openjdk-amd64/jre/lib/amd64/libverify.so
7effb48e8000-7effb48e9000 rw-p 00010000 fd:01 1030033                    /usr/lib/jvm/java-7-openjdk-amd64/jre/lib/amd64/libverify.so
7effb48e9000-7effb48f0000 r-xp 00000000 fd:01 3278                       /lib/x86_64-linux-gnu/librt-2.23.so
7effb48f0000-7effb4aef000 ---p 00007000 fd:01 3278                       /lib/x86_64-linux-gnu/librt-2.23.so
7effb4aef000-7effb4af0000 r--p 00006000 fd:01 3278                       /lib/x86_64-linux-gnu/librt-2.23.so
7effb4af0000-7effb4af1000 rw-p 00007000 fd:01 3278                       /lib/x86_64-linux-gnu/librt-2.23.so
7effb4af1000-7effb4b07000 r-xp 00000000 fd:01 2035                       /lib/x86_64-linux-gnu/libgcc_s.so.1
7effb4b07000-7effb4d06000 ---p 00016000 fd:01 2035                       /lib/x86_64-linux-gnu/libgcc_s.so.1
7effb4d06000-7effb4d07000 rw-p 00015000 fd:01 2035                       /lib/x86_64-linux-gnu/libgcc_s.so.1
7effb4d07000-7effb4e0f000 r-xp 00000000 fd:01 3287                       /lib/x86_64-linux-gnu/libm-2.23.so
7effb4e0f000-7effb500e000 ---p 00108000 fd:01 3287                       /lib/x86_64-linux-gnu/libm-2.23.so
7effb500e000-7effb500f000 r--p 00107000 fd:01 3287                       /lib/x86_64-linux-gnu/libm-2.23.so
7effb500f000-7effb5010000 rw-p 00108000 fd:01 3287                       /lib/x86_64-linux-gnu/libm-2.23.so
7effb5010000-7effb5182000 r-xp 00000000 fd:01 25730                      /usr/lib/x86_64-linux-gnu/libstdc++.so.6.0.21
7effb5182000-7effb5382000 ---p 00172000 fd:01 25730                      /usr/lib/x86_64-linux-gnu/libstdc++.so.6.0.21
7effb5382000-7effb538c000 r--p 00172000 fd:01 25730                      /usr/lib/x86_64-linux-gnu/libstdc++.so.6.0.21
7effb538c000-7effb538e000 rw-p 0017c000 fd:01 25730                      /usr/lib/x86_64-linux-gnu/libstdc++.so.6.0.21
7effb538e000-7effb5392000 rw-p 00000000 00:00 0 
7effb5392000-7effb5ee2000 r-xp 00000000 fd:01 1030045                    /usr/lib/jvm/java-7-openjdk-amd64/jre/lib/amd64/server/libjvm.so
7effb5ee2000-7effb60e1000 ---p 00b50000 fd:01 1030045                    /usr/lib/jvm/java-7-openjdk-amd64/jre/lib/amd64/server/libjvm.so
7effb60e1000-7effb6172000 r--p 00b4f000 fd:01 1030045                    /usr/lib/jvm/java-7-openjdk-amd64/jre/lib/amd64/server/libjvm.so
7effb6172000-7effb6195000 rw-p 00be0000 fd:01 1030045                    /usr/lib/jvm/java-7-openjdk-amd64/jre/lib/amd64/server/libjvm.so
7effb6195000-7effb61c0000 rw-p 00000000 00:00 0 
7effb61c0000-7effb61d9000 r-xp 00000000 fd:01 2184                       /lib/x86_64-linux-gnu/libz.so.1.2.8
7effb61d9000-7effb63d8000 ---p 00019000 fd:01 2184                       /lib/x86_64-linux-gnu/libz.so.1.2.8
7effb63d8000-7effb63d9000 r--p 00018000 fd:01 2184                       /lib/x86_64-linux-gnu/libz.so.1.2.8
7effb63d9000-7effb63da000 rw-p 00019000 fd:01 2184                       /lib/x86_64-linux-gnu/libz.so.1.2.8
7effb63da000-7effb63f2000 r-xp 00000000 fd:01 3259                       /lib/x86_64-linux-gnu/libpthread-2.23.so
7effb63f2000-7effb65f1000 ---p 00018000 fd:01 3259                       /lib/x86_64-linux-gnu/libpthread-2.23.so
7effb65f1000-7effb65f2000 r--p 00017000 fd:01 3259                       /lib/x86_64-linux-gnu/libpthread-2.23.so
7effb65f2000-7effb65f3000 rw-p 00018000 fd:01 3259                       /lib/x86_64-linux-gnu/libpthread-2.23.so
7effb65f3000-7effb65f7000 rw-p 00000000 00:00 0 
7effb65f7000-7effb65fa000 r-xp 00000000 fd:01 3281                       /lib/x86_64-linux-gnu/libdl-2.23.so
7effb65fa000-7effb67f9000 ---p 00003000 fd:01 3281                       /lib/x86_64-linux-gnu/libdl-2.23.so
7effb67f9000-7effb67fa000 r--p 00002000 fd:01 3281                       /lib/x86_64-linux-gnu/libdl-2.23.so
7effb67fa000-7effb67fb000 rw-p 00003000 fd:01 3281                       /lib/x86_64-linux-gnu/libdl-2.23.so
7effb67fb000-7effb69bb000 r-xp 00000000 fd:01 3292                       /lib/x86_64-linux-gnu/libc-2.23.so
7effb69bb000-7effb6bbb000 ---p 001c0000 fd:01 3292                       /lib/x86_64-linux-gnu/libc-2.23.so
7effb6bbb000-7effb6bbf000 r--p 001c0000 fd:01 3292                       /lib/x86_64-linux-gnu/libc-2.23.so
7effb6bbf000-7effb6bc1000 rw-p 001c4000 fd:01 3292                       /lib/x86_64-linux-gnu/libc-2.23.so
7effb6bc1000-7effb6bc5000 rw-p 00000000 00:00 0 
7effb6bc5000-7effb6bd2000 r-xp 00000000 fd:01 1030062                    /usr/lib/jvm/java-7-openjdk-amd64/jre/lib/amd64/jli/libjli.so
7effb6bd2000-7effb6dd1000 ---p 0000d000 fd:01 1030062                    /usr/lib/jvm/java-7-openjdk-amd64/jre/lib/amd64/jli/libjli.so
7effb6dd1000-7effb6dd2000 r--p 0000c000 fd:01 1030062                    /usr/lib/jvm/java-7-openjdk-amd64/jre/lib/amd64/jli/libjli.so
7effb6dd2000-7effb6dd3000 rw-p 0000d000 fd:01 1030062                    /usr/lib/jvm/java-7-openjdk-amd64/jre/lib/amd64/jli/libjli.so
7effb6dd3000-7effb6df9000 r-xp 00000000 fd:01 3116                       /lib/x86_64-linux-gnu/ld-2.23.so
7effb6df9000-7effb6dfd000 r--s 00085000 fd:01 1030097                    /usr/lib/jvm/java-7-openjdk-amd64/jre/lib/ext/localedata.jar
7effb6dfd000-7effb6e01000 r--s 0003c000 fd:01 1030098                    /usr/lib/jvm/java-7-openjdk-amd64/jre/lib/ext/sunpkcs11.jar
7effb6e01000-7effb6e04000 r--s 0000f000 fd:01 1030096                    /usr/lib/jvm/java-7-openjdk-amd64/jre/lib/ext/icedtea-sound.jar
7effb6e04000-7effb6e08000 r--s 00034000 fd:01 1030095                    /usr/lib/jvm/java-7-openjdk-amd64/jre/lib/ext/sunjce_provider.jar
7effb6e08000-7effb6e31000 rw-p 00000000 00:00 0 
7effb6e31000-7effb6edf000 rw-p 00000000 00:00 0 
7effb6edf000-7effb6ee7000 rw-s 00000000 fd:01 2566391                    /tmp/hsperfdata_ubuntu/29536
7effb6ee7000-7effb6eea000 ---p 00000000 00:00 0 
7effb6eea000-7effb6fed000 rw-p 00000000 00:00 0 
7effb6fed000-7effb6fef000 r--s 0000b000 fd:01 525701                     /usr/local/share/maven/boot/plexus-classworlds-2.5.2.jar
7effb6fef000-7effb6ff0000 r--s 00002000 fd:01 1030093                    /usr/lib/jvm/java-7-openjdk-amd64/jre/lib/ext/dnsns.jar
7effb6ff0000-7effb6ff2000 r--s 00007000 fd:01 22986                      /usr/share/java/java-atk-wrapper.jar
7effb6ff2000-7effb6ff4000 r--s 00012000 fd:01 1030094                    /usr/lib/jvm/java-7-openjdk-amd64/jre/lib/ext/zipfs.jar
7effb6ff4000-7effb6ff5000 rw-p 00000000 00:00 0 
7effb6ff5000-7effb6ff6000 ---p 00000000 00:00 0 
7effb6ff6000-7effb6ff8000 rw-p 00000000 00:00 0 
7effb6ff8000-7effb6ff9000 r--p 00025000 fd:01 3116                       /lib/x86_64-linux-gnu/ld-2.23.so
7effb6ff9000-7effb6ffa000 rw-p 00026000 fd:01 3116                       /lib/x86_64-linux-gnu/ld-2.23.so
7effb6ffa000-7effb6ffb000 rw-p 00000000 00:00 0 
7ffc0b5ce000-7ffc0b5ef000 rw-p 00000000 00:00 0                          [stack]
7ffc0b5ef000-7ffc0b5f1000 r--p 00000000 00:00 0                          [vvar]
7ffc0b5f1000-7ffc0b5f3000 r-xp 00000000 00:00 0                          [vdso]
ffffffffff600000-ffffffffff601000 r-xp 00000000 00:00 0                  [vsyscall]

VM Arguments:
jvm_args: -Dclassworlds.conf=/usr/local/share/maven/bin/m2.conf -Dmaven.home=/usr/local/share/maven -Dmaven.multiModuleProjectDirectory=/home/ubuntu/TestStochasticModel_V9 
java_command: org.codehaus.plexus.classworlds.launcher.Launcher package
Launcher Type: SUN_STANDARD

Environment Variables:
JAVA_HOME=/usr/lib/jvm/java-1.7.0-openjdk-amd64
PATH=/home/ubuntu/bin:/home/ubuntu/.local/bin:/usr/local/share/hive/bin:/usr/local/share/maven/bin:/usr/local/sbin:/usr/local/bin:/usr/sbin:/usr/bin:/sbin:/bin:/usr/games:/usr/local/games:/snap/bin:/usr/local/share/hadoop/bin:/usr/local/share/hadoop/bin:/usr/local/share/hadoop/sbin:/usr/local/share/maven/bin:/usr/local/share/hive/bin
SHELL=/bin/bash

Signal Handlers:
SIGSEGV: [libjvm.so+0x994310], sa_mask[0]=0x7ffbfeff, sa_flags=0x10000004
SIGBUS: [libjvm.so+0x994310], sa_mask[0]=0x7ffbfeff, sa_flags=0x10000004
SIGFPE: [libjvm.so+0x7fb870], sa_mask[0]=0x7ffbfeff, sa_flags=0x10000004
SIGPIPE: [libjvm.so+0x7fb870], sa_mask[0]=0x7ffbfeff, sa_flags=0x10000004
SIGXFSZ: [libjvm.so+0x7fb870], sa_mask[0]=0x7ffbfeff, sa_flags=0x10000004
SIGILL: [libjvm.so+0x7fb870], sa_mask[0]=0x7ffbfeff, sa_flags=0x10000004
SIGUSR1: SIG_DFL, sa_mask[0]=0x00000000, sa_flags=0x00000000
SIGUSR2: [libjvm.so+0x7fb6f0], sa_mask[0]=0x00000000, sa_flags=0x10000004
SIGHUP: [libjvm.so+0x7fb880], sa_mask[0]=0x7ffbfeff, sa_flags=0x10000004
SIGINT: [libjvm.so+0x7fb880], sa_mask[0]=0x7ffbfeff, sa_flags=0x10000004
SIGTERM: [libjvm.so+0x7fb880], sa_mask[0]=0x7ffbfeff, sa_flags=0x10000004
SIGQUIT: [libjvm.so+0x7fb880], sa_mask[0]=0x7ffbfeff, sa_flags=0x10000004
SIGTRAP: SIG_DFL, sa_mask[0]=0x00000000, sa_flags=0x00000000


---------------  S Y S T E M  ---------------

OS:Ubuntu 16.04 (xenial)
uname:Linux 4.4.0-91-generic #114-Ubuntu SMP Tue Aug 8 11:56:56 UTC 2017 x86_64
libc:glibc 2.23 NPTL 2.23 
rlimit: STACK 8192k, CORE 0k, NPROC 15736, NOFILE 65536, AS infinity
load average:1.76 0.59 0.26

/proc/meminfo:
MemTotal:        4046520 kB
MemFree:          101696 kB
MemAvailable:          0 kB
Buffers:             440 kB
Cached:           192016 kB
SwapCached:            0 kB
Active:          3811064 kB
Inactive:          49688 kB
Active(anon):    3810524 kB
Inactive(anon):    43764 kB
Active(file):        540 kB
Inactive(file):     5924 kB
Unevictable:        3660 kB
Mlocked:            3660 kB
SwapTotal:             0 kB
SwapFree:              0 kB
Dirty:                80 kB
Writeback:             0 kB
AnonPages:       3672088 kB
Mapped:           120744 kB
Shmem:            183436 kB
Slab:              37764 kB
SReclaimable:      18960 kB
SUnreclaim:        18804 kB
KernelStack:        9952 kB
PageTables:        15024 kB
NFS_Unstable:          0 kB
Bounce:                0 kB
WritebackTmp:          0 kB
CommitLimit:     2023260 kB
Committed_AS:    3456100 kB
VmallocTotal:   34359738367 kB
VmallocUsed:           0 kB
VmallocChunk:          0 kB
HardwareCorrupted:     0 kB
AnonHugePages:   3313664 kB
CmaTotal:              0 kB
CmaFree:               0 kB
HugePages_Total:       0
HugePages_Free:        0
HugePages_Rsvd:        0
HugePages_Surp:        0
Hugepagesize:       2048 kB
DirectMap4k:       53224 kB
DirectMap2M:     3092480 kB
DirectMap1G:     3145728 kB


CPU:total 2 (1 cores per cpu, 1 threads per core) family 6 model 42 stepping 1, cmov, cx8, fxsr, mmx, sse, sse2, sse3, ssse3, sse4.1, sse4.2, popcnt, avx, aes, erms, tsc

/proc/cpuinfo:
processor	: 0
vendor_id	: GenuineIntel
cpu family	: 6
model		: 42
model name	: Intel Xeon E312xx (Sandy Bridge)
stepping	: 1
microcode	: 0x1
cpu MHz		: 2099.998
cache size	: 4096 KB
physical id	: 0
siblings	: 1
core id		: 0
cpu cores	: 1
apicid		: 0
initial apicid	: 0
fpu		: yes
fpu_exception	: yes
cpuid level	: 13
wp		: yes
flags		: fpu vme de pse tsc msr pae mce cx8 apic sep mtrr pge mca cmov pat pse36 clflush mmx fxsr sse sse2 ss syscall nx pdpe1gb rdtscp lm constant_tsc rep_good nopl eagerfpu pni pclmulqdq ssse3 cx16 pcid sse4_1 sse4_2 x2apic popcnt tsc_deadline_timer aes xsave avx f16c rdrand hypervisor lahf_lm fsgsbase smep erms xsaveopt
bugs		:
bogomips	: 4199.99
clflush size	: 64
cache_alignment	: 64
address sizes	: 46 bits physical, 48 bits virtual
power management:

processor	: 1
vendor_id	: GenuineIntel
cpu family	: 6
model		: 42
model name	: Intel Xeon E312xx (Sandy Bridge)
stepping	: 1
microcode	: 0x1
cpu MHz		: 2099.998
cache size	: 4096 KB
physical id	: 1
siblings	: 1
core id		: 0
cpu cores	: 1
apicid		: 1
initial apicid	: 1
fpu		: yes
fpu_exception	: yes
cpuid level	: 13
wp		: yes
flags		: fpu vme de pse tsc msr pae mce cx8 apic sep mtrr pge mca cmov pat pse36 clflush mmx fxsr sse sse2 ss syscall nx pdpe1gb rdtscp lm constant_tsc rep_good nopl eagerfpu pni pclmulqdq ssse3 cx16 pcid sse4_1 sse4_2 x2apic popcnt tsc_deadline_timer aes xsave avx f16c rdrand hypervisor lahf_lm fsgsbase smep erms xsaveopt
bugs		:
bogomips	: 4199.99
clflush size	: 64
cache_alignment	: 64
address sizes	: 46 bits physical, 48 bits virtual
power management:



Memory: 4k page, physical 4046520k(101696k free), swap 0k(0k free)

vm_info: OpenJDK 64-Bit Server VM (24.95-b01) for linux-amd64 JRE (1.7.0_95-b00), built on Mar 27 2016 12:52:52 by "buildd" with gcc 5.3.1 20160323

time: Tue Aug 15 21:54:24 2017
elapsed time: 77 seconds

