#
# There is insufficient memory for the Java Runtime Environment to continue.
# Native memory allocation (malloc) failed to allocate 61341696 bytes for committing reserved memory.
# Possible reasons:
#   The system is out of physical RAM or swap space
#   In 32 bit mode, the process size limit was hit
# Possible solutions:
#   Reduce memory load on the system
#   Increase physical memory or swap space
#   Check if swap backing store is full
#   Use 64 bit Java on a 64 bit OS
#   Decrease Java heap size (-Xmx/-Xms)
#   Decrease number of Java threads
#   Decrease Java thread stack sizes (-Xss)
#   Set larger code cache with -XX:ReservedCodeCacheSize=
# This output file may be truncated or incomplete.
#
#  Out of Memory Error (os_linux.cpp:2827), pid=12191, tid=140183315019520
#
# JRE version: OpenJDK Runtime Environment (7.0_95) (build 1.7.0_95-b00)
# Java VM: OpenJDK 64-Bit Server VM (24.95-b01 mixed mode linux-amd64 compressed oops)
# Derivative: IcedTea 2.6.4
# Distribution: Ubuntu Xenial Xerus (development branch), package 7u95-2.6.4-3
# Failed to write core dump. Core dumps have been disabled. To enable core dumping, try "ulimit -c unlimited" before starting Java again
#

---------------  T H R E A D  ---------------

Current thread (0x00007f7f00071000):  VMThread [stack: 0x00007f7ef8a1f000,0x00007f7ef8b20000] [id=12203]

Stack: [0x00007f7ef8a1f000,0x00007f7ef8b20000],  sp=0x00007f7ef8b1e4c0,  free space=1021k
Native frames: (J=compiled Java code, j=interpreted, Vv=VM code, C=native code)
V  [libjvm.so+0x9937b3]
V  [libjvm.so+0x48a37f]
V  [libjvm.so+0x80060b]
V  [libjvm.so+0x7fa9fe]
V  [libjvm.so+0x870e66]
V  [libjvm.so+0x85f09a]
V  [libjvm.so+0x85f2a3]
V  [libjvm.so+0x860218]
V  [libjvm.so+0x867edd]
V  [libjvm.so+0x86eecd]
V  [libjvm.so+0x823fa3]
V  [libjvm.so+0x995252]
V  [libjvm.so+0x999f97]
V  [libjvm.so+0x997828]
V  [libjvm.so+0x998b9f]
V  [libjvm.so+0x999091]
V  [libjvm.so+0x7fd532]

VM_Operation (0x00007f7f069404d0): ParallelGCFailedAllocation, mode: safepoint, requested by thread 0x00007f7f0000a000


---------------  P R O C E S S  ---------------

Java Threads: ( => current thread )
  0x00007f7f009d6800 JavaThread "process reaper" daemon [_thread_blocked, id=12337, stack(0x00007f7ef8004000,0x00007f7ef803d000)]
  0x00007f7f009d6000 JavaThread "resolver-4" daemon [_thread_blocked, id=12334, stack(0x00007f7ed08b7000,0x00007f7ed09b8000)]
  0x00007f7f009d9800 JavaThread "resolver-3" daemon [_thread_blocked, id=12333, stack(0x00007f7ed0ab9000,0x00007f7ed0bba000)]
  0x00007f7f009d5000 JavaThread "resolver-2" daemon [_thread_blocked, id=12332, stack(0x00007f7ed0bba000,0x00007f7ed0cbb000)]
  0x00007f7f00998000 JavaThread "resolver-1" daemon [_thread_blocked, id=12331, stack(0x00007f7ed0cbb000,0x00007f7ed0dbc000)]
  0x00007f7f000ab000 JavaThread "Service Thread" daemon [_thread_blocked, id=12209, stack(0x00007f7ef8281000,0x00007f7ef8382000)]
  0x00007f7f000a8800 JavaThread "C2 CompilerThread1" daemon [_thread_blocked, id=12208, stack(0x00007f7ef8382000,0x00007f7ef8483000)]
  0x00007f7f000a5800 JavaThread "C2 CompilerThread0" daemon [_thread_blocked, id=12207, stack(0x00007f7ef8483000,0x00007f7ef8584000)]
  0x00007f7f000a3800 JavaThread "Signal Dispatcher" daemon [_thread_blocked, id=12206, stack(0x00007f7ef8584000,0x00007f7ef8685000)]
  0x00007f7f00077800 JavaThread "Finalizer" daemon [_thread_blocked, id=12205, stack(0x00007f7ef881d000,0x00007f7ef891e000)]
  0x00007f7f00075800 JavaThread "Reference Handler" daemon [_thread_blocked, id=12204, stack(0x00007f7ef891e000,0x00007f7ef8a1f000)]
  0x00007f7f0000a000 JavaThread "main" [_thread_blocked, id=12200, stack(0x00007f7f06842000,0x00007f7f06943000)]

Other Threads:
=>0x00007f7f00071000 VMThread [stack: 0x00007f7ef8a1f000,0x00007f7ef8b20000] [id=12203]
  0x00007f7f000b5800 WatcherThread [stack: 0x00007f7ef8180000,0x00007f7ef8281000] [id=12210]

VM state:at safepoint (normal execution)

VM Mutex/Monitor currently owned by a thread:  ([mutex/lock_event])
[0x00007f7f00005fc0] ExpandHeap_lock - owner thread: 0x00007f7f00071000
[0x00007f7f00006640] Threads_lock - owner thread: 0x00007f7f00071000
[0x00007f7f00006b40] Heap_lock - owner thread: 0x00007f7f0000a000

Heap
 PSYoungGen      total 318976K, used 9278K [0x00000000eb680000, 0x0000000100000000, 0x0000000100000000)
  eden space 300544K, 0% used [0x00000000eb680000,0x00000000eb680000,0x00000000fdc00000)
  from space 18432K, 50% used [0x00000000fdc00000,0x00000000fe50f848,0x00000000fee00000)
  to   space 18432K, 0% used [0x00000000fee00000,0x00000000fee00000,0x0000000100000000)
 ParOldGen       total 68608K, used 68314K [0x00000000c2400000, 0x00000000c6700000, 0x00000000eb680000)
  object space 68608K, 99% used [0x00000000c2400000,0x00000000c66b6a30,0x00000000c6700000)
 PSPermGen       total 45056K, used 25045K [0x00000000b7e00000, 0x00000000baa00000, 0x00000000c2400000)
  object space 45056K, 55% used [0x00000000b7e00000,0x00000000b96754a8,0x00000000baa00000)

Card table byte_map: [0x00007f7efc147000,0x00007f7efc389000] byte_map_base: 0x00007f7efbb88000

Polling page: 0x00007f7f06950000

Code Cache  [0x00007f7efc389000, 0x00007f7efc6e9000, 0x00007f7eff389000)
 total_blobs=1526 nmethods=1159 adapters=319 free_code_cache=45750Kb largest_free_block=46793856

Compilation events (10 events):
Event: 43.432 Thread 0x00007f7f000a5800 nmethod 1362 0x00007f7efc5e81d0 code [0x00007f7efc5e8360, 0x00007f7efc5e8598]
Event: 43.432 Thread 0x00007f7f000a5800 1363             com.google.common.collect.HashMultimap::createCollection (8 bytes)
Event: 43.434 Thread 0x00007f7f000a8800 nmethod 1361 0x00007f7efc6dd0d0 code [0x00007f7efc6dd260, 0x00007f7efc6dd498]
Event: 43.434 Thread 0x00007f7f000a8800 1364             com.google.common.collect.Sets::newHashSetWithExpectedSize (12 bytes)
Event: 43.435 Thread 0x00007f7f000a5800 nmethod 1363 0x00007f7efc6dca90 code [0x00007f7efc6dcc20, 0x00007f7efc6dce58]
Event: 43.435 Thread 0x00007f7f000a5800 1365   !         org.apache.maven.plugins.shade.DefaultShader::addRemappedClass (274 bytes)
Event: 43.436 Thread 0x00007f7f000a8800 nmethod 1364 0x00007f7efc6dc4d0 code [0x00007f7efc6dc660, 0x00007f7efc6dc898]
Event: 43.436 Thread 0x00007f7f000a8800 1366             org.apache.maven.plugins.shade.DefaultShader$RelocatorRemapper::hasRelocators (18 bytes)
Event: 43.437 Thread 0x00007f7f000a8800 nmethod 1366 0x00007f7efc5e8a90 code [0x00007f7efc5e8be0, 0x00007f7efc5e8c98]
Event: 43.462 Thread 0x00007f7f000a5800 nmethod 1365 0x00007f7efc6d9cd0 code [0x00007f7efc6d9f00, 0x00007f7efc6da550]

GC Heap History (10 events):
Event: 21.284 GC heap after
Heap after GC invocations=10 (full 0):
 PSYoungGen      total 221696K, used 7524K [0x00000000eb680000, 0x00000000f9f80000, 0x0000000100000000)
  eden space 206848K, 0% used [0x00000000eb680000,0x00000000eb680000,0x00000000f8080000)
  from space 14848K, 50% used [0x00000000f9100000,0x00000000f98591c0,0x00000000f9f80000)
  to   space 15872K, 0% used [0x00000000f8080000,0x00000000f8080000,0x00000000f9000000)
 ParOldGen       total 41984K, used 27514K [0x00000000c2400000, 0x00000000c4d00000, 0x00000000eb680000)
  object space 41984K, 65% used [0x00000000c2400000,0x00000000c3ede900,0x00000000c4d00000)
 PSPermGen       total 21504K, used 20973K [0x00000000b7e00000, 0x00000000b9300000, 0x00000000c2400000)
  object space 21504K, 97% used [0x00000000b7e00000,0x00000000b927b6a0,0x00000000b9300000)
}
Event: 29.407 GC heap before
{Heap before GC invocations=11 (full 0):
 PSYoungGen      total 221696K, used 214372K [0x00000000eb680000, 0x00000000f9f80000, 0x0000000100000000)
  eden space 206848K, 100% used [0x00000000eb680000,0x00000000f8080000,0x00000000f8080000)
  from space 14848K, 50% used [0x00000000f9100000,0x00000000f98591c0,0x00000000f9f80000)
  to   space 15872K, 0% used [0x00000000f8080000,0x00000000f8080000,0x00000000f9000000)
 ParOldGen       total 41984K, used 27514K [0x00000000c2400000, 0x00000000c4d00000, 0x00000000eb680000)
  object space 41984K, 65% used [0x00000000c2400000,0x00000000c3ede900,0x00000000c4d00000)
 PSPermGen       total 22528K, used 22505K [0x00000000b7e00000, 0x00000000b9400000, 0x00000000c2400000)
  object space 22528K, 99% used [0x00000000b7e00000,0x00000000b93fa608,0x00000000b9400000)
Event: 29.449 GC heap after
Heap after GC invocations=11 (full 0):
 PSYoungGen      total 222720K, used 4741K [0x00000000eb680000, 0x0000000100000000, 0x0000000100000000)
  eden space 206848K, 0% used [0x00000000eb680000,0x00000000eb680000,0x00000000f8080000)
  from space 15872K, 29% used [0x00000000f8080000,0x00000000f8521580,0x00000000f9000000)
  to   space 15360K, 0% used [0x00000000ff100000,0x00000000ff100000,0x0000000100000000)
 ParOldGen       total 41984K, used 34405K [0x00000000c2400000, 0x00000000c4d00000, 0x00000000eb680000)
  object space 41984K, 81% used [0x00000000c2400000,0x00000000c4599760,0x00000000c4d00000)
 PSPermGen       total 22528K, used 22505K [0x00000000b7e00000, 0x00000000b9400000, 0x00000000c2400000)
  object space 22528K, 99% used [0x00000000b7e00000,0x00000000b93fa608,0x00000000b9400000)
}
Event: 29.451 GC heap before
{Heap before GC invocations=12 (full 1):
 PSYoungGen      total 222720K, used 4741K [0x00000000eb680000, 0x0000000100000000, 0x0000000100000000)
  eden space 206848K, 0% used [0x00000000eb680000,0x00000000eb680000,0x00000000f8080000)
  from space 15872K, 29% used [0x00000000f8080000,0x00000000f8521580,0x00000000f9000000)
  to   space 15360K, 0% used [0x00000000ff100000,0x00000000ff100000,0x0000000100000000)
 ParOldGen       total 41984K, used 34405K [0x00000000c2400000, 0x00000000c4d00000, 0x00000000eb680000)
  object space 41984K, 81% used [0x00000000c2400000,0x00000000c4599760,0x00000000c4d00000)
 PSPermGen       total 22528K, used 22505K [0x00000000b7e00000, 0x00000000b9400000, 0x00000000c2400000)
  object space 22528K, 99% used [0x00000000b7e00000,0x00000000b93fa608,0x00000000b9400000)
Event: 29.763 GC heap after
Heap after GC invocations=12 (full 1):
 PSYoungGen      total 222720K, used 0K [0x00000000eb680000, 0x0000000100000000, 0x0000000100000000)
  eden space 206848K, 0% used [0x00000000eb680000,0x00000000eb680000,0x00000000f8080000)
  from space 15872K, 0% used [0x00000000f8080000,0x00000000f8080000,0x00000000f9000000)
  to   space 15360K, 0% used [0x00000000ff100000,0x00000000ff100000,0x0000000100000000)
 ParOldGen       total 61952K, used 28570K [0x00000000c2400000, 0x00000000c6080000, 0x00000000eb680000)
  object space 61952K, 46% used [0x00000000c2400000,0x00000000c3fe6a38,0x00000000c6080000)
 PSPermGen       total 45056K, used 22494K [0x00000000b7e00000, 0x00000000baa00000, 0x00000000c2400000)
  object space 45056K, 49% used [0x00000000b7e00000,0x00000000b93f79e8,0x00000000baa00000)
}
Event: 40.136 GC heap before
{Heap before GC invocations=13 (full 1):
 PSYoungGen      total 222720K, used 206848K [0x00000000eb680000, 0x0000000100000000, 0x0000000100000000)
  eden space 206848K, 100% used [0x00000000eb680000,0x00000000f8080000,0x00000000f8080000)
  from space 15872K, 0% used [0x00000000f8080000,0x00000000f8080000,0x00000000f9000000)
  to   space 15360K, 0% used [0x00000000ff100000,0x00000000ff100000,0x0000000100000000)
 ParOldGen       total 61952K, used 28570K [0x00000000c2400000, 0x00000000c6080000, 0x00000000eb680000)
  object space 61952K, 46% used [0x00000000c2400000,0x00000000c3fe6a38,0x00000000c6080000)
 PSPermGen       total 45056K, used 25023K [0x00000000b7e00000, 0x00000000baa00000, 0x00000000c2400000)
  object space 45056K, 55% used [0x00000000b7e00000,0x00000000b966fe90,0x00000000baa00000)
Event: 40.183 GC heap after
Heap after GC invocations=13 (full 1):
 PSYoungGen      total 280576K, used 15347K [0x00000000eb680000, 0x0000000100000000, 0x0000000100000000)
  eden space 265216K, 0% used [0x00000000eb680000,0x00000000eb680000,0x00000000fb980000)
  from space 15360K, 99% used [0x00000000ff100000,0x00000000ffffcc60,0x0000000100000000)
  to   space 18432K, 0% used [0x00000000fdc00000,0x00000000fdc00000,0x00000000fee00000)
 ParOldGen       total 61952K, used 30975K [0x00000000c2400000, 0x00000000c6080000, 0x00000000eb680000)
  object space 61952K, 49% used [0x00000000c2400000,0x00000000c423ff08,0x00000000c6080000)
 PSPermGen       total 45056K, used 25023K [0x00000000b7e00000, 0x00000000baa00000, 0x00000000c2400000)
  object space 45056K, 55% used [0x00000000b7e00000,0x00000000b966fe90,0x00000000baa00000)
}
Event: 44.346 GC heap before
{Heap before GC invocations=14 (full 1):
 PSYoungGen      total 280576K, used 280563K [0x00000000eb680000, 0x0000000100000000, 0x0000000100000000)
  eden space 265216K, 100% used [0x00000000eb680000,0x00000000fb980000,0x00000000fb980000)
  from space 15360K, 99% used [0x00000000ff100000,0x00000000ffffcc60,0x0000000100000000)
  to   space 18432K, 0% used [0x00000000fdc00000,0x00000000fdc00000,0x00000000fee00000)
 ParOldGen       total 61952K, used 30975K [0x00000000c2400000, 0x00000000c6080000, 0x00000000eb680000)
  object space 61952K, 49% used [0x00000000c2400000,0x00000000c423ff08,0x00000000c6080000)
 PSPermGen       total 45056K, used 25047K [0x00000000b7e00000, 0x00000000baa00000, 0x00000000c2400000)
  object space 45056K, 55% used [0x00000000b7e00000,0x00000000b9675c40,0x00000000baa00000)
Event: 44.512 GC heap after
Heap after GC invocations=14 (full 1):
 PSYoungGen      total 318976K, used 18403K [0x00000000eb680000, 0x0000000100000000, 0x0000000100000000)
  eden space 300544K, 0% used [0x00000000eb680000,0x00000000eb680000,0x00000000fdc00000)
  from space 18432K, 99% used [0x00000000fdc00000,0x00000000fedf8cb0,0x00000000fee00000)
  to   space 18432K, 0% used [0x00000000fee00000,0x00000000fee00000,0x0000000100000000)
 ParOldGen       total 68608K, used 68479K [0x00000000c2400000, 0x00000000c6700000, 0x00000000eb680000)
  object space 68608K, 99% used [0x00000000c2400000,0x00000000c66dfeb0,0x00000000c6700000)
 PSPermGen       total 45056K, used 25047K [0x00000000b7e00000, 0x00000000baa00000, 0x00000000c2400000)
  object space 45056K, 55% used [0x00000000b7e00000,0x00000000b9675c40,0x00000000baa00000)
}
Event: 44.514 GC heap before
{Heap before GC invocations=15 (full 2):
 PSYoungGen      total 318976K, used 18403K [0x00000000eb680000, 0x0000000100000000, 0x0000000100000000)
  eden space 300544K, 0% used [0x00000000eb680000,0x00000000eb680000,0x00000000fdc00000)
  from space 18432K, 99% used [0x00000000fdc00000,0x00000000fedf8cb0,0x00000000fee00000)
  to   space 18432K, 0% used [0x00000000fee00000,0x00000000fee00000,0x0000000100000000)
 ParOldGen       total 68608K, used 68479K [0x00000000c2400000, 0x00000000c6700000, 0x00000000eb680000)
  object space 68608K, 99% used [0x00000000c2400000,0x00000000c66dfeb0,0x00000000c6700000)
 PSPermGen       total 45056K, used 25047K [0x00000000b7e00000, 0x00000000baa00000, 0x00000000c2400000)
  object space 45056K, 55% used [0x00000000b7e00000,0x00000000b9675c40,0x00000000baa00000)

Deoptimization events (10 events):
Event: 38.552 Thread 0x00007f7f0000a000 Uncommon trap: reason=bimorphic action=maybe_recompile pc=0x00007f7efc5cfcf0 method=java.security.MessageDigest$Delegate.engineDigest()[B @ 4
Event: 38.565 Thread 0x00007f7f0000a000 Uncommon trap: reason=bimorphic action=maybe_recompile pc=0x00007f7efc5cfcf0 method=java.security.MessageDigest$Delegate.engineDigest()[B @ 4
Event: 39.426 Thread 0x00007f7f0000a000 Uncommon trap: reason=unstable_if action=reinterpret pc=0x00007f7efc54bbb8 method=java.io.BufferedOutputStream.write(I)V @ 9
Event: 41.870 Thread 0x00007f7f0000a000 Uncommon trap: reason=unstable_if action=reinterpret pc=0x00007f7efc638f6c method=org.codehaus.plexus.util.SelectorUtils.match([C[CZ)Z @ 73
Event: 41.870 Thread 0x00007f7f0000a000 Uncommon trap: reason=unstable_if action=reinterpret pc=0x00007f7efc62befc method=org.codehaus.plexus.util.SelectorUtils.matchAntPathPattern([Ljava/lang/String;[Ljava/lang/String;Z)Z @ 58
Event: 42.286 Thread 0x00007f7f0000a000 Uncommon trap: reason=unstable_if action=reinterpret pc=0x00007f7efc60c1e8 method=java.util.ArrayDeque.pollFirst()Ljava/lang/Object; @ 13
Event: 42.292 Thread 0x00007f7f0000a000 Uncommon trap: reason=unstable_if action=reinterpret pc=0x00007f7efc567de8 method=java.util.ArrayDeque.pollFirst()Ljava/lang/Object; @ 13
Event: 43.815 Thread 0x00007f7f0000a000 Uncommon trap: reason=predicate action=maybe_recompile pc=0x00007f7efc5e9394 method=org.codehaus.plexus.util.SelectorUtils.matchAntPathPattern([Ljava/lang/String;[Ljava/lang/String;Z)Z @ 23
Event: 43.870 Thread 0x00007f7f0000a000 Uncommon trap: reason=unstable_if action=reinterpret pc=0x00007f7efc6e1770 method=com.google.common.collect.AbstractMapBasedMultimap.put(Ljava/lang/Object;Ljava/lang/Object;)Z @ 15
Event: 43.870 Thread 0x00007f7f0000a000 Uncommon trap: reason=unstable_if action=reinterpret pc=0x00007f7efc6d71bc method=java.util.zip.ZipOutputStream.putNextEntry(Ljava/util/zip/ZipEntry;)V @ 245

Internal exceptions (10 events):
Event: 39.222 Thread 0x00007f7f0000a000 Threw 0x00000000f4afca18 at /build/openjdk-7-hGnxiC/openjdk-7-7u95-2.6.4/build/openjdk/hotspot/src/share/vm/prims/jvm.cpp:1322
Event: 39.224 Thread 0x00007f7f0000a000 Threw 0x00000000f4b09128 at /build/openjdk-7-hGnxiC/openjdk-7-7u95-2.6.4/build/openjdk/hotspot/src/share/vm/prims/jvm.cpp:1322
Event: 39.224 Thread 0x00007f7f0000a000 Threw 0x00000000f4b1c170 at /build/openjdk-7-hGnxiC/openjdk-7-7u95-2.6.4/build/openjdk/hotspot/src/share/vm/prims/jvm.cpp:1322
Event: 39.225 Thread 0x00007f7f0000a000 Threw 0x00000000f4b21548 at /build/openjdk-7-hGnxiC/openjdk-7-7u95-2.6.4/build/openjdk/hotspot/src/share/vm/prims/jvm.cpp:1322
Event: 39.225 Thread 0x00007f7f0000a000 Threw 0x00000000f4b26bd0 at /build/openjdk-7-hGnxiC/openjdk-7-7u95-2.6.4/build/openjdk/hotspot/src/share/vm/prims/jvm.cpp:1322
Event: 39.226 Thread 0x00007f7f0000a000 Threw 0x00000000f4b2bfb8 at /build/openjdk-7-hGnxiC/openjdk-7-7u95-2.6.4/build/openjdk/hotspot/src/share/vm/prims/jvm.cpp:1322
Event: 39.226 Thread 0x00007f7f0000a000 Threw 0x00000000f4b31198 at /build/openjdk-7-hGnxiC/openjdk-7-7u95-2.6.4/build/openjdk/hotspot/src/share/vm/prims/jvm.cpp:1322
Event: 39.226 Thread 0x00007f7f0000a000 Threw 0x00000000f4b3cc70 at /build/openjdk-7-hGnxiC/openjdk-7-7u95-2.6.4/build/openjdk/hotspot/src/share/vm/prims/jvm.cpp:1322
Event: 39.233 Thread 0x00007f7f0000a000 Threw 0x00000000f4b44c78 at /build/openjdk-7-hGnxiC/openjdk-7-7u95-2.6.4/build/openjdk/hotspot/src/share/vm/prims/jvm.cpp:1322
Event: 39.234 Thread 0x00007f7f0000a000 Threw 0x00000000f4b4bf50 at /build/openjdk-7-hGnxiC/openjdk-7-7u95-2.6.4/build/openjdk/hotspot/src/share/vm/prims/jvm.cpp:1322

Events (10 events):
Event: 43.815 Thread 0x00007f7f0000a000 Uncommon trap: trap_request=0xffffff86 fr.pc=0x00007f7efc5e9394
Event: 43.815 Thread 0x00007f7f0000a000 DEOPT PACKING pc=0x00007f7efc5e9394 sp=0x00007f7f06940650
Event: 43.815 Thread 0x00007f7f0000a000 DEOPT UNPACKING pc=0x00007f7efc3c2445 sp=0x00007f7f069405f8 mode 2
Event: 43.870 Thread 0x00007f7f0000a000 Uncommon trap: trap_request=0xffffff75 fr.pc=0x00007f7efc6e1770
Event: 43.870 Thread 0x00007f7f0000a000 DEOPT PACKING pc=0x00007f7efc6e1770 sp=0x00007f7f06940680
Event: 43.870 Thread 0x00007f7f0000a000 DEOPT UNPACKING pc=0x00007f7efc3c2445 sp=0x00007f7f06940530 mode 2
Event: 43.870 Thread 0x00007f7f0000a000 Uncommon trap: trap_request=0xffffff75 fr.pc=0x00007f7efc6d71bc
Event: 43.870 Thread 0x00007f7f0000a000 DEOPT PACKING pc=0x00007f7efc6d71bc sp=0x00007f7f06940590
Event: 43.870 Thread 0x00007f7f0000a000 DEOPT UNPACKING pc=0x00007f7efc3c2445 sp=0x00007f7f06940568 mode 2
Event: 44.345 Executing VM operation: ParallelGCFailedAllocation


Dynamic libraries:
00400000-00401000 r-xp 00000000 fd:01 1029604                            /usr/lib/jvm/java-7-openjdk-amd64/jre/bin/java
00600000-00601000 r--p 00000000 fd:01 1029604                            /usr/lib/jvm/java-7-openjdk-amd64/jre/bin/java
00601000-00602000 rw-p 00001000 fd:01 1029604                            /usr/lib/jvm/java-7-openjdk-amd64/jre/bin/java
01dc7000-01de8000 rw-p 00000000 00:00 0                                  [heap]
b7e00000-baa00000 rw-p 00000000 00:00 0 
baa00000-c2400000 rw-p 00000000 00:00 0 
c2400000-c6700000 rw-p 00000000 00:00 0 
ca180000-eb680000 rw-p 00000000 00:00 0 
eb680000-100000000 rw-p 00000000 00:00 0 
7f7eb8000000-7f7eb8030000 rw-p 00000000 00:00 0 
7f7eb8030000-7f7ebc000000 ---p 00000000 00:00 0 
7f7ec0000000-7f7ec0021000 rw-p 00000000 00:00 0 
7f7ec0021000-7f7ec4000000 ---p 00000000 00:00 0 
7f7ec4000000-7f7ec4021000 rw-p 00000000 00:00 0 
7f7ec4021000-7f7ec8000000 ---p 00000000 00:00 0 
7f7ec8000000-7f7ec8021000 rw-p 00000000 00:00 0 
7f7ec8021000-7f7ecc000000 ---p 00000000 00:00 0 
7f7ecc000000-7f7ecc021000 rw-p 00000000 00:00 0 
7f7ecc021000-7f7ed0000000 ---p 00000000 00:00 0 
7f7ed03fe000-7f7ed042c000 r--s 00212000 fd:01 526928                     /home/ubuntu/.m2/repository/org/apache/spark/spark-network-common_2.11/2.1.0/spark-network-common_2.11-2.1.0.jar
7f7ed042c000-7f7ed0458000 r--s 00208000 fd:01 1544387                    /home/ubuntu/.m2/repository/com/google/guava/guava/19.0/guava-19.0.jar
7f7ed0458000-7f7ed0459000 r--s 0000a000 fd:01 527221                     /home/ubuntu/.m2/repository/org/ow2/asm/asm-util/5.0.4/asm-util-5.0.4.jar
7f7ed0459000-7f7ed045a000 r--s 00004000 fd:01 527217                     /home/ubuntu/.m2/repository/org/ow2/asm/asm-analysis/5.0.4/asm-analysis-5.0.4.jar
7f7ed045a000-7f7ed045c000 r--s 00004000 fd:01 527208                     /home/ubuntu/.m2/repository/org/vafer/jdependency/1.1/jdependency-1.1.jar
7f7ed045c000-7f7ed0460000 r--s 0002f000 fd:01 1544384                    /home/ubuntu/.m2/repository/commons-io/commons-io/2.5/commons-io-2.5.jar
7f7ed0460000-7f7ed0464000 r--s 0001d000 fd:01 1290025                    /home/ubuntu/.m2/repository/org/eclipse/aether/aether-util/0.9.0.M2/aether-util-0.9.0.M2.jar
7f7ed0464000-7f7ed0467000 r--s 0000d000 fd:01 1544369                    /home/ubuntu/.m2/repository/org/apache/maven/shared/maven-dependency-tree/2.2/maven-dependency-tree-2.2.jar
7f7ed0467000-7f7ed0469000 r--s 00023000 fd:01 527213                     /home/ubuntu/.m2/repository/org/jdom/jdom/1.1.3/jdom-1.1.3.jar
7f7ed0469000-7f7ed046b000 r--s 00006000 fd:01 527211                     /home/ubuntu/.m2/repository/org/ow2/asm/asm-tree/5.1/asm-tree-5.1.jar
7f7ed046b000-7f7ed046d000 r--s 0000a000 fd:01 527209                     /home/ubuntu/.m2/repository/org/ow2/asm/asm-commons/5.1/asm-commons-5.1.jar
7f7ed046d000-7f7ed046f000 r--s 0000c000 fd:01 527207                     /home/ubuntu/.m2/repository/org/ow2/asm/asm/5.1/asm-5.1.jar
7f7ed046f000-7f7ed0475000 r--s 00033000 fd:01 1544378                    /home/ubuntu/.m2/repository/commons-codec/commons-codec/1.6/commons-codec-1.6.jar
7f7ed0475000-7f7ed0478000 r--s 00023000 fd:01 1544377                    /home/ubuntu/.m2/repository/org/apache/maven/shared/maven-shared-utils/3.0.0/maven-shared-utils-3.0.0.jar
7f7ed0478000-7f7ed047a000 r--s 0000c000 fd:01 1544367                    /home/ubuntu/.m2/repository/org/apache/maven/shared/maven-common-artifact-filters/3.0.0/maven-common-artifact-filters-3.0.0.jar
7f7ed047a000-7f7ed047f000 r--s 0001a000 fd:01 1544374                    /home/ubuntu/.m2/repository/org/apache/maven/shared/maven-artifact-transfer/0.9.0/maven-artifact-transfer-0.9.0.jar
7f7ed047f000-7f7ed0483000 r--s 00039000 fd:01 1290393                    /home/ubuntu/.m2/repository/org/codehaus/plexus/plexus-utils/3.0.24/plexus-utils-3.0.24.jar
7f7ed0483000-7f7ed0485000 r--s 00002000 fd:01 1543128                    /home/ubuntu/.m2/repository/org/sonatype/plexus/plexus-cipher/1.4/plexus-cipher-1.4.jar
7f7ed0485000-7f7ed0486000 r--s 00006000 fd:01 1543125                    /home/ubuntu/.m2/repository/org/sonatype/plexus/plexus-sec-dispatcher/1.3/plexus-sec-dispatcher-1.3.jar
7f7ed0486000-7f7ed0488000 r--s 00000000 fd:01 1544368                    /home/ubuntu/.m2/repository/org/codehaus/plexus/plexus-component-annotations/1.6/plexus-component-annotations-1.6.jar
7f7ed0488000-7f7ed048a000 r--s 0000d000 fd:01 1544357                    /home/ubuntu/.m2/repository/org/codehaus/plexus/plexus-interpolation/1.14/plexus-interpolation-1.14.jar
7f7ed048a000-7f7ed048e000 r--s 00017000 fd:01 1290397                    /home/ubuntu/.m2/repository/org/sonatype/aether/aether-util/1.7/aether-util-1.7.jar
7f7ed048e000-7f7ed0499000 r--s 00069000 fd:01 1290388                    /home/ubuntu/.m2/repository/org/sonatype/sisu/sisu-guice/2.1.7/sisu-guice-2.1.7-noaop.jar
7f7ed0499000-7f7ed049e000 r--s 00021000 fd:01 1290386                    /home/ubuntu/.m2/repository/org/sonatype/sisu/sisu-inject-bean/1.4.2/sisu-inject-bean-1.4.2.jar
7f7ed049e000-7f7ed04a1000 r--s 00019000 fd:01 526382                     /home/ubuntu/.m2/repository/org/apache/maven/plugins/maven-shade-plugin/3.0.0/maven-shade-plugin-3.0.0.jar
7f7ed04a1000-7f7ed04a4000 ---p 00000000 00:00 0 
7f7ed04a4000-7f7ed05a2000 rw-p 00000000 00:00 0 
7f7ed05a2000-7f7ed05a5000 ---p 00000000 00:00 0 
7f7ed05a5000-7f7ed06a3000 rw-p 00000000 00:00 0 
7f7ed06a3000-7f7ed06a7000 r--s 00034000 fd:01 1290003                    /home/ubuntu/.m2/repository/org/codehaus/plexus/plexus-utils/3.0/plexus-utils-3.0.jar
7f7ed06a7000-7f7ed06ab000 r--s 0002f000 fd:01 1541322                    /home/ubuntu/.m2/repository/commons-lang/commons-lang/2.1/commons-lang-2.1.jar
7f7ed06ab000-7f7ed06ae000 r--s 0000c000 fd:01 1541320                    /home/ubuntu/.m2/repository/org/codehaus/plexus/plexus-io/2.0.2/plexus-io-2.0.2.jar
7f7ed06ae000-7f7ed06b3000 r--s 00029000 fd:01 1541316                    /home/ubuntu/.m2/repository/org/codehaus/plexus/plexus-archiver/2.1/plexus-archiver-2.1.jar
7f7ed06b3000-7f7ed06b5000 r--s 0000d000 fd:01 1541318                    /home/ubuntu/.m2/repository/org/codehaus/plexus/plexus-interpolation/1.15/plexus-interpolation-1.15.jar
7f7ed06b5000-7f7ed06b8000 ---p 00000000 00:00 0 
7f7ed06b8000-7f7ed07b6000 rw-p 00000000 00:00 0 
7f7ed07b6000-7f7ed07b9000 ---p 00000000 00:00 0 
7f7ed07b9000-7f7ed08b7000 rw-p 00000000 00:00 0 
7f7ed08b7000-7f7ed08ba000 ---p 00000000 00:00 0 
7f7ed08ba000-7f7ed09b8000 rw-p 00000000 00:00 0 
7f7ed09b8000-7f7ed09bb000 ---p 00000000 00:00 0 
7f7ed09bb000-7f7ed0ab9000 rw-p 00000000 00:00 0 
7f7ed0ab9000-7f7ed0abc000 ---p 00000000 00:00 0 
7f7ed0abc000-7f7ed0bba000 rw-p 00000000 00:00 0 
7f7ed0bba000-7f7ed0bbd000 ---p 00000000 00:00 0 
7f7ed0bbd000-7f7ed0cbb000 rw-p 00000000 00:00 0 
7f7ed0cbb000-7f7ed0cbe000 ---p 00000000 00:00 0 
7f7ed0cbe000-7f7ed0dbc000 rw-p 00000000 00:00 0 
7f7ed0dbc000-7f7ed0dc1000 r-xp 00000000 fd:01 3130                       /lib/x86_64-linux-gnu/libnss_dns-2.23.so
7f7ed0dc1000-7f7ed0fc1000 ---p 00005000 fd:01 3130                       /lib/x86_64-linux-gnu/libnss_dns-2.23.so
7f7ed0fc1000-7f7ed0fc2000 r--p 00005000 fd:01 3130                       /lib/x86_64-linux-gnu/libnss_dns-2.23.so
7f7ed0fc2000-7f7ed0fc3000 rw-p 00006000 fd:01 3130                       /lib/x86_64-linux-gnu/libnss_dns-2.23.so
7f7ed0fc3000-7f7ed1043000 r-xp 00000000 fd:01 775471                     /usr/lib/x86_64-linux-gnu/nss/libfreeblpriv3.so
7f7ed1043000-7f7ed1243000 ---p 00080000 fd:01 775471                     /usr/lib/x86_64-linux-gnu/nss/libfreeblpriv3.so
7f7ed1243000-7f7ed1245000 r--p 00080000 fd:01 775471                     /usr/lib/x86_64-linux-gnu/nss/libfreeblpriv3.so
7f7ed1245000-7f7ed1246000 rw-p 00082000 fd:01 775471                     /usr/lib/x86_64-linux-gnu/nss/libfreeblpriv3.so
7f7ed1246000-7f7ed124a000 rw-p 00000000 00:00 0 
7f7ed124a000-7f7ed1319000 r-xp 00000000 fd:01 25787                      /usr/lib/x86_64-linux-gnu/libsqlite3.so.0.8.6
7f7ed1319000-7f7ed1519000 ---p 000cf000 fd:01 25787                      /usr/lib/x86_64-linux-gnu/libsqlite3.so.0.8.6
7f7ed1519000-7f7ed151c000 r--p 000cf000 fd:01 25787                      /usr/lib/x86_64-linux-gnu/libsqlite3.so.0.8.6
7f7ed151c000-7f7ed151e000 rw-p 000d2000 fd:01 25787                      /usr/lib/x86_64-linux-gnu/libsqlite3.so.0.8.6
7f7ed151e000-7f7ed151f000 rw-p 00000000 00:00 0 
7f7ed151f000-7f7ed155f000 r-xp 00000000 fd:01 775477                     /usr/lib/x86_64-linux-gnu/nss/libsoftokn3.so
7f7ed155f000-7f7ed175f000 ---p 00040000 fd:01 775477                     /usr/lib/x86_64-linux-gnu/nss/libsoftokn3.so
7f7ed175f000-7f7ed1760000 r--p 00040000 fd:01 775477                     /usr/lib/x86_64-linux-gnu/nss/libsoftokn3.so
7f7ed1760000-7f7ed1761000 rw-p 00041000 fd:01 775477                     /usr/lib/x86_64-linux-gnu/nss/libsoftokn3.so
7f7ed1761000-7f7ed179b000 r-xp 00000000 fd:01 23032                      /usr/lib/x86_64-linux-gnu/libnspr4.so
7f7ed179b000-7f7ed199b000 ---p 0003a000 fd:01 23032                      /usr/lib/x86_64-linux-gnu/libnspr4.so
7f7ed199b000-7f7ed199c000 r--p 0003a000 fd:01 23032                      /usr/lib/x86_64-linux-gnu/libnspr4.so
7f7ed199c000-7f7ed199d000 rw-p 0003b000 fd:01 23032                      /usr/lib/x86_64-linux-gnu/libnspr4.so
7f7ed199d000-7f7ed19a0000 rw-p 00000000 00:00 0 
7f7ed19a0000-7f7ed19a3000 r-xp 00000000 fd:01 23034                      /usr/lib/x86_64-linux-gnu/libplds4.so
7f7ed19a3000-7f7ed1ba2000 ---p 00003000 fd:01 23034                      /usr/lib/x86_64-linux-gnu/libplds4.so
7f7ed1ba2000-7f7ed1ba3000 r--p 00002000 fd:01 23034                      /usr/lib/x86_64-linux-gnu/libplds4.so
7f7ed1ba3000-7f7ed1ba4000 rw-p 00003000 fd:01 23034                      /usr/lib/x86_64-linux-gnu/libplds4.so
7f7ed1ba4000-7f7ed1ba8000 r-xp 00000000 fd:01 23033                      /usr/lib/x86_64-linux-gnu/libplc4.so
7f7ed1ba8000-7f7ed1da7000 ---p 00004000 fd:01 23033                      /usr/lib/x86_64-linux-gnu/libplc4.so
7f7ed1da7000-7f7ed1da8000 r--p 00003000 fd:01 23033                      /usr/lib/x86_64-linux-gnu/libplc4.so
7f7ed1da8000-7f7ed1da9000 rw-p 00004000 fd:01 23033                      /usr/lib/x86_64-linux-gnu/libplc4.so
7f7ed1da9000-7f7ed1dcf000 r-xp 00000000 fd:01 23043                      /usr/lib/x86_64-linux-gnu/libnssutil3.so
7f7ed1dcf000-7f7ed1fce000 ---p 00026000 fd:01 23043                      /usr/lib/x86_64-linux-gnu/libnssutil3.so
7f7ed1fce000-7f7ed1fd5000 r--p 00025000 fd:01 23043                      /usr/lib/x86_64-linux-gnu/libnssutil3.so
7f7ed1fd5000-7f7ed1fd6000 rw-p 0002c000 fd:01 23043                      /usr/lib/x86_64-linux-gnu/libnssutil3.so
7f7ed1fd6000-7f7ed2115000 r-xp 00000000 fd:01 23046                      /usr/lib/x86_64-linux-gnu/libnss3.so
7f7ed2115000-7f7ed2315000 ---p 0013f000 fd:01 23046                      /usr/lib/x86_64-linux-gnu/libnss3.so
7f7ed2315000-7f7ed231a000 r--p 0013f000 fd:01 23046                      /usr/lib/x86_64-linux-gnu/libnss3.so
7f7ed231a000-7f7ed231c000 rw-p 00144000 fd:01 23046                      /usr/lib/x86_64-linux-gnu/libnss3.so
7f7ed231c000-7f7ed231d000 rw-p 00000000 00:00 0 
7f7ed231d000-7f7ed232d000 r-xp 00000000 fd:01 1030036                    /usr/lib/jvm/java-7-openjdk-amd64/jre/lib/amd64/libj2pkcs11.so
7f7ed232d000-7f7ed252d000 ---p 00010000 fd:01 1030036                    /usr/lib/jvm/java-7-openjdk-amd64/jre/lib/amd64/libj2pkcs11.so
7f7ed252d000-7f7ed252e000 r--p 00010000 fd:01 1030036                    /usr/lib/jvm/java-7-openjdk-amd64/jre/lib/amd64/libj2pkcs11.so
7f7ed252e000-7f7ed252f000 rw-p 00011000 fd:01 1030036                    /usr/lib/jvm/java-7-openjdk-amd64/jre/lib/amd64/libj2pkcs11.so
7f7ed252f000-7f7ed2830000 rw-p 00000000 00:00 0 
7f7ed2830000-7f7ed289e000 r-xp 00000000 fd:01 2141                       /lib/x86_64-linux-gnu/libpcre.so.3.13.2
7f7ed289e000-7f7ed2a9e000 ---p 0006e000 fd:01 2141                       /lib/x86_64-linux-gnu/libpcre.so.3.13.2
7f7ed2a9e000-7f7ed2a9f000 r--p 0006e000 fd:01 2141                       /lib/x86_64-linux-gnu/libpcre.so.3.13.2
7f7ed2a9f000-7f7ed2aa0000 rw-p 0006f000 fd:01 2141                       /lib/x86_64-linux-gnu/libpcre.so.3.13.2
7f7ed2aa0000-7f7ed2aa7000 r-xp 00000000 fd:01 25752                      /usr/lib/x86_64-linux-gnu/libffi.so.6.0.4
7f7ed2aa7000-7f7ed2ca6000 ---p 00007000 fd:01 25752                      /usr/lib/x86_64-linux-gnu/libffi.so.6.0.4
7f7ed2ca6000-7f7ed2ca7000 r--p 00006000 fd:01 25752                      /usr/lib/x86_64-linux-gnu/libffi.so.6.0.4
7f7ed2ca7000-7f7ed2ca8000 rw-p 00007000 fd:01 25752                      /usr/lib/x86_64-linux-gnu/libffi.so.6.0.4
7f7ed2ca8000-7f7ed2cbf000 r-xp 00000000 fd:01 3284                       /lib/x86_64-linux-gnu/libresolv-2.23.so
7f7ed2cbf000-7f7ed2ebf000 ---p 00017000 fd:01 3284                       /lib/x86_64-linux-gnu/libresolv-2.23.so
7f7ed2ebf000-7f7ed2ec0000 r--p 00017000 fd:01 3284                       /lib/x86_64-linux-gnu/libresolv-2.23.so
7f7ed2ec0000-7f7ed2ec1000 rw-p 00018000 fd:01 3284                       /lib/x86_64-linux-gnu/libresolv-2.23.so
7f7ed2ec1000-7f7ed2ec3000 rw-p 00000000 00:00 0 
7f7ed2ec3000-7f7ed2ee2000 r-xp 00000000 fd:01 2151                       /lib/x86_64-linux-gnu/libselinux.so.1
7f7ed2ee2000-7f7ed30e1000 ---p 0001f000 fd:01 2151                       /lib/x86_64-linux-gnu/libselinux.so.1
7f7ed30e1000-7f7ed30e2000 r--p 0001e000 fd:01 2151                       /lib/x86_64-linux-gnu/libselinux.so.1
7f7ed30e2000-7f7ed30e3000 rw-p 0001f000 fd:01 2151                       /lib/x86_64-linux-gnu/libselinux.so.1
7f7ed30e3000-7f7ed30e5000 rw-p 00000000 00:00 0 
7f7ed30e5000-7f7ed30e8000 r-xp 00000000 fd:01 25774                      /usr/lib/x86_64-linux-gnu/libgmodule-2.0.so.0.4800.2
7f7ed30e8000-7f7ed32e7000 ---p 00003000 fd:01 25774                      /usr/lib/x86_64-linux-gnu/libgmodule-2.0.so.0.4800.2
7f7ed32e7000-7f7ed32e8000 r--p 00002000 fd:01 25774                      /usr/lib/x86_64-linux-gnu/libgmodule-2.0.so.0.4800.2
7f7ed32e8000-7f7ed32e9000 rw-p 00003000 fd:01 25774                      /usr/lib/x86_64-linux-gnu/libgmodule-2.0.so.0.4800.2
7f7ed32e9000-7f7ed33f8000 r-xp 00000000 fd:01 2210                       /lib/x86_64-linux-gnu/libglib-2.0.so.0.4800.2
7f7ed33f8000-7f7ed35f7000 ---p 0010f000 fd:01 2210                       /lib/x86_64-linux-gnu/libglib-2.0.so.0.4800.2
7f7ed35f7000-7f7ed35f8000 r--p 0010e000 fd:01 2210                       /lib/x86_64-linux-gnu/libglib-2.0.so.0.4800.2
7f7ed35f8000-7f7ed35f9000 rw-p 0010f000 fd:01 2210                       /lib/x86_64-linux-gnu/libglib-2.0.so.0.4800.2
7f7ed35f9000-7f7ed35fa000 rw-p 00000000 00:00 0 
7f7ed35fa000-7f7ed364c000 r-xp 00000000 fd:01 25779                      /usr/lib/x86_64-linux-gnu/libgobject-2.0.so.0.4800.2
7f7ed364c000-7f7ed384b000 ---p 00052000 fd:01 25779                      /usr/lib/x86_64-linux-gnu/libgobject-2.0.so.0.4800.2
7f7ed384b000-7f7ed384c000 r--p 00051000 fd:01 25779                      /usr/lib/x86_64-linux-gnu/libgobject-2.0.so.0.4800.2
7f7ed384c000-7f7ed384d000 rw-p 00052000 fd:01 25779                      /usr/lib/x86_64-linux-gnu/libgobject-2.0.so.0.4800.2
7f7ed384d000-7f7ed39cd000 r-xp 00000000 fd:01 25780                      /usr/lib/x86_64-linux-gnu/libgio-2.0.so.0.4800.2
7f7ed39cd000-7f7ed3bcd000 ---p 00180000 fd:01 25780                      /usr/lib/x86_64-linux-gnu/libgio-2.0.so.0.4800.2
7f7ed3bcd000-7f7ed3bd1000 r--p 00180000 fd:01 25780                      /usr/lib/x86_64-linux-gnu/libgio-2.0.so.0.4800.2
7f7ed3bd1000-7f7ed3bd3000 rw-p 00184000 fd:01 25780                      /usr/lib/x86_64-linux-gnu/libgio-2.0.so.0.4800.2
7f7ed3bd3000-7f7ed3bd5000 rw-p 00000000 00:00 0 
7f7ed3bd5000-7f7ed3bec000 r-xp 00000000 fd:01 1030041                    /usr/lib/jvm/java-7-openjdk-amd64/jre/lib/amd64/libnet.so
7f7ed3bec000-7f7ed3dec000 ---p 00017000 fd:01 1030041                    /usr/lib/jvm/java-7-openjdk-amd64/jre/lib/amd64/libnet.so
7f7ed3dec000-7f7ed3ded000 r--p 00017000 fd:01 1030041                    /usr/lib/jvm/java-7-openjdk-amd64/jre/lib/amd64/libnet.so
7f7ed3ded000-7f7ed3dee000 rw-p 00018000 fd:01 1030041                    /usr/lib/jvm/java-7-openjdk-amd64/jre/lib/amd64/libnet.so
7f7ed3dee000-7f7ed3dff000 r-xp 00000000 fd:01 1030065                    /usr/lib/jvm/java-7-openjdk-amd64/jre/lib/amd64/libnio.so
7f7ed3dff000-7f7ed3ffe000 ---p 00011000 fd:01 1030065                    /usr/lib/jvm/java-7-openjdk-amd64/jre/lib/amd64/libnio.so
7f7ed3ffe000-7f7ed3fff000 r--p 00010000 fd:01 1030065                    /usr/lib/jvm/java-7-openjdk-amd64/jre/lib/amd64/libnio.so
7f7ed3fff000-7f7ed4000000 rw-p 00011000 fd:01 1030065                    /usr/lib/jvm/java-7-openjdk-amd64/jre/lib/amd64/libnio.so
7f7ed4000000-7f7ed51ff000 rw-p 00000000 00:00 0 
7f7ed51ff000-7f7ed8000000 ---p 00000000 00:00 0 
7f7ed8000000-7f7ed8021000 rw-p 00000000 00:00 0 
7f7ed8021000-7f7edc000000 ---p 00000000 00:00 0 
7f7edc000000-7f7edc021000 rw-p 00000000 00:00 0 
7f7edc021000-7f7ee0000000 ---p 00000000 00:00 0 
7f7ee0000000-7f7ee12dc000 rw-p 00000000 00:00 0 
7f7ee12dc000-7f7ee4000000 ---p 00000000 00:00 0 
7f7ee4000000-7f7ee4021000 rw-p 00000000 00:00 0 
7f7ee4021000-7f7ee8000000 ---p 00000000 00:00 0 
7f7ee8000000-7f7ee8021000 rw-p 00000000 00:00 0 
7f7ee8021000-7f7eec000000 ---p 00000000 00:00 0 
7f7eec000000-7f7eec024000 rw-p 00000000 00:00 0 
7f7eec024000-7f7ef0000000 ---p 00000000 00:00 0 
7f7ef0000000-7f7ef0031000 rw-p 00000000 00:00 0 
7f7ef0031000-7f7ef4000000 ---p 00000000 00:00 0 
7f7ef4000000-7f7ef402d000 rw-p 00000000 00:00 0 
7f7ef402d000-7f7ef8000000 ---p 00000000 00:00 0 
7f7ef8000000-7f7ef8002000 r--s 00004000 fd:01 1541314                    /home/ubuntu/.m2/repository/org/apache/maven/maven-archiver/2.5/maven-archiver-2.5.jar
7f7ef8002000-7f7ef8004000 r--s 00007000 fd:01 1540081                    /home/ubuntu/.m2/repository/org/apache/maven/plugins/maven-jar-plugin/2.4/maven-jar-plugin-2.4.jar
7f7ef8004000-7f7ef8007000 ---p 00000000 00:00 0 
7f7ef8007000-7f7ef803d000 rw-p 00000000 00:00 0 
7f7ef803d000-7f7ef803f000 r--s 00002000 fd:01 1541288                    /home/ubuntu/.m2/repository/org/apache/maven/plugin-tools/maven-plugin-annotations/3.1/maven-plugin-annotations-3.1.jar
7f7ef803f000-7f7ef8040000 r--s 00002000 fd:01 1541283                    /home/ubuntu/.m2/repository/org/apache/maven/reporting/maven-reporting-api/2.0.9/maven-reporting-api-2.0.9.jar
7f7ef8040000-7f7ef8044000 r--s 00035000 fd:01 1541282                    /home/ubuntu/.m2/repository/org/codehaus/plexus/plexus-utils/3.0.8/plexus-utils-3.0.8.jar
7f7ef8044000-7f7ef8046000 r--s 00006000 fd:01 1541279                    /home/ubuntu/.m2/repository/org/apache/maven/shared/maven-common-artifact-filters/1.3/maven-common-artifact-filters-1.3.jar
7f7ef8046000-7f7ef804c000 r--s 00048000 fd:01 1030697                    /home/ubuntu/.m2/repository/org/apache/commons/commons-lang3/3.1/commons-lang3-3.1.jar
7f7ef804c000-7f7ef8051000 r--s 0003c000 fd:01 1541275                    /home/ubuntu/.m2/repository/org/apache/maven/surefire/maven-surefire-common/2.12.4/maven-surefire-common-2.12.4.jar
7f7ef8051000-7f7ef8055000 r--s 00019000 fd:01 1541277                    /home/ubuntu/.m2/repository/org/apache/maven/surefire/surefire-api/2.12.4/surefire-api-2.12.4.jar
7f7ef8055000-7f7ef8057000 r--s 00007000 fd:01 1541273                    /home/ubuntu/.m2/repository/org/apache/maven/surefire/surefire-booter/2.12.4/surefire-booter-2.12.4.jar
7f7ef8057000-7f7ef8058000 r--s 00007000 fd:01 1540074                    /home/ubuntu/.m2/repository/org/apache/maven/plugins/maven-surefire-plugin/2.12.4/maven-surefire-plugin-2.12.4.jar
7f7ef8058000-7f7ef805b000 r--s 0001b000 fd:01 776012                     /home/ubuntu/.m2/repository/junit/junit/3.8.2/junit-3.8.2.jar
7f7ef805b000-7f7ef8069000 r--s 0008f000 fd:01 1541216                    /home/ubuntu/.m2/repository/com/google/collections/google-collections/1.0/google-collections-1.0.jar
7f7ef8069000-7f7ef806a000 r--s 0000a000 fd:01 1541213                    /home/ubuntu/.m2/repository/commons-logging/commons-logging-api/1.1/commons-logging-api-1.1.jar
7f7ef806a000-7f7ef8071000 r--s 00051000 fd:01 1541192                    /home/ubuntu/.m2/repository/log4j/log4j/1.2.12/log4j-1.2.12.jar
7f7ef8071000-7f7ef8075000 r--s 0001d000 fd:01 776009                     /home/ubuntu/.m2/repository/org/apache/xbean/xbean-reflect/3.4/xbean-reflect-3.4.jar
7f7ef8075000-7f7ef8076000 r--s 00004000 fd:01 1541205                    /home/ubuntu/.m2/repository/org/codehaus/plexus/plexus-compiler-javac/2.2/plexus-compiler-javac-2.2.jar
7f7ef8076000-7f7ef8078000 r--s 00000000 fd:01 1541203                    /home/ubuntu/.m2/repository/org/codehaus/plexus/plexus-compiler-manager/2.2/plexus-compiler-manager-2.2.jar
7f7ef8078000-7f7ef807a000 r--s 00005000 fd:01 1541204                    /home/ubuntu/.m2/repository/org/codehaus/plexus/plexus-compiler-api/2.2/plexus-compiler-api-2.2.jar
7f7ef807a000-7f7ef807c000 r--s 00000000 fd:01 1540969                    /home/ubuntu/.m2/repository/org/codehaus/plexus/plexus-component-annotations/1.5.5/plexus-component-annotations-1.5.5.jar
7f7ef807c000-7f7ef807e000 r--s 00002000 fd:01 1541199                    /home/ubuntu/.m2/repository/org/apache/maven/shared/maven-shared-incremental/1.1/maven-shared-incremental-1.1.jar
7f7ef807e000-7f7ef8080000 r--s 00006000 fd:01 1541195                    /home/ubuntu/.m2/repository/com/google/code/findbugs/jsr305/2.0.1/jsr305-2.0.1.jar
7f7ef8080000-7f7ef8083000 r--s 00023000 fd:01 1541197                    /home/ubuntu/.m2/repository/org/apache/maven/shared/maven-shared-utils/0.1/maven-shared-utils-0.1.jar
7f7ef8083000-7f7ef8087000 r--s 00030000 fd:01 1541191                    /home/ubuntu/.m2/repository/org/codehaus/plexus/plexus-utils/1.5.1/plexus-utils-1.5.1.jar
7f7ef8087000-7f7ef8089000 r--s 00009000 fd:01 1540061                    /home/ubuntu/.m2/repository/org/apache/maven/plugins/maven-compiler-plugin/3.1/maven-compiler-plugin-3.1.jar
7f7ef8089000-7f7ef808b000 r--s 0000d000 fd:01 1541061                    /home/ubuntu/.m2/repository/org/codehaus/plexus/plexus-interpolation/1.13/plexus-interpolation-1.13.jar
7f7ef808b000-7f7ef808c000 r--s 00001000 fd:01 1541060                    /home/ubuntu/.m2/repository/org/sonatype/plexus/plexus-build-api/0.0.4/plexus-build-api-0.0.4.jar
7f7ef808c000-7f7ef808e000 r--s 00009000 fd:01 1541055                    /home/ubuntu/.m2/repository/org/apache/maven/shared/maven-filtering/1.1/maven-filtering-1.1.jar
7f7ef808e000-7f7ef8092000 r--s 00033000 fd:01 1541046                    /home/ubuntu/.m2/repository/org/codehaus/plexus/plexus-utils/2.0.5/plexus-utils-2.0.5.jar
7f7ef8092000-7f7ef8095000 r--s 0001b000 fd:01 775968                     /home/ubuntu/.m2/repository/junit/junit/3.8.1/junit-3.8.1.jar
7f7ef8095000-7f7ef8097000 r--s 00002000 fd:01 1540908                    /home/ubuntu/.m2/repository/org/codehaus/plexus/plexus-interactivity-api/1.0-alpha-4/plexus-interactivity-api-1.0-alpha-4.jar
7f7ef8097000-7f7ef8099000 r--s 00006000 fd:01 1540905                    /home/ubuntu/.m2/repository/commons-cli/commons-cli/1.0/commons-cli-1.0.jar
7f7ef8099000-7f7ef809a000 r--s 00001000 fd:01 1541045                    /home/ubuntu/.m2/repository/org/apache/maven/doxia/doxia-sink-api/1.0-alpha-7/doxia-sink-api-1.0-alpha-7.jar
7f7ef809a000-7f7ef809b000 r--s 00002000 fd:01 1541043                    /home/ubuntu/.m2/repository/org/apache/maven/reporting/maven-reporting-api/2.0.6/maven-reporting-api-2.0.6.jar
7f7ef809b000-7f7ef809d000 r--s 00006000 fd:01 1540054                    /home/ubuntu/.m2/repository/org/apache/maven/plugins/maven-resources-plugin/2.6/maven-resources-plugin-2.6.jar
7f7ef809d000-7f7ef80a7000 r--s 000ae000 fd:01 1030068                    /usr/lib/jvm/java-7-openjdk-amd64/jre/lib/resources.jar
7f7ef80a7000-7f7ef80a9000 r--s 00018000 fd:01 1030025                    /usr/lib/jvm/java-7-openjdk-amd64/jre/lib/jce.jar
7f7ef80a9000-7f7ef80ad000 r--s 0004f000 fd:01 1030100                    /usr/lib/jvm/java-7-openjdk-amd64/jre/lib/jsse.jar
7f7ef80ad000-7f7ef80ae000 r--s 0000a000 fd:01 775793                     /usr/local/share/maven/lib/maven-settings-3.3.9.jar
7f7ef80ae000-7f7ef80b2000 r--s 00020000 fd:01 775817                     /usr/local/share/maven/lib/aether-util-1.0.2.v20150114.jar
7f7ef80b2000-7f7ef80b3000 r--s 00003000 fd:01 775799                     /usr/local/share/maven/lib/maven-builder-support-3.3.9.jar
7f7ef80b3000-7f7ef80b5000 r--s 0000f000 fd:01 775814                     /usr/local/share/maven/lib/maven-aether-provider-3.3.9.jar
7f7ef80b5000-7f7ef80bb000 r--s 00041000 fd:01 775821                     /usr/local/share/maven/lib/maven-compat-3.3.9.jar
7f7ef80bb000-7f7ef80be000 r--s 0000d000 fd:01 775800                     /usr/local/share/maven/lib/plexus-interpolation-1.21.jar
7f7ef80be000-7f7ef80c1000 r--s 0000b000 fd:01 775822                     /usr/local/share/maven/lib/wagon-provider-api-2.10.jar
7f7ef80c1000-7f7ef80c2000 r--s 00002000 fd:01 775826                     /usr/local/share/maven/lib/wagon-http-shared-2.10.jar
7f7ef80c2000-7f7ef80c3000 r--s 00002000 fd:01 775830                     /usr/local/share/maven/lib/wagon-file-2.10.jar
7f7ef80c3000-7f7ef80c9000 r--s 00042000 fd:01 775827                     /usr/local/share/maven/lib/jsoup-1.7.2.jar
7f7ef80c9000-7f7ef80cb000 r--s 00005000 fd:01 775823                     /usr/local/share/maven/lib/slf4j-api-1.7.5.jar
7f7ef80cb000-7f7ef80f6000 r--s 001fc000 fd:01 775813                     /usr/local/share/maven/lib/guava-18.0.jar
7f7ef80f6000-7f7ef80fa000 r--s 00038000 fd:01 775794                     /usr/local/share/maven/lib/plexus-utils-3.0.22.jar
7f7ef80fa000-7f7ef80fc000 r--s 00002000 fd:01 775803                     /usr/local/share/maven/lib/plexus-cipher-1.7.jar
7f7ef80fc000-7f7ef80fe000 r--s 00006000 fd:01 775816                     /usr/local/share/maven/lib/aether-spi-1.0.2.v20150114.jar
7f7ef80fe000-7f7ef80ff000 r--s 00002000 fd:01 775833                     /usr/local/share/maven/lib/slf4j-simple-1.7.5.jar
7f7ef80ff000-7f7ef8102000 r--s 00008000 fd:01 775808                     /usr/local/share/maven/lib/cdi-api-1.0.jar
7f7ef8102000-7f7ef8103000 r--s 00006000 fd:01 775802                     /usr/local/share/maven/lib/plexus-sec-dispatcher-1.3.jar
7f7ef8103000-7f7ef8105000 r--s 0000c000 fd:01 775805                     /usr/local/share/maven/lib/maven-artifact-3.3.9.jar
7f7ef8105000-7f7ef8107000 r--s 00005000 fd:01 775832                     /usr/local/share/maven/lib/aether-transport-wagon-1.0.2.v20150114.jar
7f7ef8107000-7f7ef8108000 r--s 00006000 fd:01 775804                     /usr/local/share/maven/lib/maven-repository-metadata-3.3.9.jar
7f7ef8108000-7f7ef8109000 r--s 00001000 fd:01 775809                     /usr/local/share/maven/lib/jsr250-api-1.0.jar
7f7ef8109000-7f7ef810f000 r--s 0002d000 fd:01 775807                     /usr/local/share/maven/lib/org.eclipse.sisu.plexus-0.3.2.jar
7f7ef810f000-7f7ef8117000 r--s 00055000 fd:01 775811                     /usr/local/share/maven/lib/org.eclipse.sisu.inject-0.3.2.jar
7f7ef8117000-7f7ef811e000 r--s 00064000 fd:01 775797                     /usr/local/share/maven/lib/commons-lang3-3.4.jar
7f7ef811e000-7f7ef8127000 r--s 0005f000 fd:01 775819                     /usr/local/share/maven/lib/guice-4.0-no_aop.jar
7f7ef8127000-7f7ef8128000 r--s 00008000 fd:01 775831                     /usr/local/share/maven/lib/aether-connector-basic-1.0.2.v20150114.jar
7f7ef8128000-7f7ef812c000 r--s 00027000 fd:01 775829                     /usr/local/share/maven/lib/commons-io-2.2.jar
7f7ef812c000-7f7ef812f000 r--s 00026000 fd:01 775796                     /usr/local/share/maven/lib/maven-model-3.3.9.jar
7f7ef812f000-7f7ef8132000 r--s 00013000 fd:01 775792                     /usr/local/share/maven/lib/maven-embedder-3.3.9.jar
7f7ef8132000-7f7ef8137000 r--s 0001d000 fd:01 775815                     /usr/local/share/maven/lib/aether-api-1.0.2.v20150114.jar
7f7ef8137000-7f7ef8139000 r--s 00009000 fd:01 775824                     /usr/local/share/maven/lib/commons-cli-1.2.jar
7f7ef8139000-7f7ef813e000 r--s 00027000 fd:01 775812                     /usr/local/share/maven/lib/maven-model-builder-3.3.9.jar
7f7ef813e000-7f7ef816c000 r--s 001fa000 fd:01 775825                     /usr/local/share/maven/lib/wagon-http-2.10-shaded.jar
7f7ef816c000-7f7ef816e000 r--s 00009000 fd:01 775798                     /usr/local/share/maven/lib/maven-settings-builder-3.3.9.jar
7f7ef816e000-7f7ef817b000 r--s 0008f000 fd:01 775795                     /usr/local/share/maven/lib/maven-core-3.3.9.jar
7f7ef817b000-7f7ef8180000 r--s 00041000 fd:01 775828                     /usr/local/share/maven/lib/commons-lang-2.6.jar
7f7ef8180000-7f7ef8181000 ---p 00000000 00:00 0 
7f7ef8181000-7f7ef8281000 rw-p 00000000 00:00 0 
7f7ef8281000-7f7ef8284000 ---p 00000000 00:00 0 
7f7ef8284000-7f7ef8382000 rw-p 00000000 00:00 0 
7f7ef8382000-7f7ef8385000 ---p 00000000 00:00 0 
7f7ef8385000-7f7ef8483000 rw-p 00000000 00:00 0 
7f7ef8483000-7f7ef8486000 ---p 00000000 00:00 0 
7f7ef8486000-7f7ef8584000 rw-p 00000000 00:00 0 
7f7ef8584000-7f7ef8587000 ---p 00000000 00:00 0 
7f7ef8587000-7f7ef8685000 rw-p 00000000 00:00 0 
7f7ef8685000-7f7ef881d000 r--p 00000000 fd:01 2039                       /usr/lib/locale/locale-archive
7f7ef881d000-7f7ef8820000 ---p 00000000 00:00 0 
7f7ef8820000-7f7ef891e000 rw-p 00000000 00:00 0 
7f7ef891e000-7f7ef8921000 ---p 00000000 00:00 0 
7f7ef8921000-7f7ef8a1f000 rw-p 00000000 00:00 0 
7f7ef8a1f000-7f7ef8a20000 ---p 00000000 00:00 0 
7f7ef8a20000-7f7ef94d5000 rw-p 00000000 00:00 0 
7f7ef94d5000-7f7ef9686000 r--s 01d30000 fd:01 1030080                    /usr/lib/jvm/java-7-openjdk-amd64/jre/lib/rt.jar
7f7ef9686000-7f7efbda8000 rw-p 00000000 00:00 0 
7f7efbda8000-7f7efbda9000 ---p 00000000 00:00 0 
7f7efbda9000-7f7efbea9000 rw-p 00000000 00:00 0 
7f7efbea9000-7f7efbeaa000 ---p 00000000 00:00 0 
7f7efbeaa000-7f7efbfc0000 rw-p 00000000 00:00 0 
7f7efbfc0000-7f7efbffd000 rw-p 00000000 00:00 0 
7f7efbffd000-7f7efc01f000 rw-p 00000000 00:00 0 
7f7efc01f000-7f7efc147000 rw-p 00000000 00:00 0 
7f7efc147000-7f7efc15d000 rw-p 00000000 00:00 0 
7f7efc15d000-7f7efc19a000 rw-p 00000000 00:00 0 
7f7efc19a000-7f7efc1bc000 rw-p 00000000 00:00 0 
7f7efc1bc000-7f7efc2e3000 rw-p 00000000 00:00 0 
7f7efc2e3000-7f7efc388000 rw-p 00000000 00:00 0 
7f7efc388000-7f7efc389000 rw-p 00000000 00:00 0 
7f7efc389000-7f7efc6e9000 rwxp 00000000 00:00 0 
7f7efc6e9000-7f7eff389000 rw-p 00000000 00:00 0 
7f7eff389000-7f7eff391000 r-xp 00000000 fd:01 1030047                    /usr/lib/jvm/java-7-openjdk-amd64/jre/lib/amd64/libzip.so
7f7eff391000-7f7eff590000 ---p 00008000 fd:01 1030047                    /usr/lib/jvm/java-7-openjdk-amd64/jre/lib/amd64/libzip.so
7f7eff590000-7f7eff591000 r--p 00007000 fd:01 1030047                    /usr/lib/jvm/java-7-openjdk-amd64/jre/lib/amd64/libzip.so
7f7eff591000-7f7eff592000 rw-p 00008000 fd:01 1030047                    /usr/lib/jvm/java-7-openjdk-amd64/jre/lib/amd64/libzip.so
7f7eff592000-7f7eff59d000 r-xp 00000000 fd:01 3154                       /lib/x86_64-linux-gnu/libnss_files-2.23.so
7f7eff59d000-7f7eff79c000 ---p 0000b000 fd:01 3154                       /lib/x86_64-linux-gnu/libnss_files-2.23.so
7f7eff79c000-7f7eff79d000 r--p 0000a000 fd:01 3154                       /lib/x86_64-linux-gnu/libnss_files-2.23.so
7f7eff79d000-7f7eff79e000 rw-p 0000b000 fd:01 3154                       /lib/x86_64-linux-gnu/libnss_files-2.23.so
7f7eff79e000-7f7eff7a4000 rw-p 00000000 00:00 0 
7f7eff7a4000-7f7eff7af000 r-xp 00000000 fd:01 3275                       /lib/x86_64-linux-gnu/libnss_nis-2.23.so
7f7eff7af000-7f7eff9ae000 ---p 0000b000 fd:01 3275                       /lib/x86_64-linux-gnu/libnss_nis-2.23.so
7f7eff9ae000-7f7eff9af000 r--p 0000a000 fd:01 3275                       /lib/x86_64-linux-gnu/libnss_nis-2.23.so
7f7eff9af000-7f7eff9b0000 rw-p 0000b000 fd:01 3275                       /lib/x86_64-linux-gnu/libnss_nis-2.23.so
7f7eff9b0000-7f7eff9c6000 r-xp 00000000 fd:01 3110                       /lib/x86_64-linux-gnu/libnsl-2.23.so
7f7eff9c6000-7f7effbc5000 ---p 00016000 fd:01 3110                       /lib/x86_64-linux-gnu/libnsl-2.23.so
7f7effbc5000-7f7effbc6000 r--p 00015000 fd:01 3110                       /lib/x86_64-linux-gnu/libnsl-2.23.so
7f7effbc6000-7f7effbc7000 rw-p 00016000 fd:01 3110                       /lib/x86_64-linux-gnu/libnsl-2.23.so
7f7effbc7000-7f7effbc9000 rw-p 00000000 00:00 0 
7f7effbc9000-7f7effbd1000 r-xp 00000000 fd:01 3282                       /lib/x86_64-linux-gnu/libnss_compat-2.23.so
7f7effbd1000-7f7effdd0000 ---p 00008000 fd:01 3282                       /lib/x86_64-linux-gnu/libnss_compat-2.23.so
7f7effdd0000-7f7effdd1000 r--p 00007000 fd:01 3282                       /lib/x86_64-linux-gnu/libnss_compat-2.23.so
7f7effdd1000-7f7effdd2000 rw-p 00008000 fd:01 3282                       /lib/x86_64-linux-gnu/libnss_compat-2.23.so
7f7effdd2000-7f7effdfe000 r-xp 00000000 fd:01 1030032                    /usr/lib/jvm/java-7-openjdk-amd64/jre/lib/amd64/libjava.so
7f7effdfe000-7f7effffd000 ---p 0002c000 fd:01 1030032                    /usr/lib/jvm/java-7-openjdk-amd64/jre/lib/amd64/libjava.so
7f7effffd000-7f7effffe000 r--p 0002b000 fd:01 1030032                    /usr/lib/jvm/java-7-openjdk-amd64/jre/lib/amd64/libjava.so
7f7effffe000-7f7f00000000 rw-p 0002c000 fd:01 1030032                    /usr/lib/jvm/java-7-openjdk-amd64/jre/lib/amd64/libjava.so
7f7f00000000-7f7f00cbf000 rw-p 00000000 00:00 0 
7f7f00cbf000-7f7f04000000 ---p 00000000 00:00 0 
7f7f04000000-7f7f04001000 r--s 00000000 fd:01 775810                     /usr/local/share/maven/lib/javax.inject-1.jar
7f7f04001000-7f7f04003000 r--s 0000a000 fd:01 775806                     /usr/local/share/maven/lib/maven-plugin-api-3.3.9.jar
7f7f04003000-7f7f04005000 r--s 00000000 fd:01 775801                     /usr/local/share/maven/lib/plexus-component-annotations-1.6.jar
7f7f04005000-7f7f04007000 r--s 00000000 fd:01 775820                     /usr/local/share/maven/lib/aopalliance-1.0.jar
7f7f04007000-7f7f0400b000 r--s 00027000 fd:01 775818                     /usr/local/share/maven/lib/aether-impl-1.0.2.v20150114.jar
7f7f0400b000-7f7f04033000 rw-p 00000000 00:00 0 
7f7f04033000-7f7f04042000 r-xp 00000000 fd:01 1030033                    /usr/lib/jvm/java-7-openjdk-amd64/jre/lib/amd64/libverify.so
7f7f04042000-7f7f04241000 ---p 0000f000 fd:01 1030033                    /usr/lib/jvm/java-7-openjdk-amd64/jre/lib/amd64/libverify.so
7f7f04241000-7f7f04243000 r--p 0000e000 fd:01 1030033                    /usr/lib/jvm/java-7-openjdk-amd64/jre/lib/amd64/libverify.so
7f7f04243000-7f7f04244000 rw-p 00010000 fd:01 1030033                    /usr/lib/jvm/java-7-openjdk-amd64/jre/lib/amd64/libverify.so
7f7f04244000-7f7f0424b000 r-xp 00000000 fd:01 3278                       /lib/x86_64-linux-gnu/librt-2.23.so
7f7f0424b000-7f7f0444a000 ---p 00007000 fd:01 3278                       /lib/x86_64-linux-gnu/librt-2.23.so
7f7f0444a000-7f7f0444b000 r--p 00006000 fd:01 3278                       /lib/x86_64-linux-gnu/librt-2.23.so
7f7f0444b000-7f7f0444c000 rw-p 00007000 fd:01 3278                       /lib/x86_64-linux-gnu/librt-2.23.so
7f7f0444c000-7f7f04462000 r-xp 00000000 fd:01 2035                       /lib/x86_64-linux-gnu/libgcc_s.so.1
7f7f04462000-7f7f04661000 ---p 00016000 fd:01 2035                       /lib/x86_64-linux-gnu/libgcc_s.so.1
7f7f04661000-7f7f04662000 rw-p 00015000 fd:01 2035                       /lib/x86_64-linux-gnu/libgcc_s.so.1
7f7f04662000-7f7f0476a000 r-xp 00000000 fd:01 3287                       /lib/x86_64-linux-gnu/libm-2.23.so
7f7f0476a000-7f7f04969000 ---p 00108000 fd:01 3287                       /lib/x86_64-linux-gnu/libm-2.23.so
7f7f04969000-7f7f0496a000 r--p 00107000 fd:01 3287                       /lib/x86_64-linux-gnu/libm-2.23.so
7f7f0496a000-7f7f0496b000 rw-p 00108000 fd:01 3287                       /lib/x86_64-linux-gnu/libm-2.23.so
7f7f0496b000-7f7f04add000 r-xp 00000000 fd:01 25730                      /usr/lib/x86_64-linux-gnu/libstdc++.so.6.0.21
7f7f04add000-7f7f04cdd000 ---p 00172000 fd:01 25730                      /usr/lib/x86_64-linux-gnu/libstdc++.so.6.0.21
7f7f04cdd000-7f7f04ce7000 r--p 00172000 fd:01 25730                      /usr/lib/x86_64-linux-gnu/libstdc++.so.6.0.21
7f7f04ce7000-7f7f04ce9000 rw-p 0017c000 fd:01 25730                      /usr/lib/x86_64-linux-gnu/libstdc++.so.6.0.21
7f7f04ce9000-7f7f04ced000 rw-p 00000000 00:00 0 
7f7f04ced000-7f7f0583d000 r-xp 00000000 fd:01 1030045                    /usr/lib/jvm/java-7-openjdk-amd64/jre/lib/amd64/server/libjvm.so
7f7f0583d000-7f7f05a3c000 ---p 00b50000 fd:01 1030045                    /usr/lib/jvm/java-7-openjdk-amd64/jre/lib/amd64/server/libjvm.so
7f7f05a3c000-7f7f05acd000 r--p 00b4f000 fd:01 1030045                    /usr/lib/jvm/java-7-openjdk-amd64/jre/lib/amd64/server/libjvm.so
7f7f05acd000-7f7f05af0000 rw-p 00be0000 fd:01 1030045                    /usr/lib/jvm/java-7-openjdk-amd64/jre/lib/amd64/server/libjvm.so
7f7f05af0000-7f7f05b1b000 rw-p 00000000 00:00 0 
7f7f05b1b000-7f7f05b34000 r-xp 00000000 fd:01 2184                       /lib/x86_64-linux-gnu/libz.so.1.2.8
7f7f05b34000-7f7f05d33000 ---p 00019000 fd:01 2184                       /lib/x86_64-linux-gnu/libz.so.1.2.8
7f7f05d33000-7f7f05d34000 r--p 00018000 fd:01 2184                       /lib/x86_64-linux-gnu/libz.so.1.2.8
7f7f05d34000-7f7f05d35000 rw-p 00019000 fd:01 2184                       /lib/x86_64-linux-gnu/libz.so.1.2.8
7f7f05d35000-7f7f05d4d000 r-xp 00000000 fd:01 3259                       /lib/x86_64-linux-gnu/libpthread-2.23.so
7f7f05d4d000-7f7f05f4c000 ---p 00018000 fd:01 3259                       /lib/x86_64-linux-gnu/libpthread-2.23.so
7f7f05f4c000-7f7f05f4d000 r--p 00017000 fd:01 3259                       /lib/x86_64-linux-gnu/libpthread-2.23.so
7f7f05f4d000-7f7f05f4e000 rw-p 00018000 fd:01 3259                       /lib/x86_64-linux-gnu/libpthread-2.23.so
7f7f05f4e000-7f7f05f52000 rw-p 00000000 00:00 0 
7f7f05f52000-7f7f05f55000 r-xp 00000000 fd:01 3281                       /lib/x86_64-linux-gnu/libdl-2.23.so
7f7f05f55000-7f7f06154000 ---p 00003000 fd:01 3281                       /lib/x86_64-linux-gnu/libdl-2.23.so
7f7f06154000-7f7f06155000 r--p 00002000 fd:01 3281                       /lib/x86_64-linux-gnu/libdl-2.23.so
7f7f06155000-7f7f06156000 rw-p 00003000 fd:01 3281                       /lib/x86_64-linux-gnu/libdl-2.23.so
7f7f06156000-7f7f06316000 r-xp 00000000 fd:01 3292                       /lib/x86_64-linux-gnu/libc-2.23.so
7f7f06316000-7f7f06516000 ---p 001c0000 fd:01 3292                       /lib/x86_64-linux-gnu/libc-2.23.so
7f7f06516000-7f7f0651a000 r--p 001c0000 fd:01 3292                       /lib/x86_64-linux-gnu/libc-2.23.so
7f7f0651a000-7f7f0651c000 rw-p 001c4000 fd:01 3292                       /lib/x86_64-linux-gnu/libc-2.23.so
7f7f0651c000-7f7f06520000 rw-p 00000000 00:00 0 
7f7f06520000-7f7f0652d000 r-xp 00000000 fd:01 1030062                    /usr/lib/jvm/java-7-openjdk-amd64/jre/lib/amd64/jli/libjli.so
7f7f0652d000-7f7f0672c000 ---p 0000d000 fd:01 1030062                    /usr/lib/jvm/java-7-openjdk-amd64/jre/lib/amd64/jli/libjli.so
7f7f0672c000-7f7f0672d000 r--p 0000c000 fd:01 1030062                    /usr/lib/jvm/java-7-openjdk-amd64/jre/lib/amd64/jli/libjli.so
7f7f0672d000-7f7f0672e000 rw-p 0000d000 fd:01 1030062                    /usr/lib/jvm/java-7-openjdk-amd64/jre/lib/amd64/jli/libjli.so
7f7f0672e000-7f7f06754000 r-xp 00000000 fd:01 3116                       /lib/x86_64-linux-gnu/ld-2.23.so
7f7f06754000-7f7f06758000 r--s 00085000 fd:01 1030097                    /usr/lib/jvm/java-7-openjdk-amd64/jre/lib/ext/localedata.jar
7f7f06758000-7f7f0675c000 r--s 0003c000 fd:01 1030098                    /usr/lib/jvm/java-7-openjdk-amd64/jre/lib/ext/sunpkcs11.jar
7f7f0675c000-7f7f0675f000 r--s 0000f000 fd:01 1030096                    /usr/lib/jvm/java-7-openjdk-amd64/jre/lib/ext/icedtea-sound.jar
7f7f0675f000-7f7f06763000 r--s 00034000 fd:01 1030095                    /usr/lib/jvm/java-7-openjdk-amd64/jre/lib/ext/sunjce_provider.jar
7f7f06763000-7f7f06788000 rw-p 00000000 00:00 0 
7f7f06788000-7f7f0683a000 rw-p 00000000 00:00 0 
7f7f0683a000-7f7f06842000 rw-s 00000000 fd:01 776189                     /tmp/hsperfdata_ubuntu/12191
7f7f06842000-7f7f06845000 ---p 00000000 00:00 0 
7f7f06845000-7f7f06948000 rw-p 00000000 00:00 0 
7f7f06948000-7f7f0694a000 r--s 0000b000 fd:01 525701                     /usr/local/share/maven/boot/plexus-classworlds-2.5.2.jar
7f7f0694a000-7f7f0694b000 r--s 00002000 fd:01 1030093                    /usr/lib/jvm/java-7-openjdk-amd64/jre/lib/ext/dnsns.jar
7f7f0694b000-7f7f0694d000 r--s 00007000 fd:01 22986                      /usr/share/java/java-atk-wrapper.jar
7f7f0694d000-7f7f0694f000 r--s 00012000 fd:01 1030094                    /usr/lib/jvm/java-7-openjdk-amd64/jre/lib/ext/zipfs.jar
7f7f0694f000-7f7f06950000 rw-p 00000000 00:00 0 
7f7f06950000-7f7f06951000 ---p 00000000 00:00 0 
7f7f06951000-7f7f06953000 rw-p 00000000 00:00 0 
7f7f06953000-7f7f06954000 r--p 00025000 fd:01 3116                       /lib/x86_64-linux-gnu/ld-2.23.so
7f7f06954000-7f7f06955000 rw-p 00026000 fd:01 3116                       /lib/x86_64-linux-gnu/ld-2.23.so
7f7f06955000-7f7f06956000 rw-p 00000000 00:00 0 
7ffcc32f0000-7ffcc3311000 rw-p 00000000 00:00 0                          [stack]
7ffcc3377000-7ffcc3379000 r--p 00000000 00:00 0                          [vvar]
7ffcc3379000-7ffcc337b000 r-xp 00000000 00:00 0                          [vdso]
ffffffffff600000-ffffffffff601000 r-xp 00000000 00:00 0                  [vsyscall]

VM Arguments:
jvm_args: -Dclassworlds.conf=/usr/local/share/maven/bin/m2.conf -Dmaven.home=/usr/local/share/maven -Dmaven.multiModuleProjectDirectory=/home/ubuntu/TestStochasticModel_V9 
java_command: org.codehaus.plexus.classworlds.launcher.Launcher package
Launcher Type: SUN_STANDARD

Environment Variables:
JAVA_HOME=/usr/lib/jvm/java-1.7.0-openjdk-amd64
PATH=/home/ubuntu/bin:/home/ubuntu/.local/bin:/usr/local/share/hive/bin:/usr/local/share/maven/bin:/usr/local/sbin:/usr/local/bin:/usr/sbin:/usr/bin:/sbin:/bin:/usr/games:/usr/local/games:/snap/bin:/usr/local/share/hadoop/bin:/usr/local/share/hadoop/bin:/usr/local/share/hadoop/sbin:/usr/local/share/maven/bin:/usr/local/share/hive/bin
SHELL=/bin/bash

Signal Handlers:
SIGSEGV: [libjvm.so+0x994310], sa_mask[0]=0x7ffbfeff, sa_flags=0x10000004
SIGBUS: [libjvm.so+0x994310], sa_mask[0]=0x7ffbfeff, sa_flags=0x10000004
SIGFPE: [libjvm.so+0x7fb870], sa_mask[0]=0x7ffbfeff, sa_flags=0x10000004
SIGPIPE: SIG_IGN, sa_mask[0]=0x00000000, sa_flags=0x00000000
SIGXFSZ: [libjvm.so+0x7fb870], sa_mask[0]=0x7ffbfeff, sa_flags=0x10000004
SIGILL: [libjvm.so+0x7fb870], sa_mask[0]=0x7ffbfeff, sa_flags=0x10000004
SIGUSR1: SIG_DFL, sa_mask[0]=0x00000000, sa_flags=0x00000000
SIGUSR2: [libjvm.so+0x7fb6f0], sa_mask[0]=0x00000000, sa_flags=0x10000004
SIGHUP: [libjvm.so+0x7fb880], sa_mask[0]=0x7ffbfeff, sa_flags=0x10000004
SIGINT: [libjvm.so+0x7fb880], sa_mask[0]=0x7ffbfeff, sa_flags=0x10000004
SIGTERM: [libjvm.so+0x7fb880], sa_mask[0]=0x7ffbfeff, sa_flags=0x10000004
SIGQUIT: [libjvm.so+0x7fb880], sa_mask[0]=0x7ffbfeff, sa_flags=0x10000004
SIGTRAP: SIG_DFL, sa_mask[0]=0x00000000, sa_flags=0x00000000


---------------  S Y S T E M  ---------------

OS:Ubuntu 16.04 (xenial)
uname:Linux 4.4.0-89-generic #112-Ubuntu SMP Mon Jul 31 19:38:41 UTC 2017 x86_64
libc:glibc 2.23 NPTL 2.23 
rlimit: STACK 8192k, CORE 0k, NPROC 15736, NOFILE 65536, AS infinity
load average:1.74 1.10 0.97

/proc/meminfo:
MemTotal:        4046520 kB
MemFree:          122508 kB
MemAvailable:      16348 kB
Buffers:             744 kB
Cached:            60644 kB
SwapCached:            0 kB
Active:          3789208 kB
Inactive:          50028 kB
Active(anon):    3784272 kB
Inactive(anon):    40912 kB
Active(file):       4936 kB
Inactive(file):     9116 kB
Unevictable:        3660 kB
Mlocked:            3660 kB
SwapTotal:             0 kB
SwapFree:              0 kB
Dirty:                76 kB
Writeback:             0 kB
AnonPages:       3781796 kB
Mapped:            24232 kB
Shmem:             44628 kB
Slab:              34220 kB
SReclaimable:      15036 kB
SUnreclaim:        19184 kB
KernelStack:       10880 kB
PageTables:        17832 kB
NFS_Unstable:          0 kB
Bounce:                0 kB
WritebackTmp:          0 kB
CommitLimit:     2023260 kB
Committed_AS:    3680480 kB
VmallocTotal:   34359738367 kB
VmallocUsed:           0 kB
VmallocChunk:          0 kB
HardwareCorrupted:     0 kB
AnonHugePages:   3385344 kB
CmaTotal:              0 kB
CmaFree:               0 kB
HugePages_Total:       0
HugePages_Free:        0
HugePages_Rsvd:        0
HugePages_Surp:        0
Hugepagesize:       2048 kB
DirectMap4k:       42984 kB
DirectMap2M:     3102720 kB
DirectMap1G:     3145728 kB


CPU:total 2 (1 cores per cpu, 1 threads per core) family 6 model 42 stepping 1, cmov, cx8, fxsr, mmx, sse, sse2, sse3, ssse3, sse4.1, sse4.2, popcnt, avx, aes, erms, tsc

/proc/cpuinfo:
processor	: 0
vendor_id	: GenuineIntel
cpu family	: 6
model		: 42
model name	: Intel Xeon E312xx (Sandy Bridge)
stepping	: 1
microcode	: 0x1
cpu MHz		: 2099.998
cache size	: 4096 KB
physical id	: 0
siblings	: 1
core id		: 0
cpu cores	: 1
apicid		: 0
initial apicid	: 0
fpu		: yes
fpu_exception	: yes
cpuid level	: 13
wp		: yes
flags		: fpu vme de pse tsc msr pae mce cx8 apic sep mtrr pge mca cmov pat pse36 clflush mmx fxsr sse sse2 ss syscall nx pdpe1gb rdtscp lm constant_tsc rep_good nopl eagerfpu pni pclmulqdq ssse3 cx16 pcid sse4_1 sse4_2 x2apic popcnt tsc_deadline_timer aes xsave avx f16c rdrand hypervisor lahf_lm fsgsbase smep erms xsaveopt
bugs		:
bogomips	: 4199.99
clflush size	: 64
cache_alignment	: 64
address sizes	: 46 bits physical, 48 bits virtual
power management:

processor	: 1
vendor_id	: GenuineIntel
cpu family	: 6
model		: 42
model name	: Intel Xeon E312xx (Sandy Bridge)
stepping	: 1
microcode	: 0x1
cpu MHz		: 2099.998
cache size	: 4096 KB
physical id	: 1
siblings	: 1
core id		: 0
cpu cores	: 1
apicid		: 1
initial apicid	: 1
fpu		: yes
fpu_exception	: yes
cpuid level	: 13
wp		: yes
flags		: fpu vme de pse tsc msr pae mce cx8 apic sep mtrr pge mca cmov pat pse36 clflush mmx fxsr sse sse2 ss syscall nx pdpe1gb rdtscp lm constant_tsc rep_good nopl eagerfpu pni pclmulqdq ssse3 cx16 pcid sse4_1 sse4_2 x2apic popcnt tsc_deadline_timer aes xsave avx f16c rdrand hypervisor lahf_lm fsgsbase smep erms xsaveopt
bugs		:
bogomips	: 4199.99
clflush size	: 64
cache_alignment	: 64
address sizes	: 46 bits physical, 48 bits virtual
power management:



Memory: 4k page, physical 4046520k(122384k free), swap 0k(0k free)

vm_info: OpenJDK 64-Bit Server VM (24.95-b01) for linux-amd64 JRE (1.7.0_95-b00), built on Mar 27 2016 12:52:52 by "buildd" with gcc 5.3.1 20160323

time: Wed Aug  9 12:12:00 2017
elapsed time: 45 seconds

