#
# There is insufficient memory for the Java Runtime Environment to continue.
# Native memory allocation (malloc) failed to allocate 45088768 bytes for committing reserved memory.
# Possible reasons:
#   The system is out of physical RAM or swap space
#   In 32 bit mode, the process size limit was hit
# Possible solutions:
#   Reduce memory load on the system
#   Increase physical memory or swap space
#   Check if swap backing store is full
#   Use 64 bit Java on a 64 bit OS
#   Decrease Java heap size (-Xmx/-Xms)
#   Decrease number of Java threads
#   Decrease Java thread stack sizes (-Xss)
#   Set larger code cache with -XX:ReservedCodeCacheSize=
# This output file may be truncated or incomplete.
#
#  Out of Memory Error (os_linux.cpp:2827), pid=12488, tid=140380692326144
#
# JRE version: OpenJDK Runtime Environment (7.0_95) (build 1.7.0_95-b00)
# Java VM: OpenJDK 64-Bit Server VM (24.95-b01 mixed mode linux-amd64 compressed oops)
# Derivative: IcedTea 2.6.4
# Distribution: Ubuntu Xenial Xerus (development branch), package 7u95-2.6.4-3
# Failed to write core dump. Core dumps have been disabled. To enable core dumping, try "ulimit -c unlimited" before starting Java again
#

---------------  T H R E A D  ---------------

Current thread (0x00007face8071000):  VMThread [stack: 0x00007faced3ca000,0x00007faced4cb000] [id=12500]

Stack: [0x00007faced3ca000,0x00007faced4cb000],  sp=0x00007faced4c94f0,  free space=1021k
Native frames: (J=compiled Java code, j=interpreted, Vv=VM code, C=native code)
V  [libjvm.so+0x9937b3]
V  [libjvm.so+0x48a37f]
V  [libjvm.so+0x80060b]
V  [libjvm.so+0x7fa9fe]
V  [libjvm.so+0x870e66]
V  [libjvm.so+0x8727c3]
V  [libjvm.so+0x86ea28]
V  [libjvm.so+0x86ed0c]
V  [libjvm.so+0x823fa3]
V  [libjvm.so+0x995252]
V  [libjvm.so+0x999f97]
V  [libjvm.so+0x997828]
V  [libjvm.so+0x998b9f]
V  [libjvm.so+0x999091]
V  [libjvm.so+0x7fd532]

VM_Operation (0x00007facf1ecec60): ParallelGCFailedAllocation, mode: safepoint, requested by thread 0x00007face800a000


---------------  P R O C E S S  ---------------

Java Threads: ( => current thread )
  0x00007face80ad000 JavaThread "Service Thread" daemon [_thread_blocked, id=12506, stack(0x00007facecc2c000,0x00007facecd2d000)]
  0x00007face80aa800 JavaThread "C2 CompilerThread1" daemon [_thread_blocked, id=12505, stack(0x00007facecd2d000,0x00007facece2e000)]
  0x00007face80a7800 JavaThread "C2 CompilerThread0" daemon [_thread_blocked, id=12504, stack(0x00007facece2e000,0x00007facecf2f000)]
  0x00007face80a5800 JavaThread "Signal Dispatcher" daemon [_thread_blocked, id=12503, stack(0x00007facecf2f000,0x00007faced030000)]
  0x00007face8077800 JavaThread "Finalizer" daemon [_thread_blocked, id=12502, stack(0x00007faced1c8000,0x00007faced2c9000)]
  0x00007face8075800 JavaThread "Reference Handler" daemon [_thread_blocked, id=12501, stack(0x00007faced2c9000,0x00007faced3ca000)]
  0x00007face800a000 JavaThread "main" [_thread_blocked, id=12497, stack(0x00007facf1dd2000,0x00007facf1ed3000)]

Other Threads:
=>0x00007face8071000 VMThread [stack: 0x00007faced3ca000,0x00007faced4cb000] [id=12500]
  0x00007face80b7800 WatcherThread [stack: 0x00007facecb2b000,0x00007facecc2c000] [id=12507]

VM state:at safepoint (normal execution)

VM Mutex/Monitor currently owned by a thread:  ([mutex/lock_event])
[0x00007face8006640] Threads_lock - owner thread: 0x00007face8071000
[0x00007face8006b40] Heap_lock - owner thread: 0x00007face800a000

Heap
 PSYoungGen      total 72192K, used 7136K [0x00000000eb680000, 0x00000000f0480000, 0x0000000100000000)
  eden space 65024K, 0% used [0x00000000eb680000,0x00000000eb680000,0x00000000ef600000)
  from space 7168K, 99% used [0x00000000ef600000,0x00000000efcf8020,0x00000000efd00000)
  to   space 6656K, 0% used [0x00000000efd00000,0x00000000efd00000,0x00000000f0380000)
 ParOldGen       total 41984K, used 12370K [0x00000000c2400000, 0x00000000c4d00000, 0x00000000eb680000)
  object space 41984K, 29% used [0x00000000c2400000,0x00000000c3014918,0x00000000c4d00000)
 PSPermGen       total 21504K, used 15284K [0x00000000b7e00000, 0x00000000b9300000, 0x00000000c2400000)
  object space 21504K, 71% used [0x00000000b7e00000,0x00000000b8ced078,0x00000000b9300000)

Card table byte_map: [0x00007facee70a000,0x00007facee94c000] byte_map_base: 0x00007facee14b000

Polling page: 0x00007facf1ee0000

Code Cache  [0x00007face5000000, 0x00007face5270000, 0x00007face8000000)
 total_blobs=815 nmethods=523 adapters=245 free_code_cache=47387Kb largest_free_block=48472448

Compilation events (10 events):
Event: 9.466 Thread 0x00007face80a7800 nmethod 566 0x00007face510d8d0 code [0x00007face510da00, 0x00007face510da58]
Event: 9.468 Thread 0x00007face80aa800  567             org.apache.maven.model.Dependency::getVersion (5 bytes)
Event: 9.468 Thread 0x00007face80aa800 nmethod 567 0x00007face510d690 code [0x00007face510d7c0, 0x00007face510d818]
Event: 9.470 Thread 0x00007face80a7800  568             org.apache.maven.repository.internal.ArtifactDescriptorReaderDelegate::convert (194 bytes)
Event: 9.493 Thread 0x00007face80aa800  570             sun.misc.Unsafe::putObject (9 bytes)
Event: 9.494 Thread 0x00007face80aa800 nmethod 570 0x00007face5193f90 code [0x00007face51940c0, 0x00007face5194138]
Event: 9.584 Thread 0x00007face80a7800 nmethod 568 0x00007face51c1910 code [0x00007face51c1cc0, 0x00007face51c3900]
Event: 9.607 Thread 0x00007face80aa800  571             org.codehaus.plexus.interpolation.reflection.ReflectionValueExtractor::getClassMap (58 bytes)
Event: 9.633 Thread 0x00007face80aa800 nmethod 571 0x00007face50a8310 code [0x00007face50a8560, 0x00007face50a8eb0]
Event: 9.832 Thread 0x00007face80a7800  572             java.util.regex.Pattern$Branch::match (66 bytes)

GC Heap History (10 events):
Event: 3.457 GC heap after
Heap after GC invocations=4 (full 0):
 PSYoungGen      total 18944K, used 2544K [0x00000000eb680000, 0x00000000edb80000, 0x0000000100000000)
  eden space 16384K, 0% used [0x00000000eb680000,0x00000000eb680000,0x00000000ec680000)
  from space 2560K, 99% used [0x00000000ec900000,0x00000000ecb7c010,0x00000000ecb80000)
  to   space 2560K, 0% used [0x00000000ec680000,0x00000000ec680000,0x00000000ec900000)
 ParOldGen       total 41984K, used 4726K [0x00000000c2400000, 0x00000000c4d00000, 0x00000000eb680000)
  object space 41984K, 11% used [0x00000000c2400000,0x00000000c289da28,0x00000000c4d00000)
 PSPermGen       total 21504K, used 12742K [0x00000000b7e00000, 0x00000000b9300000, 0x00000000c2400000)
  object space 21504K, 59% used [0x00000000b7e00000,0x00000000b8a71a58,0x00000000b9300000)
}
Event: 4.553 GC heap before
{Heap before GC invocations=5 (full 0):
 PSYoungGen      total 18944K, used 18928K [0x00000000eb680000, 0x00000000edb80000, 0x0000000100000000)
  eden space 16384K, 100% used [0x00000000eb680000,0x00000000ec680000,0x00000000ec680000)
  from space 2560K, 99% used [0x00000000ec900000,0x00000000ecb7c010,0x00000000ecb80000)
  to   space 2560K, 0% used [0x00000000ec680000,0x00000000ec680000,0x00000000ec900000)
 ParOldGen       total 41984K, used 4726K [0x00000000c2400000, 0x00000000c4d00000, 0x00000000eb680000)
  object space 41984K, 11% used [0x00000000c2400000,0x00000000c289da28,0x00000000c4d00000)
 PSPermGen       total 21504K, used 14952K [0x00000000b7e00000, 0x00000000b9300000, 0x00000000c2400000)
  object space 21504K, 69% used [0x00000000b7e00000,0x00000000b8c9a1e0,0x00000000b9300000)
Event: 4.572 GC heap after
Heap after GC invocations=5 (full 0):
 PSYoungGen      total 18944K, used 2560K [0x00000000eb680000, 0x00000000ee280000, 0x0000000100000000)
  eden space 16384K, 0% used [0x00000000eb680000,0x00000000eb680000,0x00000000ec680000)
  from space 2560K, 100% used [0x00000000ec680000,0x00000000ec900000,0x00000000ec900000)
  to   space 6144K, 0% used [0x00000000edc80000,0x00000000edc80000,0x00000000ee280000)
 ParOldGen       total 41984K, used 7364K [0x00000000c2400000, 0x00000000c4d00000, 0x00000000eb680000)
  object space 41984K, 17% used [0x00000000c2400000,0x00000000c2b310a8,0x00000000c4d00000)
 PSPermGen       total 21504K, used 14952K [0x00000000b7e00000, 0x00000000b9300000, 0x00000000c2400000)
  object space 21504K, 69% used [0x00000000b7e00000,0x00000000b8c9a1e0,0x00000000b9300000)
}
Event: 5.536 GC heap before
{Heap before GC invocations=6 (full 0):
 PSYoungGen      total 18944K, used 18944K [0x00000000eb680000, 0x00000000ee280000, 0x0000000100000000)
  eden space 16384K, 100% used [0x00000000eb680000,0x00000000ec680000,0x00000000ec680000)
  from space 2560K, 100% used [0x00000000ec680000,0x00000000ec900000,0x00000000ec900000)
  to   space 6144K, 0% used [0x00000000edc80000,0x00000000edc80000,0x00000000ee280000)
 ParOldGen       total 41984K, used 7364K [0x00000000c2400000, 0x00000000c4d00000, 0x00000000eb680000)
  object space 41984K, 17% used [0x00000000c2400000,0x00000000c2b310a8,0x00000000c4d00000)
 PSPermGen       total 21504K, used 15095K [0x00000000b7e00000, 0x00000000b9300000, 0x00000000c2400000)
  object space 21504K, 70% used [0x00000000b7e00000,0x00000000b8cbdd88,0x00000000b9300000)
Event: 5.557 GC heap after
Heap after GC invocations=6 (full 0):
 PSYoungGen      total 38912K, used 4387K [0x00000000eb680000, 0x00000000ee280000, 0x0000000100000000)
  eden space 32768K, 0% used [0x00000000eb680000,0x00000000eb680000,0x00000000ed680000)
  from space 6144K, 71% used [0x00000000edc80000,0x00000000ee0c8da8,0x00000000ee280000)
  to   space 6144K, 0% used [0x00000000ed680000,0x00000000ed680000,0x00000000edc80000)
 ParOldGen       total 41984K, used 7364K [0x00000000c2400000, 0x00000000c4d00000, 0x00000000eb680000)
  object space 41984K, 17% used [0x00000000c2400000,0x00000000c2b310a8,0x00000000c4d00000)
 PSPermGen       total 21504K, used 15095K [0x00000000b7e00000, 0x00000000b9300000, 0x00000000c2400000)
  object space 21504K, 70% used [0x00000000b7e00000,0x00000000b8cbdd88,0x00000000b9300000)
}
Event: 6.784 GC heap before
{Heap before GC invocations=7 (full 0):
 PSYoungGen      total 38912K, used 37155K [0x00000000eb680000, 0x00000000ee280000, 0x0000000100000000)
  eden space 32768K, 100% used [0x00000000eb680000,0x00000000ed680000,0x00000000ed680000)
  from space 6144K, 71% used [0x00000000edc80000,0x00000000ee0c8da8,0x00000000ee280000)
  to   space 6144K, 0% used [0x00000000ed680000,0x00000000ed680000,0x00000000edc80000)
 ParOldGen       total 41984K, used 7364K [0x00000000c2400000, 0x00000000c4d00000, 0x00000000eb680000)
  object space 41984K, 17% used [0x00000000c2400000,0x00000000c2b310a8,0x00000000c4d00000)
 PSPermGen       total 21504K, used 15184K [0x00000000b7e00000, 0x00000000b9300000, 0x00000000c2400000)
  object space 21504K, 70% used [0x00000000b7e00000,0x00000000b8cd43b0,0x00000000b9300000)
Event: 6.803 GC heap after
Heap after GC invocations=7 (full 0):
 PSYoungGen      total 38912K, used 5504K [0x00000000eb680000, 0x00000000f0380000, 0x0000000100000000)
  eden space 32768K, 0% used [0x00000000eb680000,0x00000000eb680000,0x00000000ed680000)
  from space 6144K, 89% used [0x00000000ed680000,0x00000000edbe0000,0x00000000edc80000)
  to   space 6656K, 0% used [0x00000000efd00000,0x00000000efd00000,0x00000000f0380000)
 ParOldGen       total 41984K, used 7932K [0x00000000c2400000, 0x00000000c4d00000, 0x00000000eb680000)
  object space 41984K, 18% used [0x00000000c2400000,0x00000000c2bbf0f8,0x00000000c4d00000)
 PSPermGen       total 21504K, used 15184K [0x00000000b7e00000, 0x00000000b9300000, 0x00000000c2400000)
  object space 21504K, 70% used [0x00000000b7e00000,0x00000000b8cd43b0,0x00000000b9300000)
}
Event: 8.011 GC heap before
{Heap before GC invocations=8 (full 0):
 PSYoungGen      total 38912K, used 38272K [0x00000000eb680000, 0x00000000f0380000, 0x0000000100000000)
  eden space 32768K, 100% used [0x00000000eb680000,0x00000000ed680000,0x00000000ed680000)
  from space 6144K, 89% used [0x00000000ed680000,0x00000000edbe0000,0x00000000edc80000)
  to   space 6656K, 0% used [0x00000000efd00000,0x00000000efd00000,0x00000000f0380000)
 ParOldGen       total 41984K, used 7932K [0x00000000c2400000, 0x00000000c4d00000, 0x00000000eb680000)
  object space 41984K, 18% used [0x00000000c2400000,0x00000000c2bbf0f8,0x00000000c4d00000)
 PSPermGen       total 21504K, used 15230K [0x00000000b7e00000, 0x00000000b9300000, 0x00000000c2400000)
  object space 21504K, 70% used [0x00000000b7e00000,0x00000000b8cdfaf8,0x00000000b9300000)
Event: 8.048 GC heap after
Heap after GC invocations=8 (full 0):
 PSYoungGen      total 71680K, used 6496K [0x00000000eb680000, 0x00000000f0480000, 0x0000000100000000)
  eden space 65024K, 0% used [0x00000000eb680000,0x00000000eb680000,0x00000000ef600000)
  from space 6656K, 97% used [0x00000000efd00000,0x00000000f0358000,0x00000000f0380000)
  to   space 7168K, 0% used [0x00000000ef600000,0x00000000ef600000,0x00000000efd00000)
 ParOldGen       total 41984K, used 9098K [0x00000000c2400000, 0x00000000c4d00000, 0x00000000eb680000)
  object space 41984K, 21% used [0x00000000c2400000,0x00000000c2ce2918,0x00000000c4d00000)
 PSPermGen       total 21504K, used 15230K [0x00000000b7e00000, 0x00000000b9300000, 0x00000000c2400000)
  object space 21504K, 70% used [0x00000000b7e00000,0x00000000b8cdfaf8,0x00000000b9300000)
}
Event: 9.884 GC heap before
{Heap before GC invocations=9 (full 0):
 PSYoungGen      total 71680K, used 71520K [0x00000000eb680000, 0x00000000f0480000, 0x0000000100000000)
  eden space 65024K, 100% used [0x00000000eb680000,0x00000000ef600000,0x00000000ef600000)
  from space 6656K, 97% used [0x00000000efd00000,0x00000000f0358000,0x00000000f0380000)
  to   space 7168K, 0% used [0x00000000ef600000,0x00000000ef600000,0x00000000efd00000)
 ParOldGen       total 41984K, used 9098K [0x00000000c2400000, 0x00000000c4d00000, 0x00000000eb680000)
  object space 41984K, 21% used [0x00000000c2400000,0x00000000c2ce2918,0x00000000c4d00000)
 PSPermGen       total 21504K, used 15284K [0x00000000b7e00000, 0x00000000b9300000, 0x00000000c2400000)
  object space 21504K, 71% used [0x00000000b7e00000,0x00000000b8ced078,0x00000000b9300000)

Deoptimization events (10 events):
Event: 7.369 Thread 0x00007face800a000 Uncommon trap: reason=unstable_if action=reinterpret pc=0x00007face5138dec method=java.util.WeakHashMap.eq(Ljava/lang/Object;Ljava/lang/Object;)Z @ 10
Event: 8.536 Thread 0x00007face800a000 Uncommon trap: reason=unstable_if action=reinterpret pc=0x00007face514b388 method=org.codehaus.plexus.util.xml.pull.MXParser.parseAttribute()C @ 988
Event: 8.724 Thread 0x00007face800a000 Uncommon trap: reason=null_check action=make_not_entrant pc=0x00007face5178880 method=org.codehaus.plexus.interpolation.reflection.ReflectionValueExtractor.getClassMap(Ljava/lang/Class;)Lorg/codehaus/plexus/interpolation/reflection/ClassMap; @ 9
Event: 8.725 Thread 0x00007face800a000 Uncommon trap: reason=class_check action=maybe_recompile pc=0x00007face51918dc method=java.util.AbstractMap.equals(Ljava/lang/Object;)Z @ 8
Event: 8.882 Thread 0x00007face800a000 Uncommon trap: reason=null_check action=make_not_entrant pc=0x00007face5175b08 method=org.codehaus.plexus.interpolation.reflection.ReflectionValueExtractor.getClassMap(Ljava/lang/Class;)Lorg/codehaus/plexus/interpolation/reflection/ClassMap; @ 9
Event: 9.099 Thread 0x00007face800a000 Uncommon trap: reason=unstable_if action=reinterpret pc=0x00007face513777c method=java.util.regex.Pattern$Curly.match(Ljava/util/regex/Matcher;ILjava/lang/CharSequence;)Z @ 45
Event: 9.100 Thread 0x00007face800a000 Uncommon trap: reason=class_check action=maybe_recompile pc=0x00007face513a2f8 method=org.codehaus.plexus.interpolation.MapBasedValueSource.getValue(Ljava/lang/String;)Ljava/lang/Object; @ 16
Event: 9.100 Thread 0x00007face800a000 Uncommon trap: reason=class_check action=maybe_recompile pc=0x00007face513a2f8 method=org.codehaus.plexus.interpolation.MapBasedValueSource.getValue(Ljava/lang/String;)Ljava/lang/Object; @ 16
Event: 9.100 Thread 0x00007face800a000 Uncommon trap: reason=class_check action=maybe_recompile pc=0x00007face513a2f8 method=org.codehaus.plexus.interpolation.MapBasedValueSource.getValue(Ljava/lang/String;)Ljava/lang/Object; @ 16
Event: 9.366 Thread 0x00007face800a000 Uncommon trap: reason=class_check action=maybe_recompile pc=0x00007face51918dc method=java.util.AbstractMap.equals(Ljava/lang/Object;)Z @ 8

Internal exceptions (10 events):
Event: 5.013 Thread 0x00007face800a000 Threw 0x00000000ebe588b8 at /build/openjdk-7-hGnxiC/openjdk-7-7u95-2.6.4/build/openjdk/hotspot/src/share/vm/prims/jvm.cpp:1322
Event: 5.013 Thread 0x00007face800a000 Threw 0x00000000ebe58fe8 at /build/openjdk-7-hGnxiC/openjdk-7-7u95-2.6.4/build/openjdk/hotspot/src/share/vm/prims/jvm.cpp:1322
Event: 5.013 Thread 0x00007face800a000 Threw 0x00000000ebe5c4b8 at /build/openjdk-7-hGnxiC/openjdk-7-7u95-2.6.4/build/openjdk/hotspot/src/share/vm/prims/jvm.cpp:1322
Event: 5.013 Thread 0x00007face800a000 Threw 0x00000000ebe5cbc8 at /build/openjdk-7-hGnxiC/openjdk-7-7u95-2.6.4/build/openjdk/hotspot/src/share/vm/prims/jvm.cpp:1322
Event: 5.096 Thread 0x00007face800a000 Threw 0x00000000ebf5c108 at /build/openjdk-7-hGnxiC/openjdk-7-7u95-2.6.4/build/openjdk/hotspot/src/share/vm/prims/jvm.cpp:1322
Event: 5.096 Thread 0x00007face800a000 Threw 0x00000000ebf5c810 at /build/openjdk-7-hGnxiC/openjdk-7-7u95-2.6.4/build/openjdk/hotspot/src/share/vm/prims/jvm.cpp:1322
Event: 5.097 Thread 0x00007face800a000 Threw 0x00000000ebf61d30 at /build/openjdk-7-hGnxiC/openjdk-7-7u95-2.6.4/build/openjdk/hotspot/src/share/vm/prims/jvm.cpp:1322
Event: 5.097 Thread 0x00007face800a000 Threw 0x00000000ebf625b0 at /build/openjdk-7-hGnxiC/openjdk-7-7u95-2.6.4/build/openjdk/hotspot/src/share/vm/prims/jvm.cpp:1322
Event: 8.605 Thread 0x00007face800a000 Threw 0x00000000ecb5b9b0 at /build/openjdk-7-hGnxiC/openjdk-7-7u95-2.6.4/build/openjdk/hotspot/src/share/vm/prims/jvm.cpp:1322
Event: 8.605 Thread 0x00007face800a000 Threw 0x00000000ecb5c090 at /build/openjdk-7-hGnxiC/openjdk-7-7u95-2.6.4/build/openjdk/hotspot/src/share/vm/prims/jvm.cpp:1322

Events (10 events):
Event: 9.100 Thread 0x00007face800a000 DEOPT UNPACKING pc=0x00007face5039445 sp=0x00007facf1ece7d0 mode 2
Event: 9.100 Thread 0x00007face800a000 Uncommon trap: trap_request=0xffffffde fr.pc=0x00007face513a2f8
Event: 9.100 Thread 0x00007face800a000 DEOPT PACKING pc=0x00007face513a2f8 sp=0x00007facf1ece810
Event: 9.100 Thread 0x00007face800a000 DEOPT UNPACKING pc=0x00007face5039445 sp=0x00007facf1ece7d0 mode 2
Event: 9.309 Thread 0x00007face80a7800 flushing nmethod 0x00007face50a78d0
Event: 9.333 Thread 0x00007face80aa800 flushing nmethod 0x00007face510d690
Event: 9.366 Thread 0x00007face800a000 Uncommon trap: trap_request=0xffffffde fr.pc=0x00007face51918dc
Event: 9.366 Thread 0x00007face800a000 DEOPT PACKING pc=0x00007face51918dc sp=0x00007facf1ece7f0
Event: 9.366 Thread 0x00007face800a000 DEOPT UNPACKING pc=0x00007face5039445 sp=0x00007facf1ece7c0 mode 2
Event: 9.882 Executing VM operation: ParallelGCFailedAllocation


Dynamic libraries:
00400000-00401000 r-xp 00000000 fd:01 1029604                            /usr/lib/jvm/java-7-openjdk-amd64/jre/bin/java
00600000-00601000 r--p 00000000 fd:01 1029604                            /usr/lib/jvm/java-7-openjdk-amd64/jre/bin/java
00601000-00602000 rw-p 00001000 fd:01 1029604                            /usr/lib/jvm/java-7-openjdk-amd64/jre/bin/java
00668000-00689000 rw-p 00000000 00:00 0                                  [heap]
b7e00000-b9300000 rw-p 00000000 00:00 0 
b9300000-c2400000 rw-p 00000000 00:00 0 
c2400000-c4d00000 rw-p 00000000 00:00 0 
c4d00000-eb680000 rw-p 00000000 00:00 0 
eb680000-f0480000 rw-p 00000000 00:00 0 
f2f80000-100000000 rw-p 00000000 00:00 0 
7facb4000000-7facb4021000 rw-p 00000000 00:00 0 
7facb4021000-7facb8000000 ---p 00000000 00:00 0 
7facbc000000-7facbcdb9000 rw-p 00000000 00:00 0 
7facbcdb9000-7facc0000000 ---p 00000000 00:00 0 
7facc0000000-7facc0021000 rw-p 00000000 00:00 0 
7facc0021000-7facc4000000 ---p 00000000 00:00 0 
7facc4000000-7facc4021000 rw-p 00000000 00:00 0 
7facc4021000-7facc8000000 ---p 00000000 00:00 0 
7facc8000000-7facc8ad7000 rw-p 00000000 00:00 0 
7facc8ad7000-7faccc000000 ---p 00000000 00:00 0 
7faccc000000-7faccc021000 rw-p 00000000 00:00 0 
7faccc021000-7facd0000000 ---p 00000000 00:00 0 
7facd0000000-7facd0021000 rw-p 00000000 00:00 0 
7facd0021000-7facd4000000 ---p 00000000 00:00 0 
7facd4000000-7facd4021000 rw-p 00000000 00:00 0 
7facd4021000-7facd8000000 ---p 00000000 00:00 0 
7facd8000000-7facd8021000 rw-p 00000000 00:00 0 
7facd8021000-7facdc000000 ---p 00000000 00:00 0 
7facdc000000-7facdc021000 rw-p 00000000 00:00 0 
7facdc021000-7face0000000 ---p 00000000 00:00 0 
7face1b25000-7face1e26000 rw-p 00000000 00:00 0 
7face1e26000-7face1e94000 r-xp 00000000 fd:01 2141                       /lib/x86_64-linux-gnu/libpcre.so.3.13.2
7face1e94000-7face2094000 ---p 0006e000 fd:01 2141                       /lib/x86_64-linux-gnu/libpcre.so.3.13.2
7face2094000-7face2095000 r--p 0006e000 fd:01 2141                       /lib/x86_64-linux-gnu/libpcre.so.3.13.2
7face2095000-7face2096000 rw-p 0006f000 fd:01 2141                       /lib/x86_64-linux-gnu/libpcre.so.3.13.2
7face2096000-7face209d000 r-xp 00000000 fd:01 25752                      /usr/lib/x86_64-linux-gnu/libffi.so.6.0.4
7face209d000-7face229c000 ---p 00007000 fd:01 25752                      /usr/lib/x86_64-linux-gnu/libffi.so.6.0.4
7face229c000-7face229d000 r--p 00006000 fd:01 25752                      /usr/lib/x86_64-linux-gnu/libffi.so.6.0.4
7face229d000-7face229e000 rw-p 00007000 fd:01 25752                      /usr/lib/x86_64-linux-gnu/libffi.so.6.0.4
7face229e000-7face22b5000 r-xp 00000000 fd:01 3284                       /lib/x86_64-linux-gnu/libresolv-2.23.so
7face22b5000-7face24b5000 ---p 00017000 fd:01 3284                       /lib/x86_64-linux-gnu/libresolv-2.23.so
7face24b5000-7face24b6000 r--p 00017000 fd:01 3284                       /lib/x86_64-linux-gnu/libresolv-2.23.so
7face24b6000-7face24b7000 rw-p 00018000 fd:01 3284                       /lib/x86_64-linux-gnu/libresolv-2.23.so
7face24b7000-7face24b9000 rw-p 00000000 00:00 0 
7face24b9000-7face24d8000 r-xp 00000000 fd:01 2151                       /lib/x86_64-linux-gnu/libselinux.so.1
7face24d8000-7face26d7000 ---p 0001f000 fd:01 2151                       /lib/x86_64-linux-gnu/libselinux.so.1
7face26d7000-7face26d8000 r--p 0001e000 fd:01 2151                       /lib/x86_64-linux-gnu/libselinux.so.1
7face26d8000-7face26d9000 rw-p 0001f000 fd:01 2151                       /lib/x86_64-linux-gnu/libselinux.so.1
7face26d9000-7face26db000 rw-p 00000000 00:00 0 
7face26db000-7face26de000 r-xp 00000000 fd:01 25774                      /usr/lib/x86_64-linux-gnu/libgmodule-2.0.so.0.4800.2
7face26de000-7face28dd000 ---p 00003000 fd:01 25774                      /usr/lib/x86_64-linux-gnu/libgmodule-2.0.so.0.4800.2
7face28dd000-7face28de000 r--p 00002000 fd:01 25774                      /usr/lib/x86_64-linux-gnu/libgmodule-2.0.so.0.4800.2
7face28de000-7face28df000 rw-p 00003000 fd:01 25774                      /usr/lib/x86_64-linux-gnu/libgmodule-2.0.so.0.4800.2
7face28df000-7face29ee000 r-xp 00000000 fd:01 2210                       /lib/x86_64-linux-gnu/libglib-2.0.so.0.4800.2
7face29ee000-7face2bed000 ---p 0010f000 fd:01 2210                       /lib/x86_64-linux-gnu/libglib-2.0.so.0.4800.2
7face2bed000-7face2bee000 r--p 0010e000 fd:01 2210                       /lib/x86_64-linux-gnu/libglib-2.0.so.0.4800.2
7face2bee000-7face2bef000 rw-p 0010f000 fd:01 2210                       /lib/x86_64-linux-gnu/libglib-2.0.so.0.4800.2
7face2bef000-7face5000000 rw-p 00000000 00:00 0 
7face5000000-7face5270000 rwxp 00000000 00:00 0 
7face5270000-7face86dc000 rw-p 00000000 00:00 0 
7face86dc000-7facec000000 ---p 00000000 00:00 0 
7facec03e000-7facec090000 r-xp 00000000 fd:01 25779                      /usr/lib/x86_64-linux-gnu/libgobject-2.0.so.0.4800.2
7facec090000-7facec28f000 ---p 00052000 fd:01 25779                      /usr/lib/x86_64-linux-gnu/libgobject-2.0.so.0.4800.2
7facec28f000-7facec290000 r--p 00051000 fd:01 25779                      /usr/lib/x86_64-linux-gnu/libgobject-2.0.so.0.4800.2
7facec290000-7facec291000 rw-p 00052000 fd:01 25779                      /usr/lib/x86_64-linux-gnu/libgobject-2.0.so.0.4800.2
7facec291000-7facec411000 r-xp 00000000 fd:01 25780                      /usr/lib/x86_64-linux-gnu/libgio-2.0.so.0.4800.2
7facec411000-7facec611000 ---p 00180000 fd:01 25780                      /usr/lib/x86_64-linux-gnu/libgio-2.0.so.0.4800.2
7facec611000-7facec615000 r--p 00180000 fd:01 25780                      /usr/lib/x86_64-linux-gnu/libgio-2.0.so.0.4800.2
7facec615000-7facec617000 rw-p 00184000 fd:01 25780                      /usr/lib/x86_64-linux-gnu/libgio-2.0.so.0.4800.2
7facec617000-7facec619000 rw-p 00000000 00:00 0 
7facec61e000-7facec622000 r--s 0004f000 fd:01 1030100                    /usr/lib/jvm/java-7-openjdk-amd64/jre/lib/jsse.jar
7facec622000-7facec639000 r-xp 00000000 fd:01 1030041                    /usr/lib/jvm/java-7-openjdk-amd64/jre/lib/amd64/libnet.so
7facec639000-7facec839000 ---p 00017000 fd:01 1030041                    /usr/lib/jvm/java-7-openjdk-amd64/jre/lib/amd64/libnet.so
7facec839000-7facec83a000 r--p 00017000 fd:01 1030041                    /usr/lib/jvm/java-7-openjdk-amd64/jre/lib/amd64/libnet.so
7facec83a000-7facec83b000 rw-p 00018000 fd:01 1030041                    /usr/lib/jvm/java-7-openjdk-amd64/jre/lib/amd64/libnet.so
7facec83b000-7facec84c000 r-xp 00000000 fd:01 1030065                    /usr/lib/jvm/java-7-openjdk-amd64/jre/lib/amd64/libnio.so
7facec84c000-7faceca4b000 ---p 00011000 fd:01 1030065                    /usr/lib/jvm/java-7-openjdk-amd64/jre/lib/amd64/libnio.so
7faceca4b000-7faceca4c000 r--p 00010000 fd:01 1030065                    /usr/lib/jvm/java-7-openjdk-amd64/jre/lib/amd64/libnio.so
7faceca4c000-7faceca4d000 rw-p 00011000 fd:01 1030065                    /usr/lib/jvm/java-7-openjdk-amd64/jre/lib/amd64/libnio.so
7faceca4d000-7faceca4e000 r--s 0000a000 fd:01 775793                     /usr/local/share/maven/lib/maven-settings-3.3.9.jar
7faceca4e000-7faceca52000 r--s 00020000 fd:01 775817                     /usr/local/share/maven/lib/aether-util-1.0.2.v20150114.jar
7faceca52000-7faceca53000 r--s 00003000 fd:01 775799                     /usr/local/share/maven/lib/maven-builder-support-3.3.9.jar
7faceca53000-7faceca55000 r--s 0000f000 fd:01 775814                     /usr/local/share/maven/lib/maven-aether-provider-3.3.9.jar
7faceca55000-7faceca5b000 r--s 00041000 fd:01 775821                     /usr/local/share/maven/lib/maven-compat-3.3.9.jar
7faceca5b000-7faceca5e000 r--s 0000d000 fd:01 775800                     /usr/local/share/maven/lib/plexus-interpolation-1.21.jar
7faceca5e000-7faceca61000 r--s 0000b000 fd:01 775822                     /usr/local/share/maven/lib/wagon-provider-api-2.10.jar
7faceca61000-7faceca62000 r--s 00002000 fd:01 775826                     /usr/local/share/maven/lib/wagon-http-shared-2.10.jar
7faceca62000-7faceca63000 r--s 00002000 fd:01 775830                     /usr/local/share/maven/lib/wagon-file-2.10.jar
7faceca63000-7faceca69000 r--s 00042000 fd:01 775827                     /usr/local/share/maven/lib/jsoup-1.7.2.jar
7faceca69000-7faceca6b000 r--s 00005000 fd:01 775823                     /usr/local/share/maven/lib/slf4j-api-1.7.5.jar
7faceca6b000-7faceca96000 r--s 001fc000 fd:01 775813                     /usr/local/share/maven/lib/guava-18.0.jar
7faceca96000-7faceca9a000 r--s 00038000 fd:01 775794                     /usr/local/share/maven/lib/plexus-utils-3.0.22.jar
7faceca9a000-7faceca9c000 r--s 00002000 fd:01 775803                     /usr/local/share/maven/lib/plexus-cipher-1.7.jar
7faceca9c000-7faceca9e000 r--s 00006000 fd:01 775816                     /usr/local/share/maven/lib/aether-spi-1.0.2.v20150114.jar
7faceca9e000-7faceca9f000 r--s 00002000 fd:01 775833                     /usr/local/share/maven/lib/slf4j-simple-1.7.5.jar
7faceca9f000-7facecaa2000 r--s 00008000 fd:01 775808                     /usr/local/share/maven/lib/cdi-api-1.0.jar
7facecaa2000-7facecaa3000 r--s 00006000 fd:01 775802                     /usr/local/share/maven/lib/plexus-sec-dispatcher-1.3.jar
7facecaa3000-7facecaa5000 r--s 0000c000 fd:01 775805                     /usr/local/share/maven/lib/maven-artifact-3.3.9.jar
7facecaa5000-7facecaa7000 r--s 00005000 fd:01 775832                     /usr/local/share/maven/lib/aether-transport-wagon-1.0.2.v20150114.jar
7facecaa7000-7facecaa8000 r--s 00006000 fd:01 775804                     /usr/local/share/maven/lib/maven-repository-metadata-3.3.9.jar
7facecaa8000-7facecaa9000 r--s 00001000 fd:01 775809                     /usr/local/share/maven/lib/jsr250-api-1.0.jar
7facecaa9000-7facecaaf000 r--s 0002d000 fd:01 775807                     /usr/local/share/maven/lib/org.eclipse.sisu.plexus-0.3.2.jar
7facecaaf000-7facecab7000 r--s 00055000 fd:01 775811                     /usr/local/share/maven/lib/org.eclipse.sisu.inject-0.3.2.jar
7facecab7000-7facecabe000 r--s 00064000 fd:01 775797                     /usr/local/share/maven/lib/commons-lang3-3.4.jar
7facecabe000-7facecac7000 r--s 0005f000 fd:01 775819                     /usr/local/share/maven/lib/guice-4.0-no_aop.jar
7facecac7000-7facecac8000 r--s 00008000 fd:01 775831                     /usr/local/share/maven/lib/aether-connector-basic-1.0.2.v20150114.jar
7facecac8000-7facecacc000 r--s 00027000 fd:01 775829                     /usr/local/share/maven/lib/commons-io-2.2.jar
7facecacc000-7facecacf000 r--s 00026000 fd:01 775796                     /usr/local/share/maven/lib/maven-model-3.3.9.jar
7facecacf000-7facecad2000 r--s 00013000 fd:01 775792                     /usr/local/share/maven/lib/maven-embedder-3.3.9.jar
7facecad2000-7facecad7000 r--s 0001d000 fd:01 775815                     /usr/local/share/maven/lib/aether-api-1.0.2.v20150114.jar
7facecad7000-7facecad9000 r--s 00009000 fd:01 775824                     /usr/local/share/maven/lib/commons-cli-1.2.jar
7facecad9000-7facecada000 r--s 00000000 fd:01 775810                     /usr/local/share/maven/lib/javax.inject-1.jar
7facecada000-7facecadf000 r--s 00027000 fd:01 775812                     /usr/local/share/maven/lib/maven-model-builder-3.3.9.jar
7facecadf000-7facecb0d000 r--s 001fa000 fd:01 775825                     /usr/local/share/maven/lib/wagon-http-2.10-shaded.jar
7facecb0d000-7facecb0f000 r--s 00009000 fd:01 775798                     /usr/local/share/maven/lib/maven-settings-builder-3.3.9.jar
7facecb0f000-7facecb1c000 r--s 0008f000 fd:01 775795                     /usr/local/share/maven/lib/maven-core-3.3.9.jar
7facecb1c000-7facecb1e000 r--s 0000a000 fd:01 775806                     /usr/local/share/maven/lib/maven-plugin-api-3.3.9.jar
7facecb1e000-7facecb23000 r--s 00041000 fd:01 775828                     /usr/local/share/maven/lib/commons-lang-2.6.jar
7facecb23000-7facecb25000 r--s 00000000 fd:01 775801                     /usr/local/share/maven/lib/plexus-component-annotations-1.6.jar
7facecb25000-7facecb27000 r--s 00000000 fd:01 775820                     /usr/local/share/maven/lib/aopalliance-1.0.jar
7facecb27000-7facecb2b000 r--s 00027000 fd:01 775818                     /usr/local/share/maven/lib/aether-impl-1.0.2.v20150114.jar
7facecb2b000-7facecb2c000 ---p 00000000 00:00 0 
7facecb2c000-7facecc2c000 rw-p 00000000 00:00 0 
7facecc2c000-7facecc2f000 ---p 00000000 00:00 0 
7facecc2f000-7facecd2d000 rw-p 00000000 00:00 0 
7facecd2d000-7facecd30000 ---p 00000000 00:00 0 
7facecd30000-7facece2e000 rw-p 00000000 00:00 0 
7facece2e000-7facece31000 ---p 00000000 00:00 0 
7facece31000-7facecf2f000 rw-p 00000000 00:00 0 
7facecf2f000-7facecf32000 ---p 00000000 00:00 0 
7facecf32000-7faced030000 rw-p 00000000 00:00 0 
7faced030000-7faced1c8000 r--p 00000000 fd:01 2039                       /usr/lib/locale/locale-archive
7faced1c8000-7faced1cb000 ---p 00000000 00:00 0 
7faced1cb000-7faced2c9000 rw-p 00000000 00:00 0 
7faced2c9000-7faced2cc000 ---p 00000000 00:00 0 
7faced2cc000-7faced3ca000 rw-p 00000000 00:00 0 
7faced3ca000-7faced3cb000 ---p 00000000 00:00 0 
7faced3cb000-7facede80000 rw-p 00000000 00:00 0 
7facede80000-7facee031000 r--s 01d30000 fd:01 1030080                    /usr/lib/jvm/java-7-openjdk-amd64/jre/lib/rt.jar
7facee031000-7facee36b000 rw-p 00000000 00:00 0 
7facee36b000-7facee36c000 ---p 00000000 00:00 0 
7facee36c000-7facee46c000 rw-p 00000000 00:00 0 
7facee46c000-7facee46d000 ---p 00000000 00:00 0 
7facee46d000-7facee578000 rw-p 00000000 00:00 0 
7facee578000-7facee5c0000 rw-p 00000000 00:00 0 
7facee5c0000-7facee5d5000 rw-p 00000000 00:00 0 
7facee5d5000-7facee70a000 rw-p 00000000 00:00 0 
7facee70a000-7facee715000 rw-p 00000000 00:00 0 
7facee715000-7facee75d000 rw-p 00000000 00:00 0 
7facee75d000-7facee772000 rw-p 00000000 00:00 0 
7facee772000-7facee8a6000 rw-p 00000000 00:00 0 
7facee8a6000-7facee8ce000 rw-p 00000000 00:00 0 
7facee8ce000-7facee94b000 rw-p 00000000 00:00 0 
7facee94b000-7facee94c000 rw-p 00000000 00:00 0 
7facee94c000-7facee954000 r-xp 00000000 fd:01 1030047                    /usr/lib/jvm/java-7-openjdk-amd64/jre/lib/amd64/libzip.so
7facee954000-7faceeb53000 ---p 00008000 fd:01 1030047                    /usr/lib/jvm/java-7-openjdk-amd64/jre/lib/amd64/libzip.so
7faceeb53000-7faceeb54000 r--p 00007000 fd:01 1030047                    /usr/lib/jvm/java-7-openjdk-amd64/jre/lib/amd64/libzip.so
7faceeb54000-7faceeb55000 rw-p 00008000 fd:01 1030047                    /usr/lib/jvm/java-7-openjdk-amd64/jre/lib/amd64/libzip.so
7faceeb55000-7faceeb60000 r-xp 00000000 fd:01 3154                       /lib/x86_64-linux-gnu/libnss_files-2.23.so
7faceeb60000-7faceed5f000 ---p 0000b000 fd:01 3154                       /lib/x86_64-linux-gnu/libnss_files-2.23.so
7faceed5f000-7faceed60000 r--p 0000a000 fd:01 3154                       /lib/x86_64-linux-gnu/libnss_files-2.23.so
7faceed60000-7faceed61000 rw-p 0000b000 fd:01 3154                       /lib/x86_64-linux-gnu/libnss_files-2.23.so
7faceed61000-7faceed67000 rw-p 00000000 00:00 0 
7faceed67000-7faceed72000 r-xp 00000000 fd:01 3275                       /lib/x86_64-linux-gnu/libnss_nis-2.23.so
7faceed72000-7faceef71000 ---p 0000b000 fd:01 3275                       /lib/x86_64-linux-gnu/libnss_nis-2.23.so
7faceef71000-7faceef72000 r--p 0000a000 fd:01 3275                       /lib/x86_64-linux-gnu/libnss_nis-2.23.so
7faceef72000-7faceef73000 rw-p 0000b000 fd:01 3275                       /lib/x86_64-linux-gnu/libnss_nis-2.23.so
7faceef73000-7faceef89000 r-xp 00000000 fd:01 3110                       /lib/x86_64-linux-gnu/libnsl-2.23.so
7faceef89000-7facef188000 ---p 00016000 fd:01 3110                       /lib/x86_64-linux-gnu/libnsl-2.23.so
7facef188000-7facef189000 r--p 00015000 fd:01 3110                       /lib/x86_64-linux-gnu/libnsl-2.23.so
7facef189000-7facef18a000 rw-p 00016000 fd:01 3110                       /lib/x86_64-linux-gnu/libnsl-2.23.so
7facef18a000-7facef18c000 rw-p 00000000 00:00 0 
7facef18c000-7facef194000 r-xp 00000000 fd:01 3282                       /lib/x86_64-linux-gnu/libnss_compat-2.23.so
7facef194000-7facef393000 ---p 00008000 fd:01 3282                       /lib/x86_64-linux-gnu/libnss_compat-2.23.so
7facef393000-7facef394000 r--p 00007000 fd:01 3282                       /lib/x86_64-linux-gnu/libnss_compat-2.23.so
7facef394000-7facef395000 rw-p 00008000 fd:01 3282                       /lib/x86_64-linux-gnu/libnss_compat-2.23.so
7facef395000-7facef3c1000 r-xp 00000000 fd:01 1030032                    /usr/lib/jvm/java-7-openjdk-amd64/jre/lib/amd64/libjava.so
7facef3c1000-7facef5c0000 ---p 0002c000 fd:01 1030032                    /usr/lib/jvm/java-7-openjdk-amd64/jre/lib/amd64/libjava.so
7facef5c0000-7facef5c1000 r--p 0002b000 fd:01 1030032                    /usr/lib/jvm/java-7-openjdk-amd64/jre/lib/amd64/libjava.so
7facef5c1000-7facef5c3000 rw-p 0002c000 fd:01 1030032                    /usr/lib/jvm/java-7-openjdk-amd64/jre/lib/amd64/libjava.so
7facef5c3000-7facef5d2000 r-xp 00000000 fd:01 1030033                    /usr/lib/jvm/java-7-openjdk-amd64/jre/lib/amd64/libverify.so
7facef5d2000-7facef7d1000 ---p 0000f000 fd:01 1030033                    /usr/lib/jvm/java-7-openjdk-amd64/jre/lib/amd64/libverify.so
7facef7d1000-7facef7d3000 r--p 0000e000 fd:01 1030033                    /usr/lib/jvm/java-7-openjdk-amd64/jre/lib/amd64/libverify.so
7facef7d3000-7facef7d4000 rw-p 00010000 fd:01 1030033                    /usr/lib/jvm/java-7-openjdk-amd64/jre/lib/amd64/libverify.so
7facef7d4000-7facef7db000 r-xp 00000000 fd:01 3278                       /lib/x86_64-linux-gnu/librt-2.23.so
7facef7db000-7facef9da000 ---p 00007000 fd:01 3278                       /lib/x86_64-linux-gnu/librt-2.23.so
7facef9da000-7facef9db000 r--p 00006000 fd:01 3278                       /lib/x86_64-linux-gnu/librt-2.23.so
7facef9db000-7facef9dc000 rw-p 00007000 fd:01 3278                       /lib/x86_64-linux-gnu/librt-2.23.so
7facef9dc000-7facef9f2000 r-xp 00000000 fd:01 2035                       /lib/x86_64-linux-gnu/libgcc_s.so.1
7facef9f2000-7facefbf1000 ---p 00016000 fd:01 2035                       /lib/x86_64-linux-gnu/libgcc_s.so.1
7facefbf1000-7facefbf2000 rw-p 00015000 fd:01 2035                       /lib/x86_64-linux-gnu/libgcc_s.so.1
7facefbf2000-7facefcfa000 r-xp 00000000 fd:01 3287                       /lib/x86_64-linux-gnu/libm-2.23.so
7facefcfa000-7facefef9000 ---p 00108000 fd:01 3287                       /lib/x86_64-linux-gnu/libm-2.23.so
7facefef9000-7facefefa000 r--p 00107000 fd:01 3287                       /lib/x86_64-linux-gnu/libm-2.23.so
7facefefa000-7facefefb000 rw-p 00108000 fd:01 3287                       /lib/x86_64-linux-gnu/libm-2.23.so
7facefefb000-7facf006d000 r-xp 00000000 fd:01 25730                      /usr/lib/x86_64-linux-gnu/libstdc++.so.6.0.21
7facf006d000-7facf026d000 ---p 00172000 fd:01 25730                      /usr/lib/x86_64-linux-gnu/libstdc++.so.6.0.21
7facf026d000-7facf0277000 r--p 00172000 fd:01 25730                      /usr/lib/x86_64-linux-gnu/libstdc++.so.6.0.21
7facf0277000-7facf0279000 rw-p 0017c000 fd:01 25730                      /usr/lib/x86_64-linux-gnu/libstdc++.so.6.0.21
7facf0279000-7facf027d000 rw-p 00000000 00:00 0 
7facf027d000-7facf0dcd000 r-xp 00000000 fd:01 1030045                    /usr/lib/jvm/java-7-openjdk-amd64/jre/lib/amd64/server/libjvm.so
7facf0dcd000-7facf0fcc000 ---p 00b50000 fd:01 1030045                    /usr/lib/jvm/java-7-openjdk-amd64/jre/lib/amd64/server/libjvm.so
7facf0fcc000-7facf105d000 r--p 00b4f000 fd:01 1030045                    /usr/lib/jvm/java-7-openjdk-amd64/jre/lib/amd64/server/libjvm.so
7facf105d000-7facf1080000 rw-p 00be0000 fd:01 1030045                    /usr/lib/jvm/java-7-openjdk-amd64/jre/lib/amd64/server/libjvm.so
7facf1080000-7facf10ab000 rw-p 00000000 00:00 0 
7facf10ab000-7facf10c4000 r-xp 00000000 fd:01 2184                       /lib/x86_64-linux-gnu/libz.so.1.2.8
7facf10c4000-7facf12c3000 ---p 00019000 fd:01 2184                       /lib/x86_64-linux-gnu/libz.so.1.2.8
7facf12c3000-7facf12c4000 r--p 00018000 fd:01 2184                       /lib/x86_64-linux-gnu/libz.so.1.2.8
7facf12c4000-7facf12c5000 rw-p 00019000 fd:01 2184                       /lib/x86_64-linux-gnu/libz.so.1.2.8
7facf12c5000-7facf12dd000 r-xp 00000000 fd:01 3259                       /lib/x86_64-linux-gnu/libpthread-2.23.so
7facf12dd000-7facf14dc000 ---p 00018000 fd:01 3259                       /lib/x86_64-linux-gnu/libpthread-2.23.so
7facf14dc000-7facf14dd000 r--p 00017000 fd:01 3259                       /lib/x86_64-linux-gnu/libpthread-2.23.so
7facf14dd000-7facf14de000 rw-p 00018000 fd:01 3259                       /lib/x86_64-linux-gnu/libpthread-2.23.so
7facf14de000-7facf14e2000 rw-p 00000000 00:00 0 
7facf14e2000-7facf14e5000 r-xp 00000000 fd:01 3281                       /lib/x86_64-linux-gnu/libdl-2.23.so
7facf14e5000-7facf16e4000 ---p 00003000 fd:01 3281                       /lib/x86_64-linux-gnu/libdl-2.23.so
7facf16e4000-7facf16e5000 r--p 00002000 fd:01 3281                       /lib/x86_64-linux-gnu/libdl-2.23.so
7facf16e5000-7facf16e6000 rw-p 00003000 fd:01 3281                       /lib/x86_64-linux-gnu/libdl-2.23.so
7facf16e6000-7facf18a6000 r-xp 00000000 fd:01 3292                       /lib/x86_64-linux-gnu/libc-2.23.so
7facf18a6000-7facf1aa6000 ---p 001c0000 fd:01 3292                       /lib/x86_64-linux-gnu/libc-2.23.so
7facf1aa6000-7facf1aaa000 r--p 001c0000 fd:01 3292                       /lib/x86_64-linux-gnu/libc-2.23.so
7facf1aaa000-7facf1aac000 rw-p 001c4000 fd:01 3292                       /lib/x86_64-linux-gnu/libc-2.23.so
7facf1aac000-7facf1ab0000 rw-p 00000000 00:00 0 
7facf1ab0000-7facf1abd000 r-xp 00000000 fd:01 1030062                    /usr/lib/jvm/java-7-openjdk-amd64/jre/lib/amd64/jli/libjli.so
7facf1abd000-7facf1cbc000 ---p 0000d000 fd:01 1030062                    /usr/lib/jvm/java-7-openjdk-amd64/jre/lib/amd64/jli/libjli.so
7facf1cbc000-7facf1cbd000 r--p 0000c000 fd:01 1030062                    /usr/lib/jvm/java-7-openjdk-amd64/jre/lib/amd64/jli/libjli.so
7facf1cbd000-7facf1cbe000 rw-p 0000d000 fd:01 1030062                    /usr/lib/jvm/java-7-openjdk-amd64/jre/lib/amd64/jli/libjli.so
7facf1cbe000-7facf1ce4000 r-xp 00000000 fd:01 3116                       /lib/x86_64-linux-gnu/ld-2.23.so
7facf1ce4000-7facf1ce8000 r--s 00085000 fd:01 1030097                    /usr/lib/jvm/java-7-openjdk-amd64/jre/lib/ext/localedata.jar
7facf1ce8000-7facf1cec000 r--s 0003c000 fd:01 1030098                    /usr/lib/jvm/java-7-openjdk-amd64/jre/lib/ext/sunpkcs11.jar
7facf1cec000-7facf1cef000 r--s 0000f000 fd:01 1030096                    /usr/lib/jvm/java-7-openjdk-amd64/jre/lib/ext/icedtea-sound.jar
7facf1cef000-7facf1cf3000 r--s 00034000 fd:01 1030095                    /usr/lib/jvm/java-7-openjdk-amd64/jre/lib/ext/sunjce_provider.jar
7facf1cf3000-7facf1d14000 rw-p 00000000 00:00 0 
7facf1d14000-7facf1dca000 rw-p 00000000 00:00 0 
7facf1dca000-7facf1dd2000 rw-s 00000000 fd:01 776189                     /tmp/hsperfdata_ubuntu/12488
7facf1dd2000-7facf1dd5000 ---p 00000000 00:00 0 
7facf1dd5000-7facf1ed8000 rw-p 00000000 00:00 0 
7facf1ed8000-7facf1eda000 r--s 0000b000 fd:01 525701                     /usr/local/share/maven/boot/plexus-classworlds-2.5.2.jar
7facf1eda000-7facf1edb000 r--s 00002000 fd:01 1030093                    /usr/lib/jvm/java-7-openjdk-amd64/jre/lib/ext/dnsns.jar
7facf1edb000-7facf1edd000 r--s 00007000 fd:01 22986                      /usr/share/java/java-atk-wrapper.jar
7facf1edd000-7facf1edf000 r--s 00012000 fd:01 1030094                    /usr/lib/jvm/java-7-openjdk-amd64/jre/lib/ext/zipfs.jar
7facf1edf000-7facf1ee0000 rw-p 00000000 00:00 0 
7facf1ee0000-7facf1ee1000 ---p 00000000 00:00 0 
7facf1ee1000-7facf1ee3000 rw-p 00000000 00:00 0 
7facf1ee3000-7facf1ee4000 r--p 00025000 fd:01 3116                       /lib/x86_64-linux-gnu/ld-2.23.so
7facf1ee4000-7facf1ee5000 rw-p 00026000 fd:01 3116                       /lib/x86_64-linux-gnu/ld-2.23.so
7facf1ee5000-7facf1ee6000 rw-p 00000000 00:00 0 
7ffcfc9eb000-7ffcfca0c000 rw-p 00000000 00:00 0                          [stack]
7ffcfca14000-7ffcfca16000 r--p 00000000 00:00 0                          [vvar]
7ffcfca16000-7ffcfca18000 r-xp 00000000 00:00 0                          [vdso]
ffffffffff600000-ffffffffff601000 r-xp 00000000 00:00 0                  [vsyscall]

VM Arguments:
jvm_args: -Dclassworlds.conf=/usr/local/share/maven/bin/m2.conf -Dmaven.home=/usr/local/share/maven -Dmaven.multiModuleProjectDirectory=/home/ubuntu/TestStochasticModel_V9 
java_command: org.codehaus.plexus.classworlds.launcher.Launcher package
Launcher Type: SUN_STANDARD

Environment Variables:
JAVA_HOME=/usr/lib/jvm/java-1.7.0-openjdk-amd64
PATH=/home/ubuntu/bin:/home/ubuntu/.local/bin:/usr/local/share/hive/bin:/usr/local/share/maven/bin:/usr/local/sbin:/usr/local/bin:/usr/sbin:/usr/bin:/sbin:/bin:/usr/games:/usr/local/games:/snap/bin:/usr/local/share/hadoop/bin:/usr/local/share/hadoop/bin:/usr/local/share/hadoop/sbin:/usr/local/share/maven/bin:/usr/local/share/hive/bin
SHELL=/bin/bash

Signal Handlers:
SIGSEGV: [libjvm.so+0x994310], sa_mask[0]=0x7ffbfeff, sa_flags=0x10000004
SIGBUS: [libjvm.so+0x994310], sa_mask[0]=0x7ffbfeff, sa_flags=0x10000004
SIGFPE: [libjvm.so+0x7fb870], sa_mask[0]=0x7ffbfeff, sa_flags=0x10000004
SIGPIPE: [libjvm.so+0x7fb870], sa_mask[0]=0x7ffbfeff, sa_flags=0x10000004
SIGXFSZ: [libjvm.so+0x7fb870], sa_mask[0]=0x7ffbfeff, sa_flags=0x10000004
SIGILL: [libjvm.so+0x7fb870], sa_mask[0]=0x7ffbfeff, sa_flags=0x10000004
SIGUSR1: SIG_DFL, sa_mask[0]=0x00000000, sa_flags=0x00000000
SIGUSR2: [libjvm.so+0x7fb6f0], sa_mask[0]=0x00000000, sa_flags=0x10000004
SIGHUP: [libjvm.so+0x7fb880], sa_mask[0]=0x7ffbfeff, sa_flags=0x10000004
SIGINT: [libjvm.so+0x7fb880], sa_mask[0]=0x7ffbfeff, sa_flags=0x10000004
SIGTERM: [libjvm.so+0x7fb880], sa_mask[0]=0x7ffbfeff, sa_flags=0x10000004
SIGQUIT: [libjvm.so+0x7fb880], sa_mask[0]=0x7ffbfeff, sa_flags=0x10000004
SIGTRAP: SIG_DFL, sa_mask[0]=0x00000000, sa_flags=0x00000000


---------------  S Y S T E M  ---------------

OS:Ubuntu 16.04 (xenial)
uname:Linux 4.4.0-89-generic #112-Ubuntu SMP Mon Jul 31 19:38:41 UTC 2017 x86_64
libc:glibc 2.23 NPTL 2.23 
rlimit: STACK 8192k, CORE 0k, NPROC 15736, NOFILE 65536, AS infinity
load average:1.91 1.18 1.00

/proc/meminfo:
MemTotal:        4046520 kB
MemFree:          116772 kB
MemAvailable:       9500 kB
Buffers:             644 kB
Cached:            58692 kB
SwapCached:            0 kB
Active:          3796316 kB
Inactive:          49280 kB
Active(anon):    3792724 kB
Inactive(anon):    40912 kB
Active(file):       3592 kB
Inactive(file):     8368 kB
Unevictable:        3660 kB
Mlocked:            3660 kB
SwapTotal:             0 kB
SwapFree:              0 kB
Dirty:               372 kB
Writeback:             0 kB
AnonPages:       3790248 kB
Mapped:            24420 kB
Shmem:             44628 kB
Slab:              34068 kB
SReclaimable:      14908 kB
SUnreclaim:        19160 kB
KernelStack:       11008 kB
PageTables:        17780 kB
NFS_Unstable:          0 kB
Bounce:                0 kB
WritebackTmp:          0 kB
CommitLimit:     2023260 kB
Committed_AS:    3602000 kB
VmallocTotal:   34359738367 kB
VmallocUsed:           0 kB
VmallocChunk:          0 kB
HardwareCorrupted:     0 kB
AnonHugePages:   3395584 kB
CmaTotal:              0 kB
CmaFree:               0 kB
HugePages_Total:       0
HugePages_Free:        0
HugePages_Rsvd:        0
HugePages_Surp:        0
Hugepagesize:       2048 kB
DirectMap4k:       42984 kB
DirectMap2M:     3102720 kB
DirectMap1G:     3145728 kB


CPU:total 2 (1 cores per cpu, 1 threads per core) family 6 model 42 stepping 1, cmov, cx8, fxsr, mmx, sse, sse2, sse3, ssse3, sse4.1, sse4.2, popcnt, avx, aes, erms, tsc

/proc/cpuinfo:
processor	: 0
vendor_id	: GenuineIntel
cpu family	: 6
model		: 42
model name	: Intel Xeon E312xx (Sandy Bridge)
stepping	: 1
microcode	: 0x1
cpu MHz		: 2099.998
cache size	: 4096 KB
physical id	: 0
siblings	: 1
core id		: 0
cpu cores	: 1
apicid		: 0
initial apicid	: 0
fpu		: yes
fpu_exception	: yes
cpuid level	: 13
wp		: yes
flags		: fpu vme de pse tsc msr pae mce cx8 apic sep mtrr pge mca cmov pat pse36 clflush mmx fxsr sse sse2 ss syscall nx pdpe1gb rdtscp lm constant_tsc rep_good nopl eagerfpu pni pclmulqdq ssse3 cx16 pcid sse4_1 sse4_2 x2apic popcnt tsc_deadline_timer aes xsave avx f16c rdrand hypervisor lahf_lm fsgsbase smep erms xsaveopt
bugs		:
bogomips	: 4199.99
clflush size	: 64
cache_alignment	: 64
address sizes	: 46 bits physical, 48 bits virtual
power management:

processor	: 1
vendor_id	: GenuineIntel
cpu family	: 6
model		: 42
model name	: Intel Xeon E312xx (Sandy Bridge)
stepping	: 1
microcode	: 0x1
cpu MHz		: 2099.998
cache size	: 4096 KB
physical id	: 1
siblings	: 1
core id		: 0
cpu cores	: 1
apicid		: 1
initial apicid	: 1
fpu		: yes
fpu_exception	: yes
cpuid level	: 13
wp		: yes
flags		: fpu vme de pse tsc msr pae mce cx8 apic sep mtrr pge mca cmov pat pse36 clflush mmx fxsr sse sse2 ss syscall nx pdpe1gb rdtscp lm constant_tsc rep_good nopl eagerfpu pni pclmulqdq ssse3 cx16 pcid sse4_1 sse4_2 x2apic popcnt tsc_deadline_timer aes xsave avx f16c rdrand hypervisor lahf_lm fsgsbase smep erms xsaveopt
bugs		:
bogomips	: 4199.99
clflush size	: 64
cache_alignment	: 64
address sizes	: 46 bits physical, 48 bits virtual
power management:



Memory: 4k page, physical 4046520k(116772k free), swap 0k(0k free)

vm_info: OpenJDK 64-Bit Server VM (24.95-b01) for linux-amd64 JRE (1.7.0_95-b00), built on Mar 27 2016 12:52:52 by "buildd" with gcc 5.3.1 20160323

time: Wed Aug  9 12:12:20 2017
elapsed time: 9 seconds

