#
# There is insufficient memory for the Java Runtime Environment to continue.
# Native memory allocation (malloc) failed to allocate 55574528 bytes for committing reserved memory.
# Possible reasons:
#   The system is out of physical RAM or swap space
#   In 32 bit mode, the process size limit was hit
# Possible solutions:
#   Reduce memory load on the system
#   Increase physical memory or swap space
#   Check if swap backing store is full
#   Use 64 bit Java on a 64 bit OS
#   Decrease Java heap size (-Xmx/-Xms)
#   Decrease number of Java threads
#   Decrease Java thread stack sizes (-Xss)
#   Set larger code cache with -XX:ReservedCodeCacheSize=
# This output file may be truncated or incomplete.
#
#  Out of Memory Error (os_linux.cpp:2827), pid=28117, tid=140014260467456
#
# JRE version: OpenJDK Runtime Environment (7.0_95) (build 1.7.0_95-b00)
# Java VM: OpenJDK 64-Bit Server VM (24.95-b01 mixed mode linux-amd64 compressed oops)
# Derivative: IcedTea 2.6.4
# Distribution: Ubuntu Xenial Xerus (development branch), package 7u95-2.6.4-3
# Failed to write core dump. Core dumps have been disabled. To enable core dumping, try "ulimit -c unlimited" before starting Java again
#

---------------  T H R E A D  ---------------

Current thread (0x00007f57a0071000):  VMThread [stack: 0x00007f579c323000,0x00007f579c424000] [id=28129]

Stack: [0x00007f579c323000,0x00007f579c424000],  sp=0x00007f579c4224c0,  free space=1021k
Native frames: (J=compiled Java code, j=interpreted, Vv=VM code, C=native code)
V  [libjvm.so+0x9937b3]
V  [libjvm.so+0x48a37f]
V  [libjvm.so+0x80060b]
V  [libjvm.so+0x7fa9fe]
V  [libjvm.so+0x870e66]
V  [libjvm.so+0x85f09a]
V  [libjvm.so+0x85f2a3]
V  [libjvm.so+0x860218]
V  [libjvm.so+0x867edd]
V  [libjvm.so+0x86eecd]
V  [libjvm.so+0x823fa3]
V  [libjvm.so+0x995252]
V  [libjvm.so+0x999f97]
V  [libjvm.so+0x997828]
V  [libjvm.so+0x998b9f]
V  [libjvm.so+0x999091]
V  [libjvm.so+0x7fd532]

VM_Operation (0x00007f57a7e37580): ParallelGCFailedAllocation, mode: safepoint, requested by thread 0x00007f57a000a000


---------------  P R O C E S S  ---------------

Java Threads: ( => current thread )
  0x00007f57a0f48800 JavaThread "process reaper" daemon [_thread_blocked, id=28145, stack(0x00007f576f935000,0x00007f576f96e000)]
  0x00007f57a08a8800 JavaThread "resolver-4" daemon [_thread_blocked, id=28141, stack(0x00007f576f527000,0x00007f576f628000)]
  0x00007f57a08a7800 JavaThread "resolver-3" daemon [_thread_blocked, id=28140, stack(0x00007f576f628000,0x00007f576f729000)]
  0x00007f57a08a7000 JavaThread "resolver-2" daemon [_thread_blocked, id=28139, stack(0x00007f576f729000,0x00007f576f82a000)]
  0x00007f57a08a6000 JavaThread "resolver-1" daemon [_thread_blocked, id=28138, stack(0x00007f576f96e000,0x00007f576fa6f000)]
  0x00007f57a00aa800 JavaThread "Service Thread" daemon [_thread_blocked, id=28135, stack(0x00007f5795755000,0x00007f5795856000)]
  0x00007f57a00a8000 JavaThread "C2 CompilerThread1" daemon [_thread_blocked, id=28134, stack(0x00007f5795856000,0x00007f5795957000)]
  0x00007f57a00a5000 JavaThread "C2 CompilerThread0" daemon [_thread_blocked, id=28133, stack(0x00007f5795957000,0x00007f5795a58000)]
  0x00007f57a00a3000 JavaThread "Signal Dispatcher" daemon [_thread_blocked, id=28132, stack(0x00007f579c020000,0x00007f579c121000)]
  0x00007f57a0077800 JavaThread "Finalizer" daemon [_thread_blocked, id=28131, stack(0x00007f579c121000,0x00007f579c222000)]
  0x00007f57a0075800 JavaThread "Reference Handler" daemon [_thread_blocked, id=28130, stack(0x00007f579c222000,0x00007f579c323000)]
  0x00007f57a000a000 JavaThread "main" [_thread_blocked, id=28126, stack(0x00007f57a7d39000,0x00007f57a7e3a000)]

Other Threads:
=>0x00007f57a0071000 VMThread [stack: 0x00007f579c323000,0x00007f579c424000] [id=28129]
  0x00007f57a00b5000 WatcherThread [stack: 0x00007f5795654000,0x00007f5795755000] [id=28136]

VM state:at safepoint (normal execution)

VM Mutex/Monitor currently owned by a thread:  ([mutex/lock_event])
[0x00007f57a0005fc0] ExpandHeap_lock - owner thread: 0x00007f57a0071000
[0x00007f57a0006640] Threads_lock - owner thread: 0x00007f57a0071000
[0x00007f57a0006b40] Heap_lock - owner thread: 0x00007f57a000a000

Heap
 PSYoungGen      total 249344K, used 0K [0x00000000eb680000, 0x00000000ff880000, 0x0000000100000000)
  eden space 169984K, 0% used [0x00000000eb680000,0x00000000eb680000,0x00000000f5c80000)
  from space 79360K, 0% used [0x00000000fa800000,0x00000000fa800000,0x00000000ff580000)
  to   space 77312K, 0% used [0x00000000f5c80000,0x00000000f5c80000,0x00000000fa800000)
 ParOldGen       total 156160K, used 140277K [0x00000000c2400000, 0x00000000cbc80000, 0x00000000eb680000)
  object space 156160K, 89% used [0x00000000c2400000,0x00000000cacfd538,0x00000000cbc80000)
 PSPermGen       total 49664K, used 25128K [0x00000000b7e00000, 0x00000000bae80000, 0x00000000c2400000)
  object space 49664K, 50% used [0x00000000b7e00000,0x00000000b968a3e8,0x00000000bae80000)

Card table byte_map: [0x00007f57a4671000,0x00007f57a48b3000] byte_map_base: 0x00007f57a40b2000

Polling page: 0x00007f57a7e47000

Code Cache  [0x00007f579d000000, 0x00007f579d4a0000, 0x00007f57a0000000)
 total_blobs=1743 nmethods=1413 adapters=282 free_code_cache=44558Kb largest_free_block=45511232

Compilation events (10 events):
Event: 57.569 Thread 0x00007f57a00a8000 1693             sun.util.calendar.CalendarDate::setHours (20 bytes)
Event: 57.569 Thread 0x00007f57a00a5000 1694             sun.util.calendar.CalendarDate::setMinutes (20 bytes)
Event: 57.579 Thread 0x00007f57a00a8000 nmethod 1693 0x00007f579d1d2a10 code [0x00007f579d1d2b40, 0x00007f579d1d2b98]
Event: 57.580 Thread 0x00007f57a00a5000 nmethod 1694 0x00007f579d1c7810 code [0x00007f579d1c7940, 0x00007f579d1c7998]
Event: 57.580 Thread 0x00007f57a00a5000 1695             sun.util.calendar.CalendarDate::setSeconds (20 bytes)
Event: 57.580 Thread 0x00007f57a00a5000 nmethod 1695 0x00007f579d1c7590 code [0x00007f579d1c76c0, 0x00007f579d1c7718]
Event: 57.580 Thread 0x00007f57a00a5000 1696             sun.util.calendar.CalendarDate::setMillis (20 bytes)
Event: 57.580 Thread 0x00007f57a00a8000 1697             sun.util.calendar.CalendarDate::setTimeOfDay (6 bytes)
Event: 57.581 Thread 0x00007f57a00a5000 nmethod 1696 0x00007f579d46f790 code [0x00007f579d46f8c0, 0x00007f579d46f918]
Event: 57.581 Thread 0x00007f57a00a8000 nmethod 1697 0x00007f579d46f510 code [0x00007f579d46f640, 0x00007f579d46f698]

GC Heap History (10 events):
Event: 55.835 GC heap after
Heap after GC invocations=24 (full 2):
 PSYoungGen      total 236544K, used 39722K [0x00000000eb680000, 0x0000000100000000, 0x0000000100000000)
  eden space 142336K, 0% used [0x00000000eb680000,0x00000000eb680000,0x00000000f4180000)
  from space 94208K, 42% used [0x00000000f9980000,0x00000000fc04abf0,0x00000000ff580000)
  to   space 90112K, 0% used [0x00000000f4180000,0x00000000f4180000,0x00000000f9980000)
 ParOldGen       total 156160K, used 119131K [0x00000000c2400000, 0x00000000cbc80000, 0x00000000eb680000)
  object space 156160K, 76% used [0x00000000c2400000,0x00000000c9856cc8,0x00000000cbc80000)
 PSPermGen       total 49664K, used 25128K [0x00000000b7e00000, 0x00000000bae80000, 0x00000000c2400000)
  object space 49664K, 50% used [0x00000000b7e00000,0x00000000b968a110,0x00000000bae80000)
}
Event: 57.609 GC heap before
{Heap before GC invocations=25 (full 2):
 PSYoungGen      total 236544K, used 182058K [0x00000000eb680000, 0x0000000100000000, 0x0000000100000000)
  eden space 142336K, 100% used [0x00000000eb680000,0x00000000f4180000,0x00000000f4180000)
  from space 94208K, 42% used [0x00000000f9980000,0x00000000fc04abf0,0x00000000ff580000)
  to   space 90112K, 0% used [0x00000000f4180000,0x00000000f4180000,0x00000000f9980000)
 ParOldGen       total 156160K, used 119131K [0x00000000c2400000, 0x00000000cbc80000, 0x00000000eb680000)
  object space 156160K, 76% used [0x00000000c2400000,0x00000000c9856cc8,0x00000000cbc80000)
 PSPermGen       total 49664K, used 25128K [0x00000000b7e00000, 0x00000000bae80000, 0x00000000c2400000)
  object space 49664K, 50% used [0x00000000b7e00000,0x00000000b968a110,0x00000000bae80000)
Event: 57.679 GC heap after
Heap after GC invocations=25 (full 2):
 PSYoungGen      total 232448K, used 37864K [0x00000000eb680000, 0x00000000ff500000, 0x0000000100000000)
  eden space 142336K, 0% used [0x00000000eb680000,0x00000000eb680000,0x00000000f4180000)
  from space 90112K, 42% used [0x00000000f4180000,0x00000000f667a200,0x00000000f9980000)
  to   space 86528K, 0% used [0x00000000fa080000,0x00000000fa080000,0x00000000ff500000)
 ParOldGen       total 156160K, used 124763K [0x00000000c2400000, 0x00000000cbc80000, 0x00000000eb680000)
  object space 156160K, 79% used [0x00000000c2400000,0x00000000c9dd6cc8,0x00000000cbc80000)
 PSPermGen       total 49664K, used 25128K [0x00000000b7e00000, 0x00000000bae80000, 0x00000000c2400000)
  object space 49664K, 50% used [0x00000000b7e00000,0x00000000b968a110,0x00000000bae80000)
}
Event: 59.291 GC heap before
{Heap before GC invocations=26 (full 2):
 PSYoungGen      total 232448K, used 180200K [0x00000000eb680000, 0x00000000ff500000, 0x0000000100000000)
  eden space 142336K, 100% used [0x00000000eb680000,0x00000000f4180000,0x00000000f4180000)
  from space 90112K, 42% used [0x00000000f4180000,0x00000000f667a200,0x00000000f9980000)
  to   space 86528K, 0% used [0x00000000fa080000,0x00000000fa080000,0x00000000ff500000)
 ParOldGen       total 156160K, used 124763K [0x00000000c2400000, 0x00000000cbc80000, 0x00000000eb680000)
  object space 156160K, 79% used [0x00000000c2400000,0x00000000c9dd6cc8,0x00000000cbc80000)
 PSPermGen       total 49664K, used 25128K [0x00000000b7e00000, 0x00000000bae80000, 0x00000000c2400000)
  object space 49664K, 50% used [0x00000000b7e00000,0x00000000b968a3c8,0x00000000bae80000)
Event: 59.350 GC heap after
Heap after GC invocations=26 (full 2):
 PSYoungGen      total 243200K, used 36950K [0x00000000eb680000, 0x00000000ff580000, 0x0000000100000000)
  eden space 156672K, 0% used [0x00000000eb680000,0x00000000eb680000,0x00000000f4f80000)
  from space 86528K, 42% used [0x00000000fa080000,0x00000000fc495ae0,0x00000000ff500000)
  to   space 82944K, 0% used [0x00000000f4f80000,0x00000000f4f80000,0x00000000fa080000)
 ParOldGen       total 156160K, used 130603K [0x00000000c2400000, 0x00000000cbc80000, 0x00000000eb680000)
  object space 156160K, 83% used [0x00000000c2400000,0x00000000ca38acd8,0x00000000cbc80000)
 PSPermGen       total 49664K, used 25128K [0x00000000b7e00000, 0x00000000bae80000, 0x00000000c2400000)
  object space 49664K, 50% used [0x00000000b7e00000,0x00000000b968a3c8,0x00000000bae80000)
}
Event: 61.316 GC heap before
{Heap before GC invocations=27 (full 2):
 PSYoungGen      total 243200K, used 193622K [0x00000000eb680000, 0x00000000ff580000, 0x0000000100000000)
  eden space 156672K, 100% used [0x00000000eb680000,0x00000000f4f80000,0x00000000f4f80000)
  from space 86528K, 42% used [0x00000000fa080000,0x00000000fc495ae0,0x00000000ff500000)
  to   space 82944K, 0% used [0x00000000f4f80000,0x00000000f4f80000,0x00000000fa080000)
 ParOldGen       total 156160K, used 130603K [0x00000000c2400000, 0x00000000cbc80000, 0x00000000eb680000)
  object space 156160K, 83% used [0x00000000c2400000,0x00000000ca38acd8,0x00000000cbc80000)
 PSPermGen       total 49664K, used 25128K [0x00000000b7e00000, 0x00000000bae80000, 0x00000000c2400000)
  object space 49664K, 50% used [0x00000000b7e00000,0x00000000b968a3c8,0x00000000bae80000)
Event: 61.381 GC heap after
Heap after GC invocations=27 (full 2):
 PSYoungGen      total 239616K, used 43495K [0x00000000eb680000, 0x00000000ff580000, 0x0000000100000000)
  eden space 156672K, 0% used [0x00000000eb680000,0x00000000eb680000,0x00000000f4f80000)
  from space 82944K, 52% used [0x00000000f4f80000,0x00000000f79f9f38,0x00000000fa080000)
  to   space 79360K, 0% used [0x00000000fa800000,0x00000000fa800000,0x00000000ff580000)
 ParOldGen       total 156160K, used 137067K [0x00000000c2400000, 0x00000000cbc80000, 0x00000000eb680000)
  object space 156160K, 87% used [0x00000000c2400000,0x00000000ca9dace8,0x00000000cbc80000)
 PSPermGen       total 49664K, used 25128K [0x00000000b7e00000, 0x00000000bae80000, 0x00000000c2400000)
  object space 49664K, 50% used [0x00000000b7e00000,0x00000000b968a3c8,0x00000000bae80000)
}
Event: 63.626 GC heap before
{Heap before GC invocations=28 (full 2):
 PSYoungGen      total 239616K, used 200167K [0x00000000eb680000, 0x00000000ff580000, 0x0000000100000000)
  eden space 156672K, 100% used [0x00000000eb680000,0x00000000f4f80000,0x00000000f4f80000)
  from space 82944K, 52% used [0x00000000f4f80000,0x00000000f79f9f38,0x00000000fa080000)
  to   space 79360K, 0% used [0x00000000fa800000,0x00000000fa800000,0x00000000ff580000)
 ParOldGen       total 156160K, used 137067K [0x00000000c2400000, 0x00000000cbc80000, 0x00000000eb680000)
  object space 156160K, 87% used [0x00000000c2400000,0x00000000ca9dace8,0x00000000cbc80000)
 PSPermGen       total 49664K, used 25129K [0x00000000b7e00000, 0x00000000bae80000, 0x00000000c2400000)
  object space 49664K, 50% used [0x00000000b7e00000,0x00000000b968a568,0x00000000bae80000)
Event: 63.678 GC heap after
Heap after GC invocations=28 (full 2):
 PSYoungGen      total 249344K, used 33759K [0x00000000eb680000, 0x00000000ff880000, 0x0000000100000000)
  eden space 169984K, 0% used [0x00000000eb680000,0x00000000eb680000,0x00000000f5c80000)
  from space 79360K, 42% used [0x00000000fa800000,0x00000000fc8f7d10,0x00000000ff580000)
  to   space 77312K, 0% used [0x00000000f5c80000,0x00000000f5c80000,0x00000000fa800000)
 ParOldGen       total 156160K, used 143771K [0x00000000c2400000, 0x00000000cbc80000, 0x00000000eb680000)
  object space 156160K, 92% used [0x00000000c2400000,0x00000000cb066cf8,0x00000000cbc80000)
 PSPermGen       total 49664K, used 25129K [0x00000000b7e00000, 0x00000000bae80000, 0x00000000c2400000)
  object space 49664K, 50% used [0x00000000b7e00000,0x00000000b968a568,0x00000000bae80000)
}
Event: 63.678 GC heap before
{Heap before GC invocations=29 (full 3):
 PSYoungGen      total 249344K, used 33759K [0x00000000eb680000, 0x00000000ff880000, 0x0000000100000000)
  eden space 169984K, 0% used [0x00000000eb680000,0x00000000eb680000,0x00000000f5c80000)
  from space 79360K, 42% used [0x00000000fa800000,0x00000000fc8f7d10,0x00000000ff580000)
  to   space 77312K, 0% used [0x00000000f5c80000,0x00000000f5c80000,0x00000000fa800000)
 ParOldGen       total 156160K, used 143771K [0x00000000c2400000, 0x00000000cbc80000, 0x00000000eb680000)
  object space 156160K, 92% used [0x00000000c2400000,0x00000000cb066cf8,0x00000000cbc80000)
 PSPermGen       total 49664K, used 25129K [0x00000000b7e00000, 0x00000000bae80000, 0x00000000c2400000)
  object space 49664K, 50% used [0x00000000b7e00000,0x00000000b968a568,0x00000000bae80000)

Deoptimization events (10 events):
Event: 43.397 Thread 0x00007f57a000a000 Uncommon trap: reason=class_check action=maybe_recompile pc=0x00007f579d1cfe3c method=org.codehaus.plexus.util.IOUtil.copy(Ljava/io/InputStream;Ljava/io/OutputStream;I)V @ 10
Event: 43.397 Thread 0x00007f57a000a000 Uncommon trap: reason=class_check action=maybe_recompile pc=0x00007f579d1cfe3c method=org.codehaus.plexus.util.IOUtil.copy(Ljava/io/InputStream;Ljava/io/OutputStream;I)V @ 10
Event: 43.402 Thread 0x00007f57a000a000 Uncommon trap: reason=class_check action=maybe_recompile pc=0x00007f579d1cfe3c method=org.codehaus.plexus.util.IOUtil.copy(Ljava/io/InputStream;Ljava/io/OutputStream;I)V @ 10
Event: 43.402 Thread 0x00007f57a000a000 Uncommon trap: reason=class_check action=maybe_recompile pc=0x00007f579d3821b4 method=org.codehaus.plexus.util.IOUtil.copy(Ljava/io/InputStream;Ljava/io/OutputStream;I)V @ 10
Event: 43.403 Thread 0x00007f57a000a000 Uncommon trap: reason=class_check action=maybe_recompile pc=0x00007f579d147594 method=org.codehaus.plexus.util.IOUtil.copy(Ljava/io/InputStream;Ljava/io/OutputStream;I)V @ 10
Event: 43.646 Thread 0x00007f57a000a000 Uncommon trap: reason=class_check action=maybe_recompile pc=0x00007f579d382660 method=org.codehaus.plexus.util.IOUtil.close(Ljava/io/InputStream;)V @ 6
Event: 45.325 Thread 0x00007f57a000a000 Uncommon trap: reason=unstable_if action=reinterpret pc=0x00007f579d16fae0 method=sun.util.calendar.AbstractCalendar.getCalendarDate(JLsun/util/calendar/CalendarDate;)Lsun/util/calendar/CalendarDate; @ 20
Event: 48.257 Thread 0x00007f57a000a000 Uncommon trap: reason=unstable_if action=reinterpret pc=0x00007f579d170c24 method=sun.util.calendar.BaseCalendar$Date.hit(J)Z @ 6
Event: 48.258 Thread 0x00007f57a000a000 Uncommon trap: reason=unstable_if action=reinterpret pc=0x00007f579d09cd68 method=sun.util.calendar.BaseCalendar$Date.hit(J)Z @ 6
Event: 53.378 Thread 0x00007f57a000a000 Uncommon trap: reason=unstable_if action=reinterpret pc=0x00007f579d0a6ed4 method=java.util.jar.JarFile.maybeInstantiateVerifier()V @ 21

Internal exceptions (10 events):
Event: 25.761 Thread 0x00007f57a000a000 Threw 0x00000000ef331a20 at /build/openjdk-7-hGnxiC/openjdk-7-7u95-2.6.4/build/openjdk/hotspot/src/share/vm/prims/jvm.cpp:1322
Event: 25.763 Thread 0x00007f57a000a000 Threw 0x00000000ef336df8 at /build/openjdk-7-hGnxiC/openjdk-7-7u95-2.6.4/build/openjdk/hotspot/src/share/vm/prims/jvm.cpp:1322
Event: 25.763 Thread 0x00007f57a000a000 Threw 0x00000000ef33c480 at /build/openjdk-7-hGnxiC/openjdk-7-7u95-2.6.4/build/openjdk/hotspot/src/share/vm/prims/jvm.cpp:1322
Event: 25.764 Thread 0x00007f57a000a000 Threw 0x00000000ef341868 at /build/openjdk-7-hGnxiC/openjdk-7-7u95-2.6.4/build/openjdk/hotspot/src/share/vm/prims/jvm.cpp:1322
Event: 25.764 Thread 0x00007f57a000a000 Threw 0x00000000ef346a48 at /build/openjdk-7-hGnxiC/openjdk-7-7u95-2.6.4/build/openjdk/hotspot/src/share/vm/prims/jvm.cpp:1322
Event: 25.766 Thread 0x00007f57a000a000 Threw 0x00000000ef352520 at /build/openjdk-7-hGnxiC/openjdk-7-7u95-2.6.4/build/openjdk/hotspot/src/share/vm/prims/jvm.cpp:1322
Event: 25.766 Thread 0x00007f57a000a000 Threw 0x00000000ef35a4d0 at /build/openjdk-7-hGnxiC/openjdk-7-7u95-2.6.4/build/openjdk/hotspot/src/share/vm/prims/jvm.cpp:1322
Event: 25.767 Thread 0x00007f57a000a000 Threw 0x00000000ef3617a8 at /build/openjdk-7-hGnxiC/openjdk-7-7u95-2.6.4/build/openjdk/hotspot/src/share/vm/prims/jvm.cpp:1322
Event: 31.785 Thread 0x00007f57a000a000 Implicit null exception at 0x00007f579d447754 to 0x00007f579d44a001
Event: 53.377 Thread 0x00007f57a000a000 Implicit null exception at 0x00007f579d0a6ac3 to 0x00007f579d0a6ec4

Events (10 events):
Event: 54.340 Executing VM operation: ParallelGCFailedAllocation done
Event: 55.775 Executing VM operation: ParallelGCFailedAllocation
Event: 55.835 Executing VM operation: ParallelGCFailedAllocation done
Event: 57.608 Executing VM operation: ParallelGCFailedAllocation
Event: 57.679 Executing VM operation: ParallelGCFailedAllocation done
Event: 59.290 Executing VM operation: ParallelGCFailedAllocation
Event: 59.350 Executing VM operation: ParallelGCFailedAllocation done
Event: 61.316 Executing VM operation: ParallelGCFailedAllocation
Event: 61.382 Executing VM operation: ParallelGCFailedAllocation done
Event: 63.626 Executing VM operation: ParallelGCFailedAllocation


Dynamic libraries:
00400000-00401000 r-xp 00000000 fd:01 1029604                            /usr/lib/jvm/java-7-openjdk-amd64/jre/bin/java
00600000-00601000 r--p 00000000 fd:01 1029604                            /usr/lib/jvm/java-7-openjdk-amd64/jre/bin/java
00601000-00602000 rw-p 00001000 fd:01 1029604                            /usr/lib/jvm/java-7-openjdk-amd64/jre/bin/java
016eb000-0172d000 rw-p 00000000 00:00 0                                  [heap]
b7e00000-bae80000 rw-p 00000000 00:00 0 
bae80000-c2400000 rw-p 00000000 00:00 0 
c2400000-cbc80000 rw-p 00000000 00:00 0 
cf180000-eb680000 rw-p 00000000 00:00 0 
eb680000-ff880000 rw-p 00000000 00:00 0 
ff880000-100000000 ---p 00000000 00:00 0 
7f5758000000-7f5758021000 rw-p 00000000 00:00 0 
7f5758021000-7f575c000000 ---p 00000000 00:00 0 
7f5760000000-7f5760021000 rw-p 00000000 00:00 0 
7f5760021000-7f5764000000 ---p 00000000 00:00 0 
7f5764000000-7f5764021000 rw-p 00000000 00:00 0 
7f5764021000-7f5768000000 ---p 00000000 00:00 0 
7f5768000000-7f5768021000 rw-p 00000000 00:00 0 
7f5768021000-7f576c000000 ---p 00000000 00:00 0 
7f576f1e7000-7f576f1fc000 r--s 001ec000 fd:01 1543024                    /home/ubuntu/.m2/repository/org/moeaframework/moeaframework/2.6/moeaframework-2.6.jar
7f576f1fc000-7f576f1ff000 ---p 00000000 00:00 0 
7f576f1ff000-7f576f2fd000 rw-p 00000000 00:00 0 
7f576f2fd000-7f576f312000 r--s 000dd000 fd:01 527037                     /home/ubuntu/.m2/repository/org/apache/logging/log4j/log4j-core/2.4.1/log4j-core-2.4.1.jar
7f576f325000-7f576f328000 ---p 00000000 00:00 0 
7f576f328000-7f576f426000 rw-p 00000000 00:00 0 
7f576f426000-7f576f429000 ---p 00000000 00:00 0 
7f576f429000-7f576f527000 rw-p 00000000 00:00 0 
7f576f527000-7f576f52a000 ---p 00000000 00:00 0 
7f576f52a000-7f576f628000 rw-p 00000000 00:00 0 
7f576f628000-7f576f62b000 ---p 00000000 00:00 0 
7f576f62b000-7f576f729000 rw-p 00000000 00:00 0 
7f576f729000-7f576f72c000 ---p 00000000 00:00 0 
7f576f72c000-7f576f82a000 rw-p 00000000 00:00 0 
7f576f82a000-7f576f895000 r--s 0069d000 fd:01 1536696                    /usr/lib/jvm/java-7-openjdk-amd64/lib/tools.jar
7f576f8a5000-7f576f8a7000 r--s 00018000 fd:01 1030025                    /usr/lib/jvm/java-7-openjdk-amd64/jre/lib/jce.jar
7f576f8aa000-7f576f8d6000 r--s 00208000 fd:01 1544387                    /home/ubuntu/.m2/repository/com/google/guava/guava/19.0/guava-19.0.jar
7f576f8d6000-7f576f8d7000 r--s 0000a000 fd:01 527221                     /home/ubuntu/.m2/repository/org/ow2/asm/asm-util/5.0.4/asm-util-5.0.4.jar
7f576f8d7000-7f576f8d8000 r--s 00004000 fd:01 527217                     /home/ubuntu/.m2/repository/org/ow2/asm/asm-analysis/5.0.4/asm-analysis-5.0.4.jar
7f576f8d8000-7f576f8da000 r--s 00004000 fd:01 527208                     /home/ubuntu/.m2/repository/org/vafer/jdependency/1.1/jdependency-1.1.jar
7f576f8da000-7f576f8de000 r--s 0002f000 fd:01 1544384                    /home/ubuntu/.m2/repository/commons-io/commons-io/2.5/commons-io-2.5.jar
7f576f8de000-7f576f8e2000 r--s 0001d000 fd:01 1290025                    /home/ubuntu/.m2/repository/org/eclipse/aether/aether-util/0.9.0.M2/aether-util-0.9.0.M2.jar
7f576f8e2000-7f576f8e5000 r--s 0000d000 fd:01 1544369                    /home/ubuntu/.m2/repository/org/apache/maven/shared/maven-dependency-tree/2.2/maven-dependency-tree-2.2.jar
7f576f8e5000-7f576f8e7000 r--s 00023000 fd:01 527213                     /home/ubuntu/.m2/repository/org/jdom/jdom/1.1.3/jdom-1.1.3.jar
7f576f8e7000-7f576f8e9000 r--s 00006000 fd:01 527211                     /home/ubuntu/.m2/repository/org/ow2/asm/asm-tree/5.1/asm-tree-5.1.jar
7f576f8e9000-7f576f8eb000 r--s 0000a000 fd:01 527209                     /home/ubuntu/.m2/repository/org/ow2/asm/asm-commons/5.1/asm-commons-5.1.jar
7f576f8eb000-7f576f8ed000 r--s 0000c000 fd:01 527207                     /home/ubuntu/.m2/repository/org/ow2/asm/asm/5.1/asm-5.1.jar
7f576f8ed000-7f576f8f3000 r--s 00033000 fd:01 1544378                    /home/ubuntu/.m2/repository/commons-codec/commons-codec/1.6/commons-codec-1.6.jar
7f576f8f3000-7f576f8f6000 r--s 00023000 fd:01 1544377                    /home/ubuntu/.m2/repository/org/apache/maven/shared/maven-shared-utils/3.0.0/maven-shared-utils-3.0.0.jar
7f576f8f6000-7f576f8f8000 r--s 0000c000 fd:01 1544367                    /home/ubuntu/.m2/repository/org/apache/maven/shared/maven-common-artifact-filters/3.0.0/maven-common-artifact-filters-3.0.0.jar
7f576f8f8000-7f576f8fd000 r--s 0001a000 fd:01 1544374                    /home/ubuntu/.m2/repository/org/apache/maven/shared/maven-artifact-transfer/0.9.0/maven-artifact-transfer-0.9.0.jar
7f576f8fd000-7f576f901000 r--s 00039000 fd:01 1290393                    /home/ubuntu/.m2/repository/org/codehaus/plexus/plexus-utils/3.0.24/plexus-utils-3.0.24.jar
7f576f901000-7f576f903000 r--s 00002000 fd:01 1543128                    /home/ubuntu/.m2/repository/org/sonatype/plexus/plexus-cipher/1.4/plexus-cipher-1.4.jar
7f576f903000-7f576f904000 r--s 00006000 fd:01 1543125                    /home/ubuntu/.m2/repository/org/sonatype/plexus/plexus-sec-dispatcher/1.3/plexus-sec-dispatcher-1.3.jar
7f576f904000-7f576f906000 r--s 00000000 fd:01 1544368                    /home/ubuntu/.m2/repository/org/codehaus/plexus/plexus-component-annotations/1.6/plexus-component-annotations-1.6.jar
7f576f906000-7f576f908000 r--s 0000d000 fd:01 1544357                    /home/ubuntu/.m2/repository/org/codehaus/plexus/plexus-interpolation/1.14/plexus-interpolation-1.14.jar
7f576f908000-7f576f90c000 r--s 00017000 fd:01 1290397                    /home/ubuntu/.m2/repository/org/sonatype/aether/aether-util/1.7/aether-util-1.7.jar
7f576f90c000-7f576f917000 r--s 00069000 fd:01 1290388                    /home/ubuntu/.m2/repository/org/sonatype/sisu/sisu-guice/2.1.7/sisu-guice-2.1.7-noaop.jar
7f576f917000-7f576f91c000 r--s 00021000 fd:01 1290386                    /home/ubuntu/.m2/repository/org/sonatype/sisu/sisu-inject-bean/1.4.2/sisu-inject-bean-1.4.2.jar
7f576f91c000-7f576f91f000 r--s 00019000 fd:01 526382                     /home/ubuntu/.m2/repository/org/apache/maven/plugins/maven-shade-plugin/3.0.0/maven-shade-plugin-3.0.0.jar
7f576f91f000-7f576f923000 r--s 00034000 fd:01 1290003                    /home/ubuntu/.m2/repository/org/codehaus/plexus/plexus-utils/3.0/plexus-utils-3.0.jar
7f576f923000-7f576f927000 r--s 0002f000 fd:01 1541322                    /home/ubuntu/.m2/repository/commons-lang/commons-lang/2.1/commons-lang-2.1.jar
7f576f927000-7f576f92a000 r--s 0000c000 fd:01 1541320                    /home/ubuntu/.m2/repository/org/codehaus/plexus/plexus-io/2.0.2/plexus-io-2.0.2.jar
7f576f92a000-7f576f92f000 r--s 00029000 fd:01 1541316                    /home/ubuntu/.m2/repository/org/codehaus/plexus/plexus-archiver/2.1/plexus-archiver-2.1.jar
7f576f92f000-7f576f931000 r--s 0000d000 fd:01 1541318                    /home/ubuntu/.m2/repository/org/codehaus/plexus/plexus-interpolation/1.15/plexus-interpolation-1.15.jar
7f576f931000-7f576f933000 r--s 00004000 fd:01 1541314                    /home/ubuntu/.m2/repository/org/apache/maven/maven-archiver/2.5/maven-archiver-2.5.jar
7f576f933000-7f576f935000 r--s 00007000 fd:01 1540081                    /home/ubuntu/.m2/repository/org/apache/maven/plugins/maven-jar-plugin/2.4/maven-jar-plugin-2.4.jar
7f576f935000-7f576f938000 ---p 00000000 00:00 0 
7f576f938000-7f576f96e000 rw-p 00000000 00:00 0 
7f576f96e000-7f576f971000 ---p 00000000 00:00 0 
7f576f971000-7f576fa6f000 rw-p 00000000 00:00 0 
7f576fa6f000-7f576fa71000 r--s 00002000 fd:01 1541288                    /home/ubuntu/.m2/repository/org/apache/maven/plugin-tools/maven-plugin-annotations/3.1/maven-plugin-annotations-3.1.jar
7f576fa71000-7f576fa72000 r--s 00002000 fd:01 1541283                    /home/ubuntu/.m2/repository/org/apache/maven/reporting/maven-reporting-api/2.0.9/maven-reporting-api-2.0.9.jar
7f576fa72000-7f576fa76000 r--s 00035000 fd:01 1541282                    /home/ubuntu/.m2/repository/org/codehaus/plexus/plexus-utils/3.0.8/plexus-utils-3.0.8.jar
7f576fa76000-7f576fa7c000 r--s 00048000 fd:01 1030697                    /home/ubuntu/.m2/repository/org/apache/commons/commons-lang3/3.1/commons-lang3-3.1.jar
7f576fa7c000-7f576fa81000 r--s 0003c000 fd:01 1541275                    /home/ubuntu/.m2/repository/org/apache/maven/surefire/maven-surefire-common/2.12.4/maven-surefire-common-2.12.4.jar
7f576fa81000-7f576fa8f000 r--s 0008f000 fd:01 1541216                    /home/ubuntu/.m2/repository/com/google/collections/google-collections/1.0/google-collections-1.0.jar
7f576fa8f000-7f576fd90000 rw-p 00000000 00:00 0 
7f576fd90000-7f576fdfe000 r-xp 00000000 fd:01 2141                       /lib/x86_64-linux-gnu/libpcre.so.3.13.2
7f576fdfe000-7f576fffe000 ---p 0006e000 fd:01 2141                       /lib/x86_64-linux-gnu/libpcre.so.3.13.2
7f576fffe000-7f576ffff000 r--p 0006e000 fd:01 2141                       /lib/x86_64-linux-gnu/libpcre.so.3.13.2
7f576ffff000-7f5770000000 rw-p 0006f000 fd:01 2141                       /lib/x86_64-linux-gnu/libpcre.so.3.13.2
7f5770000000-7f5770021000 rw-p 00000000 00:00 0 
7f5770021000-7f5774000000 ---p 00000000 00:00 0 
7f5774000000-7f5774021000 rw-p 00000000 00:00 0 
7f5774021000-7f5778000000 ---p 00000000 00:00 0 
7f5778000000-7f5779ed8000 rw-p 00000000 00:00 0 
7f5779ed8000-7f577c000000 ---p 00000000 00:00 0 
7f577c000000-7f577d31f000 rw-p 00000000 00:00 0 
7f577d31f000-7f5780000000 ---p 00000000 00:00 0 
7f5780000000-7f5780021000 rw-p 00000000 00:00 0 
7f5780021000-7f5784000000 ---p 00000000 00:00 0 
7f5784000000-7f5784021000 rw-p 00000000 00:00 0 
7f5784021000-7f5788000000 ---p 00000000 00:00 0 
7f5788000000-7f5788050000 rw-p 00000000 00:00 0 
7f5788050000-7f578c000000 ---p 00000000 00:00 0 
7f578c000000-7f578c021000 rw-p 00000000 00:00 0 
7f578c021000-7f5790000000 ---p 00000000 00:00 0 
7f5790000000-7f579005e000 rw-p 00000000 00:00 0 
7f579005e000-7f5794000000 ---p 00000000 00:00 0 
7f5794000000-7f5794002000 r--s 00006000 fd:01 1541279                    /home/ubuntu/.m2/repository/org/apache/maven/shared/maven-common-artifact-filters/1.3/maven-common-artifact-filters-1.3.jar
7f5794002000-7f5794006000 r--s 00019000 fd:01 1541277                    /home/ubuntu/.m2/repository/org/apache/maven/surefire/surefire-api/2.12.4/surefire-api-2.12.4.jar
7f5794006000-7f5794008000 r--s 00007000 fd:01 1541273                    /home/ubuntu/.m2/repository/org/apache/maven/surefire/surefire-booter/2.12.4/surefire-booter-2.12.4.jar
7f5794008000-7f5794009000 r--s 00007000 fd:01 1540074                    /home/ubuntu/.m2/repository/org/apache/maven/plugins/maven-surefire-plugin/2.12.4/maven-surefire-plugin-2.12.4.jar
7f5794009000-7f579400c000 r--s 0001b000 fd:01 776012                     /home/ubuntu/.m2/repository/junit/junit/3.8.2/junit-3.8.2.jar
7f579400c000-7f579400d000 r--s 0000a000 fd:01 1541213                    /home/ubuntu/.m2/repository/commons-logging/commons-logging-api/1.1/commons-logging-api-1.1.jar
7f579400d000-7f5794014000 r--s 00051000 fd:01 1541192                    /home/ubuntu/.m2/repository/log4j/log4j/1.2.12/log4j-1.2.12.jar
7f5794014000-7f5794018000 r--s 0001d000 fd:01 776009                     /home/ubuntu/.m2/repository/org/apache/xbean/xbean-reflect/3.4/xbean-reflect-3.4.jar
7f5794018000-7f5794019000 r--s 00004000 fd:01 1541205                    /home/ubuntu/.m2/repository/org/codehaus/plexus/plexus-compiler-javac/2.2/plexus-compiler-javac-2.2.jar
7f5794019000-7f579401b000 r--s 00000000 fd:01 1541203                    /home/ubuntu/.m2/repository/org/codehaus/plexus/plexus-compiler-manager/2.2/plexus-compiler-manager-2.2.jar
7f579401b000-7f579401d000 r--s 00005000 fd:01 1541204                    /home/ubuntu/.m2/repository/org/codehaus/plexus/plexus-compiler-api/2.2/plexus-compiler-api-2.2.jar
7f579401d000-7f579401f000 r--s 00000000 fd:01 1540969                    /home/ubuntu/.m2/repository/org/codehaus/plexus/plexus-component-annotations/1.5.5/plexus-component-annotations-1.5.5.jar
7f579401f000-7f5794021000 r--s 00002000 fd:01 1541199                    /home/ubuntu/.m2/repository/org/apache/maven/shared/maven-shared-incremental/1.1/maven-shared-incremental-1.1.jar
7f5794021000-7f5794023000 r--s 00006000 fd:01 1541195                    /home/ubuntu/.m2/repository/com/google/code/findbugs/jsr305/2.0.1/jsr305-2.0.1.jar
7f5794023000-7f5794026000 r--s 00023000 fd:01 1541197                    /home/ubuntu/.m2/repository/org/apache/maven/shared/maven-shared-utils/0.1/maven-shared-utils-0.1.jar
7f5794026000-7f579402a000 r--s 00030000 fd:01 1541191                    /home/ubuntu/.m2/repository/org/codehaus/plexus/plexus-utils/1.5.1/plexus-utils-1.5.1.jar
7f579402a000-7f579402c000 r--s 00009000 fd:01 1540061                    /home/ubuntu/.m2/repository/org/apache/maven/plugins/maven-compiler-plugin/3.1/maven-compiler-plugin-3.1.jar
7f579402c000-7f579402e000 r--s 0000d000 fd:01 1541061                    /home/ubuntu/.m2/repository/org/codehaus/plexus/plexus-interpolation/1.13/plexus-interpolation-1.13.jar
7f579402e000-7f5794030000 r--s 00009000 fd:01 1541055                    /home/ubuntu/.m2/repository/org/apache/maven/shared/maven-filtering/1.1/maven-filtering-1.1.jar
7f5794030000-7f5794034000 r--s 00033000 fd:01 1541046                    /home/ubuntu/.m2/repository/org/codehaus/plexus/plexus-utils/2.0.5/plexus-utils-2.0.5.jar
7f5794034000-7f5794037000 r--s 0001b000 fd:01 775968                     /home/ubuntu/.m2/repository/junit/junit/3.8.1/junit-3.8.1.jar
7f5794037000-7f5794039000 r--s 00002000 fd:01 1540908                    /home/ubuntu/.m2/repository/org/codehaus/plexus/plexus-interactivity-api/1.0-alpha-4/plexus-interactivity-api-1.0-alpha-4.jar
7f5794039000-7f579403b000 r--s 00006000 fd:01 1540905                    /home/ubuntu/.m2/repository/commons-cli/commons-cli/1.0/commons-cli-1.0.jar
7f579403b000-7f5794042000 r-xp 00000000 fd:01 25752                      /usr/lib/x86_64-linux-gnu/libffi.so.6.0.4
7f5794042000-7f5794241000 ---p 00007000 fd:01 25752                      /usr/lib/x86_64-linux-gnu/libffi.so.6.0.4
7f5794241000-7f5794242000 r--p 00006000 fd:01 25752                      /usr/lib/x86_64-linux-gnu/libffi.so.6.0.4
7f5794242000-7f5794243000 rw-p 00007000 fd:01 25752                      /usr/lib/x86_64-linux-gnu/libffi.so.6.0.4
7f5794243000-7f579425a000 r-xp 00000000 fd:01 3284                       /lib/x86_64-linux-gnu/libresolv-2.23.so
7f579425a000-7f579445a000 ---p 00017000 fd:01 3284                       /lib/x86_64-linux-gnu/libresolv-2.23.so
7f579445a000-7f579445b000 r--p 00017000 fd:01 3284                       /lib/x86_64-linux-gnu/libresolv-2.23.so
7f579445b000-7f579445c000 rw-p 00018000 fd:01 3284                       /lib/x86_64-linux-gnu/libresolv-2.23.so
7f579445c000-7f579445e000 rw-p 00000000 00:00 0 
7f579445e000-7f579447d000 r-xp 00000000 fd:01 2151                       /lib/x86_64-linux-gnu/libselinux.so.1
7f579447d000-7f579467c000 ---p 0001f000 fd:01 2151                       /lib/x86_64-linux-gnu/libselinux.so.1
7f579467c000-7f579467d000 r--p 0001e000 fd:01 2151                       /lib/x86_64-linux-gnu/libselinux.so.1
7f579467d000-7f579467e000 rw-p 0001f000 fd:01 2151                       /lib/x86_64-linux-gnu/libselinux.so.1
7f579467e000-7f5794680000 rw-p 00000000 00:00 0 
7f5794680000-7f5794683000 r-xp 00000000 fd:01 25774                      /usr/lib/x86_64-linux-gnu/libgmodule-2.0.so.0.4800.2
7f5794683000-7f5794882000 ---p 00003000 fd:01 25774                      /usr/lib/x86_64-linux-gnu/libgmodule-2.0.so.0.4800.2
7f5794882000-7f5794883000 r--p 00002000 fd:01 25774                      /usr/lib/x86_64-linux-gnu/libgmodule-2.0.so.0.4800.2
7f5794883000-7f5794884000 rw-p 00003000 fd:01 25774                      /usr/lib/x86_64-linux-gnu/libgmodule-2.0.so.0.4800.2
7f5794884000-7f5794993000 r-xp 00000000 fd:01 2210                       /lib/x86_64-linux-gnu/libglib-2.0.so.0.4800.2
7f5794993000-7f5794b92000 ---p 0010f000 fd:01 2210                       /lib/x86_64-linux-gnu/libglib-2.0.so.0.4800.2
7f5794b92000-7f5794b93000 r--p 0010e000 fd:01 2210                       /lib/x86_64-linux-gnu/libglib-2.0.so.0.4800.2
7f5794b93000-7f5794b94000 rw-p 0010f000 fd:01 2210                       /lib/x86_64-linux-gnu/libglib-2.0.so.0.4800.2
7f5794b94000-7f5794b95000 rw-p 00000000 00:00 0 
7f5794b95000-7f5794be7000 r-xp 00000000 fd:01 25779                      /usr/lib/x86_64-linux-gnu/libgobject-2.0.so.0.4800.2
7f5794be7000-7f5794de6000 ---p 00052000 fd:01 25779                      /usr/lib/x86_64-linux-gnu/libgobject-2.0.so.0.4800.2
7f5794de6000-7f5794de7000 r--p 00051000 fd:01 25779                      /usr/lib/x86_64-linux-gnu/libgobject-2.0.so.0.4800.2
7f5794de7000-7f5794de8000 rw-p 00052000 fd:01 25779                      /usr/lib/x86_64-linux-gnu/libgobject-2.0.so.0.4800.2
7f5794de8000-7f5794f68000 r-xp 00000000 fd:01 25780                      /usr/lib/x86_64-linux-gnu/libgio-2.0.so.0.4800.2
7f5794f68000-7f5795168000 ---p 00180000 fd:01 25780                      /usr/lib/x86_64-linux-gnu/libgio-2.0.so.0.4800.2
7f5795168000-7f579516c000 r--p 00180000 fd:01 25780                      /usr/lib/x86_64-linux-gnu/libgio-2.0.so.0.4800.2
7f579516c000-7f579516e000 rw-p 00184000 fd:01 25780                      /usr/lib/x86_64-linux-gnu/libgio-2.0.so.0.4800.2
7f579516e000-7f5795170000 rw-p 00000000 00:00 0 
7f5795170000-7f5795171000 r--s 00001000 fd:01 1541060                    /home/ubuntu/.m2/repository/org/sonatype/plexus/plexus-build-api/0.0.4/plexus-build-api-0.0.4.jar
7f5795171000-7f5795172000 r--s 00001000 fd:01 1541045                    /home/ubuntu/.m2/repository/org/apache/maven/doxia/doxia-sink-api/1.0-alpha-7/doxia-sink-api-1.0-alpha-7.jar
7f5795172000-7f5795173000 r--s 00002000 fd:01 1541043                    /home/ubuntu/.m2/repository/org/apache/maven/reporting/maven-reporting-api/2.0.6/maven-reporting-api-2.0.6.jar
7f5795173000-7f5795175000 r--s 00006000 fd:01 1540054                    /home/ubuntu/.m2/repository/org/apache/maven/plugins/maven-resources-plugin/2.6/maven-resources-plugin-2.6.jar
7f5795175000-7f5795179000 r--s 0004f000 fd:01 1030100                    /usr/lib/jvm/java-7-openjdk-amd64/jre/lib/jsse.jar
7f5795179000-7f5795190000 r-xp 00000000 fd:01 1030041                    /usr/lib/jvm/java-7-openjdk-amd64/jre/lib/amd64/libnet.so
7f5795190000-7f5795390000 ---p 00017000 fd:01 1030041                    /usr/lib/jvm/java-7-openjdk-amd64/jre/lib/amd64/libnet.so
7f5795390000-7f5795391000 r--p 00017000 fd:01 1030041                    /usr/lib/jvm/java-7-openjdk-amd64/jre/lib/amd64/libnet.so
7f5795391000-7f5795392000 rw-p 00018000 fd:01 1030041                    /usr/lib/jvm/java-7-openjdk-amd64/jre/lib/amd64/libnet.so
7f5795392000-7f57953a3000 r-xp 00000000 fd:01 1030065                    /usr/lib/jvm/java-7-openjdk-amd64/jre/lib/amd64/libnio.so
7f57953a3000-7f57955a2000 ---p 00011000 fd:01 1030065                    /usr/lib/jvm/java-7-openjdk-amd64/jre/lib/amd64/libnio.so
7f57955a2000-7f57955a3000 r--p 00010000 fd:01 1030065                    /usr/lib/jvm/java-7-openjdk-amd64/jre/lib/amd64/libnio.so
7f57955a3000-7f57955a4000 rw-p 00011000 fd:01 1030065                    /usr/lib/jvm/java-7-openjdk-amd64/jre/lib/amd64/libnio.so
7f57955a4000-7f57955a5000 r--s 0000a000 fd:01 775793                     /usr/local/share/maven/lib/maven-settings-3.3.9.jar
7f57955a5000-7f57955a9000 r--s 00020000 fd:01 775817                     /usr/local/share/maven/lib/aether-util-1.0.2.v20150114.jar
7f57955a9000-7f57955aa000 r--s 00003000 fd:01 775799                     /usr/local/share/maven/lib/maven-builder-support-3.3.9.jar
7f57955aa000-7f57955ac000 r--s 0000f000 fd:01 775814                     /usr/local/share/maven/lib/maven-aether-provider-3.3.9.jar
7f57955ac000-7f57955b2000 r--s 00041000 fd:01 775821                     /usr/local/share/maven/lib/maven-compat-3.3.9.jar
7f57955b2000-7f57955b5000 r--s 0000d000 fd:01 775800                     /usr/local/share/maven/lib/plexus-interpolation-1.21.jar
7f57955b5000-7f57955b8000 r--s 0000b000 fd:01 775822                     /usr/local/share/maven/lib/wagon-provider-api-2.10.jar
7f57955b8000-7f57955b9000 r--s 00002000 fd:01 775826                     /usr/local/share/maven/lib/wagon-http-shared-2.10.jar
7f57955b9000-7f57955ba000 r--s 00002000 fd:01 775830                     /usr/local/share/maven/lib/wagon-file-2.10.jar
7f57955ba000-7f57955c0000 r--s 00042000 fd:01 775827                     /usr/local/share/maven/lib/jsoup-1.7.2.jar
7f57955c0000-7f57955c2000 r--s 00005000 fd:01 775823                     /usr/local/share/maven/lib/slf4j-api-1.7.5.jar
7f57955c2000-7f57955ed000 r--s 001fc000 fd:01 775813                     /usr/local/share/maven/lib/guava-18.0.jar
7f57955ed000-7f57955f1000 r--s 00038000 fd:01 775794                     /usr/local/share/maven/lib/plexus-utils-3.0.22.jar
7f57955f1000-7f57955f3000 r--s 00002000 fd:01 775803                     /usr/local/share/maven/lib/plexus-cipher-1.7.jar
7f57955f3000-7f57955f5000 r--s 00006000 fd:01 775816                     /usr/local/share/maven/lib/aether-spi-1.0.2.v20150114.jar
7f57955f5000-7f57955f6000 r--s 00002000 fd:01 775833                     /usr/local/share/maven/lib/slf4j-simple-1.7.5.jar
7f57955f6000-7f57955f9000 r--s 00008000 fd:01 775808                     /usr/local/share/maven/lib/cdi-api-1.0.jar
7f57955f9000-7f57955fa000 r--s 00006000 fd:01 775802                     /usr/local/share/maven/lib/plexus-sec-dispatcher-1.3.jar
7f57955fa000-7f57955fc000 r--s 0000c000 fd:01 775805                     /usr/local/share/maven/lib/maven-artifact-3.3.9.jar
7f57955fc000-7f57955fe000 r--s 00005000 fd:01 775832                     /usr/local/share/maven/lib/aether-transport-wagon-1.0.2.v20150114.jar
7f57955fe000-7f57955ff000 r--s 00006000 fd:01 775804                     /usr/local/share/maven/lib/maven-repository-metadata-3.3.9.jar
7f57955ff000-7f5795600000 r--s 00001000 fd:01 775809                     /usr/local/share/maven/lib/jsr250-api-1.0.jar
7f5795600000-7f5795606000 r--s 0002d000 fd:01 775807                     /usr/local/share/maven/lib/org.eclipse.sisu.plexus-0.3.2.jar
7f5795606000-7f579560e000 r--s 00055000 fd:01 775811                     /usr/local/share/maven/lib/org.eclipse.sisu.inject-0.3.2.jar
7f579560e000-7f5795615000 r--s 00064000 fd:01 775797                     /usr/local/share/maven/lib/commons-lang3-3.4.jar
7f5795615000-7f579561e000 r--s 0005f000 fd:01 775819                     /usr/local/share/maven/lib/guice-4.0-no_aop.jar
7f579561e000-7f579561f000 r--s 00008000 fd:01 775831                     /usr/local/share/maven/lib/aether-connector-basic-1.0.2.v20150114.jar
7f579561f000-7f5795623000 r--s 00027000 fd:01 775829                     /usr/local/share/maven/lib/commons-io-2.2.jar
7f5795623000-7f5795626000 r--s 00026000 fd:01 775796                     /usr/local/share/maven/lib/maven-model-3.3.9.jar
7f5795626000-7f5795654000 r--s 001fa000 fd:01 775825                     /usr/local/share/maven/lib/wagon-http-2.10-shaded.jar
7f5795654000-7f5795655000 ---p 00000000 00:00 0 
7f5795655000-7f5795755000 rw-p 00000000 00:00 0 
7f5795755000-7f5795758000 ---p 00000000 00:00 0 
7f5795758000-7f5795856000 rw-p 00000000 00:00 0 
7f5795856000-7f5795859000 ---p 00000000 00:00 0 
7f5795859000-7f5795957000 rw-p 00000000 00:00 0 
7f5795957000-7f579595a000 ---p 00000000 00:00 0 
7f579595a000-7f5795a58000 rw-p 00000000 00:00 0 
7f5795a58000-7f5795bf0000 r--p 00000000 fd:01 2039                       /usr/lib/locale/locale-archive
7f5795bf0000-7f5798000000 rw-p 00000000 00:00 0 
7f5798000000-7f5798021000 rw-p 00000000 00:00 0 
7f5798021000-7f579c000000 ---p 00000000 00:00 0 
7f579c000000-7f579c003000 r--s 00013000 fd:01 775792                     /usr/local/share/maven/lib/maven-embedder-3.3.9.jar
7f579c003000-7f579c008000 r--s 0001d000 fd:01 775815                     /usr/local/share/maven/lib/aether-api-1.0.2.v20150114.jar
7f579c008000-7f579c00a000 r--s 00009000 fd:01 775824                     /usr/local/share/maven/lib/commons-cli-1.2.jar
7f579c00a000-7f579c00f000 r--s 00027000 fd:01 775812                     /usr/local/share/maven/lib/maven-model-builder-3.3.9.jar
7f579c00f000-7f579c011000 r--s 00009000 fd:01 775798                     /usr/local/share/maven/lib/maven-settings-builder-3.3.9.jar
7f579c011000-7f579c01e000 r--s 0008f000 fd:01 775795                     /usr/local/share/maven/lib/maven-core-3.3.9.jar
7f579c01e000-7f579c020000 r--s 0000a000 fd:01 775806                     /usr/local/share/maven/lib/maven-plugin-api-3.3.9.jar
7f579c020000-7f579c023000 ---p 00000000 00:00 0 
7f579c023000-7f579c121000 rw-p 00000000 00:00 0 
7f579c121000-7f579c124000 ---p 00000000 00:00 0 
7f579c124000-7f579c222000 rw-p 00000000 00:00 0 
7f579c222000-7f579c225000 ---p 00000000 00:00 0 
7f579c225000-7f579c323000 rw-p 00000000 00:00 0 
7f579c323000-7f579c324000 ---p 00000000 00:00 0 
7f579c324000-7f579cdd9000 rw-p 00000000 00:00 0 
7f579cdd9000-7f579cf8a000 r--s 01d30000 fd:01 1030080                    /usr/lib/jvm/java-7-openjdk-amd64/jre/lib/rt.jar
7f579cf8a000-7f579d000000 rw-p 00000000 00:00 0 
7f579d000000-7f579d4a0000 rwxp 00000000 00:00 0 
7f579d4a0000-7f57a16f0000 rw-p 00000000 00:00 0 
7f57a16f0000-7f57a4000000 ---p 00000000 00:00 0 
7f57a4000000-7f57a4001000 r--s 00000000 fd:01 775810                     /usr/local/share/maven/lib/javax.inject-1.jar
7f57a4001000-7f57a4006000 r--s 00041000 fd:01 775828                     /usr/local/share/maven/lib/commons-lang-2.6.jar
7f57a4006000-7f57a4008000 r--s 00000000 fd:01 775801                     /usr/local/share/maven/lib/plexus-component-annotations-1.6.jar
7f57a4008000-7f57a400a000 r--s 00000000 fd:01 775820                     /usr/local/share/maven/lib/aopalliance-1.0.jar
7f57a400a000-7f57a400e000 r--s 00027000 fd:01 775818                     /usr/local/share/maven/lib/aether-impl-1.0.2.v20150114.jar
7f57a400e000-7f57a42d2000 rw-p 00000000 00:00 0 
7f57a42d2000-7f57a42d3000 ---p 00000000 00:00 0 
7f57a42d3000-7f57a43d3000 rw-p 00000000 00:00 0 
7f57a43d3000-7f57a43d4000 ---p 00000000 00:00 0 
7f57a43d4000-7f57a44ed000 rw-p 00000000 00:00 0 
7f57a44ed000-7f57a4527000 rw-p 00000000 00:00 0 
7f57a4527000-7f57a4574000 rw-p 00000000 00:00 0 
7f57a4574000-7f57a4671000 rw-p 00000000 00:00 0 
7f57a4671000-7f57a468a000 rw-p 00000000 00:00 0 
7f57a468a000-7f57a46c4000 rw-p 00000000 00:00 0 
7f57a46c4000-7f57a4711000 rw-p 00000000 00:00 0 
7f57a4711000-7f57a480d000 rw-p 00000000 00:00 0 
7f57a480d000-7f57a48af000 rw-p 00000000 00:00 0 
7f57a48af000-7f57a48b2000 ---p 00000000 00:00 0 
7f57a48b2000-7f57a48b3000 rw-p 00000000 00:00 0 
7f57a48b3000-7f57a48bb000 r-xp 00000000 fd:01 1030047                    /usr/lib/jvm/java-7-openjdk-amd64/jre/lib/amd64/libzip.so
7f57a48bb000-7f57a4aba000 ---p 00008000 fd:01 1030047                    /usr/lib/jvm/java-7-openjdk-amd64/jre/lib/amd64/libzip.so
7f57a4aba000-7f57a4abb000 r--p 00007000 fd:01 1030047                    /usr/lib/jvm/java-7-openjdk-amd64/jre/lib/amd64/libzip.so
7f57a4abb000-7f57a4abc000 rw-p 00008000 fd:01 1030047                    /usr/lib/jvm/java-7-openjdk-amd64/jre/lib/amd64/libzip.so
7f57a4abc000-7f57a4ac7000 r-xp 00000000 fd:01 3154                       /lib/x86_64-linux-gnu/libnss_files-2.23.so
7f57a4ac7000-7f57a4cc6000 ---p 0000b000 fd:01 3154                       /lib/x86_64-linux-gnu/libnss_files-2.23.so
7f57a4cc6000-7f57a4cc7000 r--p 0000a000 fd:01 3154                       /lib/x86_64-linux-gnu/libnss_files-2.23.so
7f57a4cc7000-7f57a4cc8000 rw-p 0000b000 fd:01 3154                       /lib/x86_64-linux-gnu/libnss_files-2.23.so
7f57a4cc8000-7f57a4cce000 rw-p 00000000 00:00 0 
7f57a4cce000-7f57a4cd9000 r-xp 00000000 fd:01 3275                       /lib/x86_64-linux-gnu/libnss_nis-2.23.so
7f57a4cd9000-7f57a4ed8000 ---p 0000b000 fd:01 3275                       /lib/x86_64-linux-gnu/libnss_nis-2.23.so
7f57a4ed8000-7f57a4ed9000 r--p 0000a000 fd:01 3275                       /lib/x86_64-linux-gnu/libnss_nis-2.23.so
7f57a4ed9000-7f57a4eda000 rw-p 0000b000 fd:01 3275                       /lib/x86_64-linux-gnu/libnss_nis-2.23.so
7f57a4eda000-7f57a4ef0000 r-xp 00000000 fd:01 3110                       /lib/x86_64-linux-gnu/libnsl-2.23.so
7f57a4ef0000-7f57a50ef000 ---p 00016000 fd:01 3110                       /lib/x86_64-linux-gnu/libnsl-2.23.so
7f57a50ef000-7f57a50f0000 r--p 00015000 fd:01 3110                       /lib/x86_64-linux-gnu/libnsl-2.23.so
7f57a50f0000-7f57a50f1000 rw-p 00016000 fd:01 3110                       /lib/x86_64-linux-gnu/libnsl-2.23.so
7f57a50f1000-7f57a50f3000 rw-p 00000000 00:00 0 
7f57a50f3000-7f57a50fb000 r-xp 00000000 fd:01 3282                       /lib/x86_64-linux-gnu/libnss_compat-2.23.so
7f57a50fb000-7f57a52fa000 ---p 00008000 fd:01 3282                       /lib/x86_64-linux-gnu/libnss_compat-2.23.so
7f57a52fa000-7f57a52fb000 r--p 00007000 fd:01 3282                       /lib/x86_64-linux-gnu/libnss_compat-2.23.so
7f57a52fb000-7f57a52fc000 rw-p 00008000 fd:01 3282                       /lib/x86_64-linux-gnu/libnss_compat-2.23.so
7f57a52fc000-7f57a5328000 r-xp 00000000 fd:01 1030032                    /usr/lib/jvm/java-7-openjdk-amd64/jre/lib/amd64/libjava.so
7f57a5328000-7f57a5527000 ---p 0002c000 fd:01 1030032                    /usr/lib/jvm/java-7-openjdk-amd64/jre/lib/amd64/libjava.so
7f57a5527000-7f57a5528000 r--p 0002b000 fd:01 1030032                    /usr/lib/jvm/java-7-openjdk-amd64/jre/lib/amd64/libjava.so
7f57a5528000-7f57a552a000 rw-p 0002c000 fd:01 1030032                    /usr/lib/jvm/java-7-openjdk-amd64/jre/lib/amd64/libjava.so
7f57a552a000-7f57a5539000 r-xp 00000000 fd:01 1030033                    /usr/lib/jvm/java-7-openjdk-amd64/jre/lib/amd64/libverify.so
7f57a5539000-7f57a5738000 ---p 0000f000 fd:01 1030033                    /usr/lib/jvm/java-7-openjdk-amd64/jre/lib/amd64/libverify.so
7f57a5738000-7f57a573a000 r--p 0000e000 fd:01 1030033                    /usr/lib/jvm/java-7-openjdk-amd64/jre/lib/amd64/libverify.so
7f57a573a000-7f57a573b000 rw-p 00010000 fd:01 1030033                    /usr/lib/jvm/java-7-openjdk-amd64/jre/lib/amd64/libverify.so
7f57a573b000-7f57a5742000 r-xp 00000000 fd:01 3278                       /lib/x86_64-linux-gnu/librt-2.23.so
7f57a5742000-7f57a5941000 ---p 00007000 fd:01 3278                       /lib/x86_64-linux-gnu/librt-2.23.so
7f57a5941000-7f57a5942000 r--p 00006000 fd:01 3278                       /lib/x86_64-linux-gnu/librt-2.23.so
7f57a5942000-7f57a5943000 rw-p 00007000 fd:01 3278                       /lib/x86_64-linux-gnu/librt-2.23.so
7f57a5943000-7f57a5959000 r-xp 00000000 fd:01 2035                       /lib/x86_64-linux-gnu/libgcc_s.so.1
7f57a5959000-7f57a5b58000 ---p 00016000 fd:01 2035                       /lib/x86_64-linux-gnu/libgcc_s.so.1
7f57a5b58000-7f57a5b59000 rw-p 00015000 fd:01 2035                       /lib/x86_64-linux-gnu/libgcc_s.so.1
7f57a5b59000-7f57a5c61000 r-xp 00000000 fd:01 3287                       /lib/x86_64-linux-gnu/libm-2.23.so
7f57a5c61000-7f57a5e60000 ---p 00108000 fd:01 3287                       /lib/x86_64-linux-gnu/libm-2.23.so
7f57a5e60000-7f57a5e61000 r--p 00107000 fd:01 3287                       /lib/x86_64-linux-gnu/libm-2.23.so
7f57a5e61000-7f57a5e62000 rw-p 00108000 fd:01 3287                       /lib/x86_64-linux-gnu/libm-2.23.so
7f57a5e62000-7f57a5fd4000 r-xp 00000000 fd:01 25730                      /usr/lib/x86_64-linux-gnu/libstdc++.so.6.0.21
7f57a5fd4000-7f57a61d4000 ---p 00172000 fd:01 25730                      /usr/lib/x86_64-linux-gnu/libstdc++.so.6.0.21
7f57a61d4000-7f57a61de000 r--p 00172000 fd:01 25730                      /usr/lib/x86_64-linux-gnu/libstdc++.so.6.0.21
7f57a61de000-7f57a61e0000 rw-p 0017c000 fd:01 25730                      /usr/lib/x86_64-linux-gnu/libstdc++.so.6.0.21
7f57a61e0000-7f57a61e4000 rw-p 00000000 00:00 0 
7f57a61e4000-7f57a6d34000 r-xp 00000000 fd:01 1030045                    /usr/lib/jvm/java-7-openjdk-amd64/jre/lib/amd64/server/libjvm.so
7f57a6d34000-7f57a6f33000 ---p 00b50000 fd:01 1030045                    /usr/lib/jvm/java-7-openjdk-amd64/jre/lib/amd64/server/libjvm.so
7f57a6f33000-7f57a6fc4000 r--p 00b4f000 fd:01 1030045                    /usr/lib/jvm/java-7-openjdk-amd64/jre/lib/amd64/server/libjvm.so
7f57a6fc4000-7f57a6fe7000 rw-p 00be0000 fd:01 1030045                    /usr/lib/jvm/java-7-openjdk-amd64/jre/lib/amd64/server/libjvm.so
7f57a6fe7000-7f57a7012000 rw-p 00000000 00:00 0 
7f57a7012000-7f57a702b000 r-xp 00000000 fd:01 2184                       /lib/x86_64-linux-gnu/libz.so.1.2.8
7f57a702b000-7f57a722a000 ---p 00019000 fd:01 2184                       /lib/x86_64-linux-gnu/libz.so.1.2.8
7f57a722a000-7f57a722b000 r--p 00018000 fd:01 2184                       /lib/x86_64-linux-gnu/libz.so.1.2.8
7f57a722b000-7f57a722c000 rw-p 00019000 fd:01 2184                       /lib/x86_64-linux-gnu/libz.so.1.2.8
7f57a722c000-7f57a7244000 r-xp 00000000 fd:01 3259                       /lib/x86_64-linux-gnu/libpthread-2.23.so
7f57a7244000-7f57a7443000 ---p 00018000 fd:01 3259                       /lib/x86_64-linux-gnu/libpthread-2.23.so
7f57a7443000-7f57a7444000 r--p 00017000 fd:01 3259                       /lib/x86_64-linux-gnu/libpthread-2.23.so
7f57a7444000-7f57a7445000 rw-p 00018000 fd:01 3259                       /lib/x86_64-linux-gnu/libpthread-2.23.so
7f57a7445000-7f57a7449000 rw-p 00000000 00:00 0 
7f57a7449000-7f57a744c000 r-xp 00000000 fd:01 3281                       /lib/x86_64-linux-gnu/libdl-2.23.so
7f57a744c000-7f57a764b000 ---p 00003000 fd:01 3281                       /lib/x86_64-linux-gnu/libdl-2.23.so
7f57a764b000-7f57a764c000 r--p 00002000 fd:01 3281                       /lib/x86_64-linux-gnu/libdl-2.23.so
7f57a764c000-7f57a764d000 rw-p 00003000 fd:01 3281                       /lib/x86_64-linux-gnu/libdl-2.23.so
7f57a764d000-7f57a780d000 r-xp 00000000 fd:01 3292                       /lib/x86_64-linux-gnu/libc-2.23.so
7f57a780d000-7f57a7a0d000 ---p 001c0000 fd:01 3292                       /lib/x86_64-linux-gnu/libc-2.23.so
7f57a7a0d000-7f57a7a11000 r--p 001c0000 fd:01 3292                       /lib/x86_64-linux-gnu/libc-2.23.so
7f57a7a11000-7f57a7a13000 rw-p 001c4000 fd:01 3292                       /lib/x86_64-linux-gnu/libc-2.23.so
7f57a7a13000-7f57a7a17000 rw-p 00000000 00:00 0 
7f57a7a17000-7f57a7a24000 r-xp 00000000 fd:01 1030062                    /usr/lib/jvm/java-7-openjdk-amd64/jre/lib/amd64/jli/libjli.so
7f57a7a24000-7f57a7c23000 ---p 0000d000 fd:01 1030062                    /usr/lib/jvm/java-7-openjdk-amd64/jre/lib/amd64/jli/libjli.so
7f57a7c23000-7f57a7c24000 r--p 0000c000 fd:01 1030062                    /usr/lib/jvm/java-7-openjdk-amd64/jre/lib/amd64/jli/libjli.so
7f57a7c24000-7f57a7c25000 rw-p 0000d000 fd:01 1030062                    /usr/lib/jvm/java-7-openjdk-amd64/jre/lib/amd64/jli/libjli.so
7f57a7c25000-7f57a7c4b000 r-xp 00000000 fd:01 3116                       /lib/x86_64-linux-gnu/ld-2.23.so
7f57a7c4b000-7f57a7c4f000 r--s 00085000 fd:01 1030097                    /usr/lib/jvm/java-7-openjdk-amd64/jre/lib/ext/localedata.jar
7f57a7c4f000-7f57a7c53000 r--s 0003c000 fd:01 1030098                    /usr/lib/jvm/java-7-openjdk-amd64/jre/lib/ext/sunpkcs11.jar
7f57a7c53000-7f57a7c56000 r--s 0000f000 fd:01 1030096                    /usr/lib/jvm/java-7-openjdk-amd64/jre/lib/ext/icedtea-sound.jar
7f57a7c56000-7f57a7c5a000 r--s 00034000 fd:01 1030095                    /usr/lib/jvm/java-7-openjdk-amd64/jre/lib/ext/sunjce_provider.jar
7f57a7c5a000-7f57a7c84000 rw-p 00000000 00:00 0 
7f57a7c84000-7f57a7d31000 rw-p 00000000 00:00 0 
7f57a7d31000-7f57a7d39000 rw-s 00000000 fd:01 2565597                    /tmp/hsperfdata_ubuntu/28117
7f57a7d39000-7f57a7d3c000 ---p 00000000 00:00 0 
7f57a7d3c000-7f57a7e3f000 rw-p 00000000 00:00 0 
7f57a7e3f000-7f57a7e41000 r--s 0000b000 fd:01 525701                     /usr/local/share/maven/boot/plexus-classworlds-2.5.2.jar
7f57a7e41000-7f57a7e42000 r--s 00002000 fd:01 1030093                    /usr/lib/jvm/java-7-openjdk-amd64/jre/lib/ext/dnsns.jar
7f57a7e42000-7f57a7e44000 r--s 00007000 fd:01 22986                      /usr/share/java/java-atk-wrapper.jar
7f57a7e44000-7f57a7e46000 r--s 00012000 fd:01 1030094                    /usr/lib/jvm/java-7-openjdk-amd64/jre/lib/ext/zipfs.jar
7f57a7e46000-7f57a7e47000 rw-p 00000000 00:00 0 
7f57a7e47000-7f57a7e48000 ---p 00000000 00:00 0 
7f57a7e48000-7f57a7e4a000 rw-p 00000000 00:00 0 
7f57a7e4a000-7f57a7e4b000 r--p 00025000 fd:01 3116                       /lib/x86_64-linux-gnu/ld-2.23.so
7f57a7e4b000-7f57a7e4c000 rw-p 00026000 fd:01 3116                       /lib/x86_64-linux-gnu/ld-2.23.so
7f57a7e4c000-7f57a7e4d000 rw-p 00000000 00:00 0 
7ffd41928000-7ffd41949000 rw-p 00000000 00:00 0                          [stack]
7ffd4196b000-7ffd4196d000 r--p 00000000 00:00 0                          [vvar]
7ffd4196d000-7ffd4196f000 r-xp 00000000 00:00 0                          [vdso]
ffffffffff600000-ffffffffff601000 r-xp 00000000 00:00 0                  [vsyscall]

VM Arguments:
jvm_args: -Dclassworlds.conf=/usr/local/share/maven/bin/m2.conf -Dmaven.home=/usr/local/share/maven -Dmaven.multiModuleProjectDirectory=/home/ubuntu/TestStochasticModel_V9 
java_command: org.codehaus.plexus.classworlds.launcher.Launcher package
Launcher Type: SUN_STANDARD

Environment Variables:
JAVA_HOME=/usr/lib/jvm/java-1.7.0-openjdk-amd64
PATH=/home/ubuntu/bin:/home/ubuntu/.local/bin:/usr/local/share/hive/bin:/usr/local/share/maven/bin:/usr/local/sbin:/usr/local/bin:/usr/sbin:/usr/bin:/sbin:/bin:/usr/games:/usr/local/games:/snap/bin:/usr/local/share/hadoop/bin:/usr/local/share/hadoop/bin:/usr/local/share/hadoop/sbin:/usr/local/share/maven/bin:/usr/local/share/hive/bin
SHELL=/bin/bash

Signal Handlers:
SIGSEGV: [libjvm.so+0x994310], sa_mask[0]=0x7ffbfeff, sa_flags=0x10000004
SIGBUS: [libjvm.so+0x994310], sa_mask[0]=0x7ffbfeff, sa_flags=0x10000004
SIGFPE: [libjvm.so+0x7fb870], sa_mask[0]=0x7ffbfeff, sa_flags=0x10000004
SIGPIPE: [libjvm.so+0x7fb870], sa_mask[0]=0x7ffbfeff, sa_flags=0x10000004
SIGXFSZ: [libjvm.so+0x7fb870], sa_mask[0]=0x7ffbfeff, sa_flags=0x10000004
SIGILL: [libjvm.so+0x7fb870], sa_mask[0]=0x7ffbfeff, sa_flags=0x10000004
SIGUSR1: SIG_DFL, sa_mask[0]=0x00000000, sa_flags=0x00000000
SIGUSR2: [libjvm.so+0x7fb6f0], sa_mask[0]=0x00000000, sa_flags=0x10000004
SIGHUP: [libjvm.so+0x7fb880], sa_mask[0]=0x7ffbfeff, sa_flags=0x10000004
SIGINT: [libjvm.so+0x7fb880], sa_mask[0]=0x7ffbfeff, sa_flags=0x10000004
SIGTERM: [libjvm.so+0x7fb880], sa_mask[0]=0x7ffbfeff, sa_flags=0x10000004
SIGQUIT: [libjvm.so+0x7fb880], sa_mask[0]=0x7ffbfeff, sa_flags=0x10000004
SIGTRAP: SIG_DFL, sa_mask[0]=0x00000000, sa_flags=0x00000000


---------------  S Y S T E M  ---------------

OS:Ubuntu 16.04 (xenial)
uname:Linux 4.4.0-91-generic #114-Ubuntu SMP Tue Aug 8 11:56:56 UTC 2017 x86_64
libc:glibc 2.23 NPTL 2.23 
rlimit: STACK 8192k, CORE 0k, NPROC 15736, NOFILE 65536, AS infinity
load average:1.14 0.49 0.23

/proc/meminfo:
MemTotal:        4046520 kB
MemFree:          111836 kB
MemAvailable:      17140 kB
Buffers:            1876 kB
Cached:           217028 kB
SwapCached:            0 kB
Active:          3791364 kB
Inactive:          59792 kB
Active(anon):    3774560 kB
Inactive(anon):    43764 kB
Active(file):      16804 kB
Inactive(file):    16028 kB
Unevictable:        3660 kB
Mlocked:            3660 kB
SwapTotal:             0 kB
SwapFree:              0 kB
Dirty:              2144 kB
Writeback:             0 kB
AnonPages:       3636092 kB
Mapped:           101556 kB
Shmem:            183432 kB
Slab:              38068 kB
SReclaimable:      19192 kB
SUnreclaim:        18876 kB
KernelStack:        9952 kB
PageTables:        14908 kB
NFS_Unstable:          0 kB
Bounce:                0 kB
WritebackTmp:          0 kB
CommitLimit:     2023260 kB
Committed_AS:    3461040 kB
VmallocTotal:   34359738367 kB
VmallocUsed:           0 kB
VmallocChunk:          0 kB
HardwareCorrupted:     0 kB
AnonHugePages:   3350528 kB
CmaTotal:              0 kB
CmaFree:               0 kB
HugePages_Total:       0
HugePages_Free:        0
HugePages_Rsvd:        0
HugePages_Surp:        0
Hugepagesize:       2048 kB
DirectMap4k:       53224 kB
DirectMap2M:     3092480 kB
DirectMap1G:     3145728 kB


CPU:total 2 (1 cores per cpu, 1 threads per core) family 6 model 42 stepping 1, cmov, cx8, fxsr, mmx, sse, sse2, sse3, ssse3, sse4.1, sse4.2, popcnt, avx, aes, erms, tsc

/proc/cpuinfo:
processor	: 0
vendor_id	: GenuineIntel
cpu family	: 6
model		: 42
model name	: Intel Xeon E312xx (Sandy Bridge)
stepping	: 1
microcode	: 0x1
cpu MHz		: 2099.998
cache size	: 4096 KB
physical id	: 0
siblings	: 1
core id		: 0
cpu cores	: 1
apicid		: 0
initial apicid	: 0
fpu		: yes
fpu_exception	: yes
cpuid level	: 13
wp		: yes
flags		: fpu vme de pse tsc msr pae mce cx8 apic sep mtrr pge mca cmov pat pse36 clflush mmx fxsr sse sse2 ss syscall nx pdpe1gb rdtscp lm constant_tsc rep_good nopl eagerfpu pni pclmulqdq ssse3 cx16 pcid sse4_1 sse4_2 x2apic popcnt tsc_deadline_timer aes xsave avx f16c rdrand hypervisor lahf_lm fsgsbase smep erms xsaveopt
bugs		:
bogomips	: 4199.99
clflush size	: 64
cache_alignment	: 64
address sizes	: 46 bits physical, 48 bits virtual
power management:

processor	: 1
vendor_id	: GenuineIntel
cpu family	: 6
model		: 42
model name	: Intel Xeon E312xx (Sandy Bridge)
stepping	: 1
microcode	: 0x1
cpu MHz		: 2099.998
cache size	: 4096 KB
physical id	: 1
siblings	: 1
core id		: 0
cpu cores	: 1
apicid		: 1
initial apicid	: 1
fpu		: yes
fpu_exception	: yes
cpuid level	: 13
wp		: yes
flags		: fpu vme de pse tsc msr pae mce cx8 apic sep mtrr pge mca cmov pat pse36 clflush mmx fxsr sse sse2 ss syscall nx pdpe1gb rdtscp lm constant_tsc rep_good nopl eagerfpu pni pclmulqdq ssse3 cx16 pcid sse4_1 sse4_2 x2apic popcnt tsc_deadline_timer aes xsave avx f16c rdrand hypervisor lahf_lm fsgsbase smep erms xsaveopt
bugs		:
bogomips	: 4199.99
clflush size	: 64
cache_alignment	: 64
address sizes	: 46 bits physical, 48 bits virtual
power management:



Memory: 4k page, physical 4046520k(111836k free), swap 0k(0k free)

vm_info: OpenJDK 64-Bit Server VM (24.95-b01) for linux-amd64 JRE (1.7.0_95-b00), built on Mar 27 2016 12:52:52 by "buildd" with gcc 5.3.1 20160323

time: Tue Aug 15 19:48:28 2017
elapsed time: 64 seconds

